{"/home/rush/Projects/pocket-vue/src/app.ts": {"path":"/home/rush/Projects/pocket-vue/src/app.ts","statementMap":{"0":{"start":{"line":8,"column":20},"end":{"line":9,"column":null}},"1":{"start":{"line":9,"column":2},"end":{"line":9,"column":null}},"2":{"start":{"line":11,"column":25},"end":{"line":103,"column":null}},"3":{"start":{"line":13,"column":14},"end":{"line":13,"column":null}},"4":{"start":{"line":14,"column":2},"end":{"line":26,"column":null}},"5":{"start":{"line":15,"column":4},"end":{"line":15,"column":null}},"6":{"start":{"line":16,"column":4},"end":{"line":16,"column":null}},"7":{"start":{"line":19,"column":4},"end":{"line":25,"column":null}},"8":{"start":{"line":20,"column":29},"end":{"line":20,"column":null}},"9":{"start":{"line":21,"column":6},"end":{"line":24,"column":null}},"10":{"start":{"line":29,"column":2},"end":{"line":29,"column":null}},"11":{"start":{"line":30,"column":2},"end":{"line":30,"column":null}},"12":{"start":{"line":31,"column":2},"end":{"line":31,"column":null}},"13":{"start":{"line":35,"column":2},"end":{"line":102,"column":null}},"14":{"start":{"line":37,"column":6},"end":{"line":42,"column":null}},"15":{"start":{"line":38,"column":8},"end":{"line":38,"column":null}},"16":{"start":{"line":39,"column":8},"end":{"line":39,"column":null}},"17":{"start":{"line":41,"column":8},"end":{"line":41,"column":null}},"18":{"start":{"line":46,"column":6},"end":{"line":46,"column":null}},"19":{"start":{"line":47,"column":6},"end":{"line":47,"column":null}},"20":{"start":{"line":51,"column":6},"end":{"line":59,"column":null}},"21":{"start":{"line":52,"column":25},"end":{"line":52,"column":null}},"22":{"start":{"line":53,"column":8},"end":{"line":53,"column":null}},"23":{"start":{"line":54,"column":8},"end":{"line":58,"column":null}},"24":{"start":{"line":55,"column":10},"end":{"line":56,"column":null}},"25":{"start":{"line":57,"column":10},"end":{"line":57,"column":null}},"26":{"start":{"line":61,"column":6},"end":{"line":61,"column":null}},"27":{"start":{"line":63,"column":6},"end":{"line":69,"column":null}},"28":{"start":{"line":64,"column":8},"end":{"line":64,"column":null}},"29":{"start":{"line":66,"column":8},"end":{"line":68,"column":null}},"30":{"start":{"line":67,"column":20},"end":{"line":67,"column":null}},"31":{"start":{"line":70,"column":6},"end":{"line":72,"column":null}},"32":{"start":{"line":71,"column":8},"end":{"line":71,"column":null}},"33":{"start":{"line":74,"column":6},"end":{"line":85,"column":null}},"34":{"start":{"line":79,"column":8},"end":{"line":84,"column":null}},"35":{"start":{"line":87,"column":6},"end":{"line":87,"column":null}},"36":{"start":{"line":87,"column":37},"end":{"line":87,"column":61}},"37":{"start":{"line":88,"column":6},"end":{"line":88,"column":null}},"38":{"start":{"line":92,"column":6},"end":{"line":92,"column":null}},"39":{"start":{"line":92,"column":36},"end":{"line":92,"column":52}},"40":{"start":{"line":96,"column":6},"end":{"line":96,"column":null}},"41":{"start":{"line":100,"column":6},"end":{"line":100,"column":null}}},"fnMap":{"0":{"name":"(anonymous_0)","decl":{"start":{"line":8,"column":20},"end":{"line":8,"column":21}},"loc":{"start":{"line":9,"column":2},"end":{"line":9,"column":null}},"line":9},"1":{"name":"(anonymous_1)","decl":{"start":{"line":11,"column":25},"end":{"line":11,"column":26}},"loc":{"start":{"line":11,"column":48},"end":{"line":103,"column":null}},"line":11},"2":{"name":"(anonymous_2)","decl":{"start":{"line":36,"column":4},"end":{"line":36,"column":14}},"loc":{"start":{"line":36,"column":45},"end":{"line":43,"column":null}},"line":36},"3":{"name":"(anonymous_3)","decl":{"start":{"line":45,"column":4},"end":{"line":45,"column":8}},"loc":{"start":{"line":45,"column":35},"end":{"line":48,"column":null}},"line":45},"4":{"name":"(anonymous_4)","decl":{"start":{"line":50,"column":4},"end":{"line":50,"column":10}},"loc":{"start":{"line":50,"column":40},"end":{"line":89,"column":null}},"line":50},"5":{"name":"(anonymous_5)","decl":{"start":{"line":67,"column":10},"end":{"line":67,"column":11}},"loc":{"start":{"line":67,"column":20},"end":{"line":67,"column":null}},"line":67},"6":{"name":"(anonymous_6)","decl":{"start":{"line":87,"column":29},"end":{"line":87,"column":30}},"loc":{"start":{"line":87,"column":37},"end":{"line":87,"column":61}},"line":87},"7":{"name":"(anonymous_7)","decl":{"start":{"line":91,"column":4},"end":{"line":91,"column":14}},"loc":{"start":{"line":91,"column":14},"end":{"line":93,"column":null}},"line":91},"8":{"name":"(anonymous_8)","decl":{"start":{"line":92,"column":25},"end":{"line":92,"column":26}},"loc":{"start":{"line":92,"column":36},"end":{"line":92,"column":52}},"line":92},"9":{"name":"(anonymous_9)","decl":{"start":{"line":95,"column":8},"end":{"line":95,"column":21}},"loc":{"start":{"line":95,"column":21},"end":{"line":97,"column":null}},"line":95},"10":{"name":"(anonymous_10)","decl":{"start":{"line":99,"column":8},"end":{"line":99,"column":16}},"loc":{"start":{"line":99,"column":16},"end":{"line":101,"column":null}},"line":99}},"branchMap":{"0":{"loc":{"start":{"line":14,"column":2},"end":{"line":26,"column":null}},"type":"if","locations":[{"start":{"line":14,"column":2},"end":{"line":26,"column":null}},{"start":{},"end":{}}],"line":14},"1":{"loc":{"start":{"line":19,"column":4},"end":{"line":25,"column":null}},"type":"if","locations":[{"start":{"line":19,"column":4},"end":{"line":25,"column":null}},{"start":{},"end":{}}],"line":19},"2":{"loc":{"start":{"line":37,"column":6},"end":{"line":42,"column":null}},"type":"if","locations":[{"start":{"line":37,"column":6},"end":{"line":42,"column":null}},{"start":{"line":40,"column":13},"end":{"line":42,"column":null}}],"line":37},"3":{"loc":{"start":{"line":45,"column":21},"end":{"line":45,"column":35}},"type":"default-arg","locations":[{"start":{"line":45,"column":31},"end":{"line":45,"column":35}}],"line":45},"4":{"loc":{"start":{"line":51,"column":6},"end":{"line":59,"column":null}},"type":"if","locations":[{"start":{"line":51,"column":6},"end":{"line":59,"column":null}},{"start":{},"end":{}}],"line":51},"5":{"loc":{"start":{"line":54,"column":8},"end":{"line":58,"column":null}},"type":"if","locations":[{"start":{"line":54,"column":8},"end":{"line":58,"column":null}},{"start":{},"end":{}}],"line":54},"6":{"loc":{"start":{"line":55,"column":10},"end":{"line":56,"column":null}},"type":"binary-expr","locations":[{"start":{"line":55,"column":10},"end":{"line":55,"column":null}},{"start":{"line":56,"column":12},"end":{"line":56,"column":null}}],"line":55},"7":{"loc":{"start":{"line":61,"column":11},"end":{"line":61,"column":null}},"type":"binary-expr","locations":[{"start":{"line":61,"column":11},"end":{"line":61,"column":17}},{"start":{"line":61,"column":17},"end":{"line":61,"column":null}}],"line":61},"8":{"loc":{"start":{"line":63,"column":6},"end":{"line":69,"column":null}},"type":"if","locations":[{"start":{"line":63,"column":6},"end":{"line":69,"column":null}},{"start":{"line":65,"column":13},"end":{"line":69,"column":null}}],"line":63},"9":{"loc":{"start":{"line":70,"column":6},"end":{"line":72,"column":null}},"type":"if","locations":[{"start":{"line":70,"column":6},"end":{"line":72,"column":null}},{"start":{},"end":{}}],"line":70},"10":{"loc":{"start":{"line":74,"column":6},"end":{"line":85,"column":null}},"type":"if","locations":[{"start":{"line":74,"column":6},"end":{"line":85,"column":null}},{"start":{},"end":{}}],"line":74},"11":{"loc":{"start":{"line":75,"column":8},"end":{"line":77,"column":null}},"type":"binary-expr","locations":[{"start":{"line":75,"column":8},"end":{"line":75,"column":null}},{"start":{"line":76,"column":8},"end":{"line":76,"column":null}},{"start":{"line":77,"column":8},"end":{"line":77,"column":null}}],"line":75}},"s":{"0":5,"1":2,"2":5,"3":97,"4":97,"5":87,"6":87,"7":87,"8":1,"9":1,"10":97,"11":97,"12":97,"13":97,"14":5,"15":3,"16":3,"17":2,"18":3,"19":3,"20":88,"21":4,"22":4,"23":4,"24":1,"25":1,"26":87,"27":88,"28":1,"29":86,"30":6,"31":87,"32":82,"33":87,"34":1,"35":87,"36":88,"37":87,"38":5,"39":5,"40":8,"41":30},"f":{"0":2,"1":97,"2":5,"3":3,"4":88,"5":6,"6":88,"7":5,"8":5,"9":8,"10":30},"b":{"0":[87,10],"1":[1,86],"2":[3,2],"3":[3],"4":[4,84],"5":[1,3],"6":[1,1],"7":[87,1],"8":[1,86],"9":[82,5],"10":[1,86],"11":[87,87,86]},"meta":{"lastBranch":12,"lastFunction":11,"lastStatement":42,"seen":{"s:8:20:9:Infinity":0,"f:8:20:8:21":0,"s:9:2:9:Infinity":1,"s:11:25:103:Infinity":2,"f:11:25:11:26":1,"s:13:14:13:Infinity":3,"b:14:2:26:Infinity:undefined:undefined:undefined:undefined":0,"s:14:2:26:Infinity":4,"s:15:4:15:Infinity":5,"s:16:4:16:Infinity":6,"b:19:4:25:Infinity:undefined:undefined:undefined:undefined":1,"s:19:4:25:Infinity":7,"s:20:29:20:Infinity":8,"s:21:6:24:Infinity":9,"s:29:2:29:Infinity":10,"s:30:2:30:Infinity":11,"s:31:2:31:Infinity":12,"s:35:2:102:Infinity":13,"f:36:4:36:14":2,"b:37:6:42:Infinity:40:13:42:Infinity":2,"s:37:6:42:Infinity":14,"s:38:8:38:Infinity":15,"s:39:8:39:Infinity":16,"s:41:8:41:Infinity":17,"f:45:4:45:8":3,"b:45:31:45:35":3,"s:46:6:46:Infinity":18,"s:47:6:47:Infinity":19,"f:50:4:50:10":4,"b:51:6:59:Infinity:undefined:undefined:undefined:undefined":4,"s:51:6:59:Infinity":20,"s:52:25:52:Infinity":21,"s:53:8:53:Infinity":22,"b:54:8:58:Infinity:undefined:undefined:undefined:undefined":5,"s:54:8:58:Infinity":23,"s:55:10:56:Infinity":24,"b:55:10:55:Infinity:56:12:56:Infinity":6,"s:57:10:57:Infinity":25,"s:61:6:61:Infinity":26,"b:61:11:61:17:61:17:61:Infinity":7,"b:63:6:69:Infinity:65:13:69:Infinity":8,"s:63:6:69:Infinity":27,"s:64:8:64:Infinity":28,"s:66:8:68:Infinity":29,"f:67:10:67:11":5,"s:67:20:67:Infinity":30,"b:70:6:72:Infinity:undefined:undefined:undefined:undefined":9,"s:70:6:72:Infinity":31,"s:71:8:71:Infinity":32,"b:74:6:85:Infinity:undefined:undefined:undefined:undefined":10,"s:74:6:85:Infinity":33,"b:75:8:75:Infinity:76:8:76:Infinity:77:8:77:Infinity":11,"s:79:8:84:Infinity":34,"s:87:6:87:Infinity":35,"f:87:29:87:30":6,"s:87:37:87:61":36,"s:88:6:88:Infinity":37,"f:91:4:91:14":7,"s:92:6:92:Infinity":38,"f:92:25:92:26":8,"s:92:36:92:52":39,"f:95:8:95:21":9,"s:96:6:96:Infinity":40,"f:99:8:99:16":10,"s:100:6:100:Infinity":41}}}
,"/home/rush/Projects/pocket-vue/src/block.ts": {"path":"/home/rush/Projects/pocket-vue/src/block.ts","statementMap":{"0":{"start":{"line":17,"column":4},"end":{"line":17,"column":null}},"1":{"start":{"line":21,"column":4},"end":{"line":21,"column":null}},"2":{"start":{"line":23,"column":4},"end":{"line":31,"column":null}},"3":{"start":{"line":24,"column":6},"end":{"line":24,"column":null}},"4":{"start":{"line":25,"column":4},"end":{"line":31,"column":null}},"5":{"start":{"line":26,"column":6},"end":{"line":28,"column":null}},"6":{"start":{"line":30,"column":6},"end":{"line":30,"column":null}},"7":{"start":{"line":33,"column":4},"end":{"line":40,"column":null}},"8":{"start":{"line":34,"column":6},"end":{"line":34,"column":null}},"9":{"start":{"line":37,"column":6},"end":{"line":37,"column":null}},"10":{"start":{"line":38,"column":6},"end":{"line":38,"column":null}},"11":{"start":{"line":39,"column":6},"end":{"line":39,"column":null}},"12":{"start":{"line":42,"column":4},"end":{"line":42,"column":null}},"13":{"start":{"line":46,"column":4},"end":{"line":66,"column":null}},"14":{"start":{"line":47,"column":6},"end":{"line":63,"column":null}},"15":{"start":{"line":49,"column":32},"end":{"line":49,"column":null}},"16":{"start":{"line":51,"column":8},"end":{"line":56,"column":null}},"17":{"start":{"line":52,"column":10},"end":{"line":52,"column":null}},"18":{"start":{"line":53,"column":10},"end":{"line":53,"column":null}},"19":{"start":{"line":54,"column":10},"end":{"line":54,"column":null}},"20":{"start":{"line":54,"column":33},"end":{"line":54,"column":null}},"21":{"start":{"line":55,"column":10},"end":{"line":55,"column":null}},"22":{"start":{"line":58,"column":8},"end":{"line":58,"column":null}},"23":{"start":{"line":59,"column":8},"end":{"line":59,"column":null}},"24":{"start":{"line":60,"column":8},"end":{"line":60,"column":null}},"25":{"start":{"line":61,"column":8},"end":{"line":61,"column":null}},"26":{"start":{"line":62,"column":8},"end":{"line":62,"column":null}},"27":{"start":{"line":65,"column":6},"end":{"line":65,"column":null}},"28":{"start":{"line":70,"column":4},"end":{"line":72,"column":null}},"29":{"start":{"line":71,"column":6},"end":{"line":71,"column":null}},"30":{"start":{"line":73,"column":4},"end":{"line":85,"column":null}},"31":{"start":{"line":74,"column":21},"end":{"line":74,"column":null}},"32":{"start":{"line":75,"column":30},"end":{"line":75,"column":null}},"33":{"start":{"line":77,"column":6},"end":{"line":82,"column":null}},"34":{"start":{"line":78,"column":8},"end":{"line":78,"column":null}},"35":{"start":{"line":79,"column":8},"end":{"line":79,"column":null}},"36":{"start":{"line":80,"column":8},"end":{"line":80,"column":null}},"37":{"start":{"line":80,"column":31},"end":{"line":80,"column":null}},"38":{"start":{"line":81,"column":8},"end":{"line":81,"column":null}},"39":{"start":{"line":84,"column":6},"end":{"line":84,"column":null}},"40":{"start":{"line":86,"column":4},"end":{"line":86,"column":null}},"41":{"start":{"line":90,"column":4},"end":{"line":92,"column":null}},"42":{"start":{"line":91,"column":6},"end":{"line":91,"column":null}},"43":{"start":{"line":93,"column":4},"end":{"line":93,"column":null}},"44":{"start":{"line":94,"column":4},"end":{"line":94,"column":null}},"45":{"start":{"line":94,"column":38},"end":{"line":94,"column":42}}},"fnMap":{"0":{"name":"(anonymous_0)","decl":{"start":{"line":16,"column":6},"end":{"line":16,"column":11}},"loc":{"start":{"line":16,"column":11},"end":{"line":18,"column":null}},"line":16},"1":{"name":"(anonymous_1)","decl":{"start":{"line":20,"column":2},"end":{"line":20,"column":14}},"loc":{"start":{"line":20,"column":69},"end":{"line":43,"column":null}},"line":20},"2":{"name":"(anonymous_2)","decl":{"start":{"line":45,"column":2},"end":{"line":45,"column":9}},"loc":{"start":{"line":45,"column":84},"end":{"line":67,"column":null}},"line":45},"3":{"name":"(anonymous_3)","decl":{"start":{"line":69,"column":2},"end":{"line":69,"column":11}},"loc":{"start":{"line":69,"column":11},"end":{"line":87,"column":null}},"line":69},"4":{"name":"(anonymous_4)","decl":{"start":{"line":89,"column":2},"end":{"line":89,"column":13}},"loc":{"start":{"line":89,"column":13},"end":{"line":95,"column":null}},"line":89},"5":{"name":"(anonymous_5)","decl":{"start":{"line":90,"column":28},"end":{"line":90,"column":29}},"loc":{"start":{"line":90,"column":39},"end":{"line":92,"column":5}},"line":90},"6":{"name":"(anonymous_6)","decl":{"start":{"line":94,"column":30},"end":{"line":94,"column":31}},"loc":{"start":{"line":94,"column":38},"end":{"line":94,"column":42}},"line":94}},"branchMap":{"0":{"loc":{"start":{"line":17,"column":11},"end":{"line":17,"column":null}},"type":"binary-expr","locations":[{"start":{"line":17,"column":11},"end":{"line":17,"column":26}},{"start":{"line":17,"column":26},"end":{"line":17,"column":null}}],"line":17},"1":{"loc":{"start":{"line":20,"column":53},"end":{"line":20,"column":69}},"type":"default-arg","locations":[{"start":{"line":20,"column":62},"end":{"line":20,"column":69}}],"line":20},"2":{"loc":{"start":{"line":23,"column":4},"end":{"line":31,"column":null}},"type":"if","locations":[{"start":{"line":23,"column":4},"end":{"line":31,"column":null}},{"start":{"line":25,"column":4},"end":{"line":31,"column":null}}],"line":23},"3":{"loc":{"start":{"line":25,"column":4},"end":{"line":31,"column":null}},"type":"if","locations":[{"start":{"line":25,"column":4},"end":{"line":31,"column":null}},{"start":{"line":29,"column":11},"end":{"line":31,"column":null}}],"line":25},"4":{"loc":{"start":{"line":33,"column":4},"end":{"line":40,"column":null}},"type":"if","locations":[{"start":{"line":33,"column":4},"end":{"line":40,"column":null}},{"start":{"line":35,"column":11},"end":{"line":40,"column":null}}],"line":33},"5":{"loc":{"start":{"line":45,"column":56},"end":{"line":45,"column":84}},"type":"default-arg","locations":[{"start":{"line":45,"column":78},"end":{"line":45,"column":84}}],"line":45},"6":{"loc":{"start":{"line":46,"column":4},"end":{"line":66,"column":null}},"type":"if","locations":[{"start":{"line":46,"column":4},"end":{"line":66,"column":null}},{"start":{"line":64,"column":11},"end":{"line":66,"column":null}}],"line":46},"7":{"loc":{"start":{"line":47,"column":6},"end":{"line":63,"column":null}},"type":"if","locations":[{"start":{"line":47,"column":6},"end":{"line":63,"column":null}},{"start":{"line":57,"column":13},"end":{"line":63,"column":null}}],"line":47},"8":{"loc":{"start":{"line":54,"column":10},"end":{"line":54,"column":null}},"type":"if","locations":[{"start":{"line":54,"column":10},"end":{"line":54,"column":null}},{"start":{},"end":{}}],"line":54},"9":{"loc":{"start":{"line":70,"column":4},"end":{"line":72,"column":null}},"type":"if","locations":[{"start":{"line":70,"column":4},"end":{"line":72,"column":null}},{"start":{},"end":{}}],"line":70},"10":{"loc":{"start":{"line":73,"column":4},"end":{"line":85,"column":null}},"type":"if","locations":[{"start":{"line":73,"column":4},"end":{"line":85,"column":null}},{"start":{"line":83,"column":11},"end":{"line":85,"column":null}}],"line":73},"11":{"loc":{"start":{"line":80,"column":8},"end":{"line":80,"column":null}},"type":"if","locations":[{"start":{"line":80,"column":8},"end":{"line":80,"column":null}},{"start":{},"end":{}}],"line":80}},"s":{"0":11,"1":10148,"2":10148,"3":89,"4":10059,"5":4,"6":10055,"7":10148,"8":89,"9":10059,"10":10059,"11":10059,"12":10148,"13":10056,"14":4,"15":1,"16":1,"17":3,"18":3,"19":3,"20":1,"21":2,"22":3,"23":3,"24":3,"25":3,"26":3,"27":10052,"28":7,"29":7,"30":7,"31":1,"32":1,"33":1,"34":3,"35":3,"36":3,"37":1,"38":2,"39":6,"40":7,"41":14,"42":1,"43":14,"44":14,"45":3},"f":{"0":11,"1":10148,"2":10056,"3":7,"4":14,"5":1,"6":3},"b":{"0":[11,11],"1":[10148],"2":[89,10059],"3":[4,10055],"4":[89,10059],"5":[10056],"6":[4,10052],"7":[1,3],"8":[1,2],"9":[7,0],"10":[1,6],"11":[1,2]},"meta":{"lastBranch":12,"lastFunction":7,"lastStatement":46,"seen":{"f:16:6:16:11":0,"s:17:4:17:Infinity":0,"b:17:11:17:26:17:26:17:Infinity":0,"f:20:2:20:14":1,"b:20:62:20:69":1,"s:21:4:21:Infinity":1,"b:23:4:31:Infinity:25:4:31:Infinity":2,"s:23:4:31:Infinity":2,"s:24:6:24:Infinity":3,"b:25:4:31:Infinity:29:11:31:Infinity":3,"s:25:4:31:Infinity":4,"s:26:6:28:Infinity":5,"s:30:6:30:Infinity":6,"b:33:4:40:Infinity:35:11:40:Infinity":4,"s:33:4:40:Infinity":7,"s:34:6:34:Infinity":8,"s:37:6:37:Infinity":9,"s:38:6:38:Infinity":10,"s:39:6:39:Infinity":11,"s:42:4:42:Infinity":12,"f:45:2:45:9":2,"b:45:78:45:84":5,"b:46:4:66:Infinity:64:11:66:Infinity":6,"s:46:4:66:Infinity":13,"b:47:6:63:Infinity:57:13:63:Infinity":7,"s:47:6:63:Infinity":14,"s:49:32:49:Infinity":15,"s:51:8:56:Infinity":16,"s:52:10:52:Infinity":17,"s:53:10:53:Infinity":18,"b:54:10:54:Infinity:undefined:undefined:undefined:undefined":8,"s:54:10:54:Infinity":19,"s:54:33:54:Infinity":20,"s:55:10:55:Infinity":21,"s:58:8:58:Infinity":22,"s:59:8:59:Infinity":23,"s:60:8:60:Infinity":24,"s:61:8:61:Infinity":25,"s:62:8:62:Infinity":26,"s:65:6:65:Infinity":27,"f:69:2:69:11":3,"b:70:4:72:Infinity:undefined:undefined:undefined:undefined":9,"s:70:4:72:Infinity":28,"s:71:6:71:Infinity":29,"b:73:4:85:Infinity:83:11:85:Infinity":10,"s:73:4:85:Infinity":30,"s:74:21:74:Infinity":31,"s:75:30:75:Infinity":32,"s:77:6:82:Infinity":33,"s:78:8:78:Infinity":34,"s:79:8:79:Infinity":35,"b:80:8:80:Infinity:undefined:undefined:undefined:undefined":11,"s:80:8:80:Infinity":36,"s:80:31:80:Infinity":37,"s:81:8:81:Infinity":38,"s:84:6:84:Infinity":39,"s:86:4:86:Infinity":40,"f:89:2:89:13":4,"s:90:4:92:Infinity":41,"f:90:28:90:29":5,"s:91:6:91:Infinity":42,"s:93:4:93:Infinity":43,"s:94:4:94:Infinity":44,"f:94:30:94:31":6,"s:94:38:94:42":45}}}
,"/home/rush/Projects/pocket-vue/src/context.ts": {"path":"/home/rush/Projects/pocket-vue/src/context.ts","statementMap":{"0":{"start":{"line":23,"column":29},"end":{"line":46,"column":null}},"1":{"start":{"line":24,"column":23},"end":{"line":44,"column":null}},"2":{"start":{"line":34,"column":6},"end":{"line":37,"column":null}},"3":{"start":{"line":35,"column":8},"end":{"line":35,"column":null}},"4":{"start":{"line":36,"column":8},"end":{"line":36,"column":null}},"5":{"start":{"line":38,"column":38},"end":{"line":40,"column":null}},"6":{"start":{"line":39,"column":25},"end":{"line":39,"column":null}},"7":{"start":{"line":41,"column":6},"end":{"line":41,"column":null}},"8":{"start":{"line":42,"column":6},"end":{"line":42,"column":null}},"9":{"start":{"line":45,"column":2},"end":{"line":45,"column":null}},"10":{"start":{"line":48,"column":35},"end":{"line":71,"column":null}},"11":{"start":{"line":49,"column":22},"end":{"line":49,"column":null}},"12":{"start":{"line":50,"column":22},"end":{"line":50,"column":null}},"13":{"start":{"line":51,"column":2},"end":{"line":51,"column":null}},"14":{"start":{"line":52,"column":2},"end":{"line":52,"column":null}},"15":{"start":{"line":53,"column":24},"end":{"line":64,"column":null}},"16":{"start":{"line":58,"column":8},"end":{"line":60,"column":null}},"17":{"start":{"line":59,"column":10},"end":{"line":59,"column":null}},"18":{"start":{"line":61,"column":8},"end":{"line":61,"column":null}},"19":{"start":{"line":66,"column":2},"end":{"line":66,"column":null}},"20":{"start":{"line":67,"column":2},"end":{"line":70,"column":null}},"21":{"start":{"line":73,"column":34},"end":{"line":79,"column":null}},"22":{"start":{"line":74,"column":2},"end":{"line":78,"column":null}},"23":{"start":{"line":75,"column":4},"end":{"line":77,"column":null}},"24":{"start":{"line":76,"column":6},"end":{"line":76,"column":null}}},"fnMap":{"0":{"name":"(anonymous_0)","decl":{"start":{"line":23,"column":29},"end":{"line":23,"column":30}},"loc":{"start":{"line":23,"column":60},"end":{"line":46,"column":null}},"line":23},"1":{"name":"(anonymous_1)","decl":{"start":{"line":33,"column":12},"end":{"line":33,"column":13}},"loc":{"start":{"line":33,"column":20},"end":{"line":43,"column":null}},"line":33},"2":{"name":"(anonymous_2)","decl":{"start":{"line":39,"column":19},"end":{"line":39,"column":25}},"loc":{"start":{"line":39,"column":25},"end":{"line":39,"column":null}},"line":39},"3":{"name":"(anonymous_3)","decl":{"start":{"line":48,"column":35},"end":{"line":48,"column":36}},"loc":{"start":{"line":48,"column":73},"end":{"line":71,"column":null}},"line":48},"4":{"name":"(anonymous_4)","decl":{"start":{"line":55,"column":6},"end":{"line":55,"column":10}},"loc":{"start":{"line":55,"column":38},"end":{"line":62,"column":null}},"line":55},"5":{"name":"(anonymous_5)","decl":{"start":{"line":73,"column":34},"end":{"line":73,"column":35}},"loc":{"start":{"line":73,"column":66},"end":{"line":79,"column":null}},"line":73}},"branchMap":{"0":{"loc":{"start":{"line":28,"column":11},"end":{"line":28,"column":null}},"type":"cond-expr","locations":[{"start":{"line":28,"column":20},"end":{"line":28,"column":35}},{"start":{"line":28,"column":35},"end":{"line":28,"column":null}}],"line":28},"1":{"loc":{"start":{"line":29,"column":10},"end":{"line":29,"column":null}},"type":"cond-expr","locations":[{"start":{"line":29,"column":19},"end":{"line":29,"column":33}},{"start":{"line":29,"column":33},"end":{"line":29,"column":null}}],"line":29},"2":{"loc":{"start":{"line":34,"column":6},"end":{"line":37,"column":null}},"type":"if","locations":[{"start":{"line":34,"column":6},"end":{"line":37,"column":null}},{"start":{},"end":{}}],"line":34},"3":{"loc":{"start":{"line":48,"column":50},"end":{"line":48,"column":73}},"type":"default-arg","locations":[{"start":{"line":48,"column":57},"end":{"line":48,"column":73}}],"line":48},"4":{"loc":{"start":{"line":58,"column":8},"end":{"line":60,"column":null}},"type":"if","locations":[{"start":{"line":58,"column":8},"end":{"line":60,"column":null}},{"start":{},"end":{}}],"line":58},"5":{"loc":{"start":{"line":58,"column":12},"end":{"line":58,"column":64}},"type":"binary-expr","locations":[{"start":{"line":58,"column":12},"end":{"line":58,"column":42}},{"start":{"line":58,"column":42},"end":{"line":58,"column":64}}],"line":58},"6":{"loc":{"start":{"line":75,"column":4},"end":{"line":77,"column":null}},"type":"if","locations":[{"start":{"line":75,"column":4},"end":{"line":77,"column":null}},{"start":{},"end":{}}],"line":75}},"s":{"0":9,"1":10222,"2":10154,"3":0,"4":0,"5":10154,"6":1058,"7":10154,"8":10154,"9":10222,"10":9,"11":10066,"12":10066,"13":10066,"14":10066,"15":10066,"16":33,"17":1,"18":32,"19":10066,"20":10066,"21":9,"22":10156,"23":20248,"24":15},"f":{"0":10222,"1":10154,"2":1058,"3":10066,"4":33,"5":10156},"b":{"0":[10060,162],"1":[10060,162],"2":[0,10154],"3":[10066],"4":[1,32],"5":[33,28],"6":[15,20233]},"meta":{"lastBranch":7,"lastFunction":6,"lastStatement":25,"seen":{"s:23:29:46:Infinity":0,"f:23:29:23:30":0,"s:24:23:44:Infinity":1,"b:28:20:28:35:28:35:28:Infinity":0,"b:29:19:29:33:29:33:29:Infinity":1,"f:33:12:33:13":1,"b:34:6:37:Infinity:undefined:undefined:undefined:undefined":2,"s:34:6:37:Infinity":2,"s:35:8:35:Infinity":3,"s:36:8:36:Infinity":4,"s:38:38:40:Infinity":5,"f:39:19:39:25":2,"s:39:25:39:Infinity":6,"s:41:6:41:Infinity":7,"s:42:6:42:Infinity":8,"s:45:2:45:Infinity":9,"s:48:35:71:Infinity":10,"f:48:35:48:36":3,"b:48:57:48:73":3,"s:49:22:49:Infinity":11,"s:50:22:50:Infinity":12,"s:51:2:51:Infinity":13,"s:52:2:52:Infinity":14,"s:53:24:64:Infinity":15,"f:55:6:55:10":4,"b:58:8:60:Infinity:undefined:undefined:undefined:undefined":4,"s:58:8:60:Infinity":16,"b:58:12:58:42:58:42:58:64":5,"s:59:10:59:Infinity":17,"s:61:8:61:Infinity":18,"s:66:2:66:Infinity":19,"s:67:2:70:Infinity":20,"s:73:34:79:Infinity":21,"f:73:34:73:35":5,"s:74:2:78:Infinity":22,"b:75:4:77:Infinity:undefined:undefined:undefined:undefined":6,"s:75:4:77:Infinity":23,"s:76:6:76:Infinity":24}}}
,"/home/rush/Projects/pocket-vue/src/eval.ts": {"path":"/home/rush/Projects/pocket-vue/src/eval.ts","statementMap":{"0":{"start":{"line":1,"column":62},"end":{"line":1,"column":null}},"1":{"start":{"line":3,"column":24},"end":{"line":9,"column":null}},"2":{"start":{"line":4,"column":2},"end":{"line":8,"column":null}},"3":{"start":{"line":5,"column":4},"end":{"line":5,"column":null}},"4":{"start":{"line":11,"column":23},"end":{"line":21,"column":null}},"5":{"start":{"line":12,"column":13},"end":{"line":12,"column":null}},"6":{"start":{"line":13,"column":2},"end":{"line":20,"column":null}},"7":{"start":{"line":14,"column":4},"end":{"line":14,"column":null}},"8":{"start":{"line":16,"column":4},"end":{"line":18,"column":null}},"9":{"start":{"line":17,"column":6},"end":{"line":17,"column":null}},"10":{"start":{"line":19,"column":4},"end":{"line":19,"column":null}},"11":{"start":{"line":23,"column":19},"end":{"line":30,"column":null}},"12":{"start":{"line":24,"column":2},"end":{"line":29,"column":null}},"13":{"start":{"line":25,"column":4},"end":{"line":25,"column":null}},"14":{"start":{"line":27,"column":4},"end":{"line":27,"column":null}},"15":{"start":{"line":28,"column":4},"end":{"line":28,"column":null}}},"fnMap":{"0":{"name":"(anonymous_0)","decl":{"start":{"line":3,"column":24},"end":{"line":3,"column":25}},"loc":{"start":{"line":3,"column":70},"end":{"line":9,"column":null}},"line":3},"1":{"name":"(anonymous_1)","decl":{"start":{"line":11,"column":23},"end":{"line":11,"column":24}},"loc":{"start":{"line":11,"column":63},"end":{"line":21,"column":null}},"line":11},"2":{"name":"(anonymous_2)","decl":{"start":{"line":23,"column":19},"end":{"line":23,"column":20}},"loc":{"start":{"line":23,"column":46},"end":{"line":30,"column":null}},"line":23},"3":{"name":"(anonymous_3)","decl":{"start":{"line":28,"column":11},"end":{"line":28,"column":17}},"loc":{"start":{"line":28,"column":17},"end":{"line":28,"column":null}},"line":28}},"branchMap":{"0":{"loc":{"start":{"line":12,"column":13},"end":{"line":12,"column":null}},"type":"binary-expr","locations":[{"start":{"line":12,"column":13},"end":{"line":12,"column":32}},{"start":{"line":12,"column":32},"end":{"line":12,"column":null}}],"line":12},"1":{"loc":{"start":{"line":16,"column":4},"end":{"line":18,"column":null}},"type":"if","locations":[{"start":{"line":16,"column":4},"end":{"line":18,"column":null}},{"start":{},"end":{}}],"line":16}},"s":{"0":10,"1":10,"2":10340,"3":10340,"4":10,"5":5,"6":5,"7":5,"8":0,"9":0,"10":0,"11":10,"12":4,"13":4,"14":0,"15":0},"f":{"0":10340,"1":5,"2":4,"3":0},"b":{"0":[5,4],"1":[0,0]},"meta":{"lastBranch":2,"lastFunction":4,"lastStatement":16,"seen":{"s:1:62:1:Infinity":0,"s:3:24:9:Infinity":1,"f:3:24:3:25":0,"s:4:2:8:Infinity":2,"s:5:4:5:Infinity":3,"s:11:23:21:Infinity":4,"f:11:23:11:24":1,"s:12:13:12:Infinity":5,"b:12:13:12:32:12:32:12:Infinity":0,"s:13:2:20:Infinity":6,"s:14:4:14:Infinity":7,"b:16:4:18:Infinity:undefined:undefined:undefined:undefined":1,"s:16:4:18:Infinity":8,"s:17:6:17:Infinity":9,"s:19:4:19:Infinity":10,"s:23:19:30:Infinity":11,"f:23:19:23:20":2,"s:24:2:29:Infinity":12,"s:25:4:25:Infinity":13,"s:27:4:27:Infinity":14,"s:28:4:28:Infinity":15,"f:28:11:28:17":3}}}
,"/home/rush/Projects/pocket-vue/src/index.ts": {"path":"/home/rush/Projects/pocket-vue/src/index.ts","statementMap":{"0":{"start":{"line":7,"column":10},"end":{"line":7,"column":null}},"1":{"start":{"line":8,"column":0},"end":{"line":10,"column":null}},"2":{"start":{"line":9,"column":2},"end":{"line":9,"column":null}}},"fnMap":{},"branchMap":{"0":{"loc":{"start":{"line":8,"column":0},"end":{"line":10,"column":null}},"type":"if","locations":[{"start":{"line":8,"column":0},"end":{"line":10,"column":null}},{"start":{},"end":{}}],"line":8},"1":{"loc":{"start":{"line":8,"column":4},"end":{"line":8,"column":33}},"type":"binary-expr","locations":[{"start":{"line":8,"column":4},"end":{"line":8,"column":9}},{"start":{"line":8,"column":9},"end":{"line":8,"column":33}}],"line":8}},"s":{"0":2,"1":2,"2":0},"f":{},"b":{"0":[0,2],"1":[2,0]},"meta":{"lastBranch":2,"lastFunction":0,"lastStatement":3,"seen":{"s:7:10:7:Infinity":0,"b:8:0:10:Infinity:undefined:undefined:undefined:undefined":0,"s:8:0:10:Infinity":1,"b:8:4:8:9:8:9:8:33":1,"s:9:2:9:Infinity":2}}}
,"/home/rush/Projects/pocket-vue/src/scheduler.ts": {"path":"/home/rush/Projects/pocket-vue/src/scheduler.ts","statementMap":{"0":{"start":{"line":1,"column":13},"end":{"line":1,"column":null}},"1":{"start":{"line":2,"column":26},"end":{"line":2,"column":null}},"2":{"start":{"line":3,"column":10},"end":{"line":3,"column":null}},"3":{"start":{"line":5,"column":24},"end":{"line":23,"column":null}},"4":{"start":{"line":6,"column":2},"end":{"line":22,"column":null}},"5":{"start":{"line":7,"column":4},"end":{"line":7,"column":null}},"6":{"start":{"line":9,"column":4},"end":{"line":21,"column":null}},"7":{"start":{"line":11,"column":6},"end":{"line":20,"column":null}},"8":{"start":{"line":12,"column":27},"end":{"line":18,"column":null}},"9":{"start":{"line":13,"column":10},"end":{"line":17,"column":null}},"10":{"start":{"line":14,"column":12},"end":{"line":14,"column":null}},"11":{"start":{"line":16,"column":12},"end":{"line":16,"column":null}},"12":{"start":{"line":19,"column":8},"end":{"line":19,"column":null}},"13":{"start":{"line":25,"column":24},"end":{"line":31,"column":null}},"14":{"start":{"line":26,"column":2},"end":{"line":26,"column":null}},"15":{"start":{"line":26,"column":28},"end":{"line":26,"column":null}},"16":{"start":{"line":27,"column":2},"end":{"line":30,"column":null}},"17":{"start":{"line":28,"column":4},"end":{"line":28,"column":null}},"18":{"start":{"line":29,"column":4},"end":{"line":29,"column":null}},"19":{"start":{"line":33,"column":18},"end":{"line":39,"column":null}},"20":{"start":{"line":34,"column":2},"end":{"line":36,"column":null}},"21":{"start":{"line":35,"column":4},"end":{"line":35,"column":null}},"22":{"start":{"line":37,"column":2},"end":{"line":37,"column":null}},"23":{"start":{"line":38,"column":2},"end":{"line":38,"column":null}}},"fnMap":{"0":{"name":"(anonymous_0)","decl":{"start":{"line":5,"column":24},"end":{"line":5,"column":25}},"loc":{"start":{"line":5,"column":45},"end":{"line":23,"column":null}},"line":5},"1":{"name":"(anonymous_1)","decl":{"start":{"line":9,"column":18},"end":{"line":9,"column":24}},"loc":{"start":{"line":9,"column":24},"end":{"line":21,"column":5}},"line":9},"2":{"name":"(anonymous_2)","decl":{"start":{"line":11,"column":25},"end":{"line":11,"column":36}},"loc":{"start":{"line":11,"column":36},"end":{"line":20,"column":7}},"line":11},"3":{"name":"(anonymous_3)","decl":{"start":{"line":12,"column":27},"end":{"line":12,"column":33}},"loc":{"start":{"line":12,"column":33},"end":{"line":18,"column":null}},"line":12},"4":{"name":"(anonymous_4)","decl":{"start":{"line":25,"column":24},"end":{"line":25,"column":25}},"loc":{"start":{"line":25,"column":43},"end":{"line":31,"column":null}},"line":25},"5":{"name":"(anonymous_5)","decl":{"start":{"line":33,"column":18},"end":{"line":33,"column":24}},"loc":{"start":{"line":33,"column":24},"end":{"line":39,"column":null}},"line":33}},"branchMap":{"0":{"loc":{"start":{"line":6,"column":2},"end":{"line":22,"column":null}},"type":"if","locations":[{"start":{"line":6,"column":2},"end":{"line":22,"column":null}},{"start":{"line":8,"column":9},"end":{"line":22,"column":null}}],"line":6},"1":{"loc":{"start":{"line":13,"column":10},"end":{"line":17,"column":null}},"type":"if","locations":[{"start":{"line":13,"column":10},"end":{"line":17,"column":null}},{"start":{"line":15,"column":17},"end":{"line":17,"column":null}}],"line":13},"2":{"loc":{"start":{"line":13,"column":14},"end":{"line":13,"column":45}},"type":"binary-expr","locations":[{"start":{"line":13,"column":14},"end":{"line":13,"column":36}},{"start":{"line":13,"column":36},"end":{"line":13,"column":45}}],"line":13},"3":{"loc":{"start":{"line":26,"column":2},"end":{"line":26,"column":null}},"type":"if","locations":[{"start":{"line":26,"column":2},"end":{"line":26,"column":null}},{"start":{},"end":{}}],"line":26},"4":{"loc":{"start":{"line":27,"column":2},"end":{"line":30,"column":null}},"type":"if","locations":[{"start":{"line":27,"column":2},"end":{"line":30,"column":null}},{"start":{},"end":{}}],"line":27}},"s":{"0":10,"1":10,"2":10,"3":10,"4":96,"5":55,"6":41,"7":41,"8":41,"9":41,"10":41,"11":0,"12":41,"13":10,"14":1066,"15":60,"16":1066,"17":47,"18":47,"19":10,"20":47,"21":60,"22":47,"23":47},"f":{"0":96,"1":41,"2":41,"3":41,"4":1066,"5":47},"b":{"0":[55,41],"1":[41,0],"2":[41,41],"3":[60,1006],"4":[47,1019]},"meta":{"lastBranch":5,"lastFunction":6,"lastStatement":24,"seen":{"s:1:13:1:Infinity":0,"s:2:26:2:Infinity":1,"s:3:10:3:Infinity":2,"s:5:24:23:Infinity":3,"f:5:24:5:25":0,"b:6:2:22:Infinity:8:9:22:Infinity":0,"s:6:2:22:Infinity":4,"s:7:4:7:Infinity":5,"s:9:4:21:Infinity":6,"f:9:18:9:24":1,"s:11:6:20:Infinity":7,"f:11:25:11:36":2,"s:12:27:18:Infinity":8,"f:12:27:12:33":3,"b:13:10:17:Infinity:15:17:17:Infinity":1,"s:13:10:17:Infinity":9,"b:13:14:13:36:13:36:13:45":2,"s:14:12:14:Infinity":10,"s:16:12:16:Infinity":11,"s:19:8:19:Infinity":12,"s:25:24:31:Infinity":13,"f:25:24:25:25":4,"b:26:2:26:Infinity:undefined:undefined:undefined:undefined":3,"s:26:2:26:Infinity":14,"s:26:28:26:Infinity":15,"b:27:2:30:Infinity:undefined:undefined:undefined:undefined":4,"s:27:2:30:Infinity":16,"s:28:4:28:Infinity":17,"s:29:4:29:Infinity":18,"s:33:18:39:Infinity":19,"f:33:18:33:24":5,"s:34:2:36:Infinity":20,"s:35:4:35:Infinity":21,"s:37:2:37:Infinity":22,"s:38:2:38:Infinity":23}}}
,"/home/rush/Projects/pocket-vue/src/utils.ts": {"path":"/home/rush/Projects/pocket-vue/src/utils.ts","statementMap":{"0":{"start":{"line":1,"column":25},"end":{"line":5,"column":null}},"1":{"start":{"line":2,"column":14},"end":{"line":2,"column":null}},"2":{"start":{"line":3,"column":2},"end":{"line":3,"column":null}},"3":{"start":{"line":3,"column":19},"end":{"line":3,"column":null}},"4":{"start":{"line":4,"column":2},"end":{"line":4,"column":null}},"5":{"start":{"line":7,"column":22},"end":{"line":14,"column":null}},"6":{"start":{"line":13,"column":2},"end":{"line":13,"column":null}}},"fnMap":{"0":{"name":"(anonymous_0)","decl":{"start":{"line":1,"column":25},"end":{"line":1,"column":26}},"loc":{"start":{"line":1,"column":71},"end":{"line":5,"column":null}},"line":1},"1":{"name":"(anonymous_1)","decl":{"start":{"line":7,"column":22},"end":{"line":7,"column":null}},"loc":{"start":{"line":12,"column":5},"end":{"line":14,"column":null}},"line":12}},"branchMap":{"0":{"loc":{"start":{"line":3,"column":2},"end":{"line":3,"column":null}},"type":"if","locations":[{"start":{"line":3,"column":2},"end":{"line":3,"column":null}},{"start":{},"end":{}}],"line":3}},"s":{"0":10,"1":61979,"2":61979,"3":46,"4":61979,"5":10,"6":77},"f":{"0":61979,"1":77},"b":{"0":[46,61933]},"meta":{"lastBranch":1,"lastFunction":2,"lastStatement":7,"seen":{"s:1:25:5:Infinity":0,"f:1:25:1:26":0,"s:2:14:2:Infinity":1,"b:3:2:3:Infinity:undefined:undefined:undefined:undefined":0,"s:3:2:3:Infinity":2,"s:3:19:3:Infinity":3,"s:4:2:4:Infinity":4,"s:7:22:14:Infinity":5,"f:7:22:7:Infinity":1,"s:13:2:13:Infinity":6}}}
,"/home/rush/Projects/pocket-vue/src/walk.ts": {"path":"/home/rush/Projects/pocket-vue/src/walk.ts","statementMap":{"0":{"start":{"line":12,"column":14},"end":{"line":12,"column":null}},"1":{"start":{"line":13,"column":19},"end":{"line":13,"column":null}},"2":{"start":{"line":15,"column":20},"end":{"line":15,"column":null}},"3":{"start":{"line":17,"column":20},"end":{"line":111,"column":null}},"4":{"start":{"line":18,"column":20},"end":{"line":18,"column":null}},"5":{"start":{"line":19,"column":15},"end":{"line":19,"column":null}},"6":{"start":{"line":20,"column":2},"end":{"line":110,"column":null}},"7":{"start":{"line":22,"column":15},"end":{"line":22,"column":null}},"8":{"start":{"line":23,"column":4},"end":{"line":25,"column":null}},"9":{"start":{"line":24,"column":6},"end":{"line":24,"column":null}},"10":{"start":{"line":27,"column":4},"end":{"line":27,"column":null}},"11":{"start":{"line":32,"column":4},"end":{"line":34,"column":null}},"12":{"start":{"line":33,"column":6},"end":{"line":33,"column":null}},"13":{"start":{"line":37,"column":4},"end":{"line":39,"column":null}},"14":{"start":{"line":38,"column":6},"end":{"line":38,"column":null}},"15":{"start":{"line":42,"column":4},"end":{"line":49,"column":null}},"16":{"start":{"line":43,"column":20},"end":{"line":43,"column":null}},"17":{"start":{"line":44,"column":6},"end":{"line":44,"column":null}},"18":{"start":{"line":45,"column":6},"end":{"line":45,"column":null}},"19":{"start":{"line":46,"column":6},"end":{"line":48,"column":null}},"20":{"start":{"line":47,"column":8},"end":{"line":47,"column":null}},"21":{"start":{"line":52,"column":21},"end":{"line":52,"column":null}},"22":{"start":{"line":53,"column":4},"end":{"line":55,"column":null}},"23":{"start":{"line":54,"column":6},"end":{"line":54,"column":null}},"24":{"start":{"line":58,"column":4},"end":{"line":63,"column":null}},"25":{"start":{"line":59,"column":6},"end":{"line":61,"column":null}},"26":{"start":{"line":60,"column":7},"end":{"line":60,"column":null}},"27":{"start":{"line":62,"column":6},"end":{"line":62,"column":null}},"28":{"start":{"line":66,"column":4},"end":{"line":66,"column":null}},"29":{"start":{"line":69,"column":41},"end":{"line":69,"column":null}},"30":{"start":{"line":70,"column":4},"end":{"line":82,"column":null}},"31":{"start":{"line":71,"column":6},"end":{"line":81,"column":null}},"32":{"start":{"line":72,"column":8},"end":{"line":80,"column":null}},"33":{"start":{"line":75,"column":10},"end":{"line":75,"column":null}},"34":{"start":{"line":76,"column":8},"end":{"line":80,"column":null}},"35":{"start":{"line":77,"column":10},"end":{"line":77,"column":null}},"36":{"start":{"line":79,"column":10},"end":{"line":79,"column":null}},"37":{"start":{"line":83,"column":4},"end":{"line":85,"column":null}},"38":{"start":{"line":84,"column":6},"end":{"line":84,"column":null}},"39":{"start":{"line":87,"column":4},"end":{"line":89,"column":null}},"40":{"start":{"line":88,"column":6},"end":{"line":88,"column":null}},"41":{"start":{"line":90,"column":2},"end":{"line":110,"column":null}},"42":{"start":{"line":92,"column":18},"end":{"line":92,"column":null}},"43":{"start":{"line":93,"column":4},"end":{"line":107,"column":null}},"44":{"start":{"line":94,"column":31},"end":{"line":94,"column":null}},"45":{"start":{"line":95,"column":22},"end":{"line":95,"column":null}},"46":{"start":{"line":97,"column":6},"end":{"line":102,"column":null}},"47":{"start":{"line":98,"column":24},"end":{"line":98,"column":null}},"48":{"start":{"line":99,"column":8},"end":{"line":99,"column":null}},"49":{"start":{"line":99,"column":21},"end":{"line":99,"column":null}},"50":{"start":{"line":100,"column":8},"end":{"line":100,"column":null}},"51":{"start":{"line":101,"column":8},"end":{"line":101,"column":null}},"52":{"start":{"line":103,"column":6},"end":{"line":105,"column":null}},"53":{"start":{"line":104,"column":8},"end":{"line":104,"column":null}},"54":{"start":{"line":106,"column":6},"end":{"line":106,"column":null}},"55":{"start":{"line":108,"column":2},"end":{"line":110,"column":null}},"56":{"start":{"line":109,"column":4},"end":{"line":109,"column":null}},"57":{"start":{"line":113,"column":21},"end":{"line":118,"column":null}},"58":{"start":{"line":114,"column":14},"end":{"line":114,"column":null}},"59":{"start":{"line":115,"column":2},"end":{"line":117,"column":null}},"60":{"start":{"line":116,"column":4},"end":{"line":116,"column":null}},"61":{"start":{"line":120,"column":25},"end":{"line":155,"column":null}},"62":{"start":{"line":131,"column":2},"end":{"line":134,"column":null}},"63":{"start":{"line":132,"column":5},"end":{"line":132,"column":null}},"64":{"start":{"line":133,"column":4},"end":{"line":133,"column":null}},"65":{"start":{"line":136,"column":2},"end":{"line":147,"column":null}},"66":{"start":{"line":137,"column":4},"end":{"line":137,"column":null}},"67":{"start":{"line":138,"column":4},"end":{"line":138,"column":null}},"68":{"start":{"line":139,"column":2},"end":{"line":147,"column":null}},"69":{"start":{"line":140,"column":4},"end":{"line":140,"column":null}},"70":{"start":{"line":141,"column":4},"end":{"line":141,"column":null}},"71":{"start":{"line":143,"column":21},"end":{"line":143,"column":null}},"72":{"start":{"line":144,"column":20},"end":{"line":144,"column":null}},"73":{"start":{"line":145,"column":4},"end":{"line":145,"column":null}},"74":{"start":{"line":146,"column":4},"end":{"line":146,"column":null}},"75":{"start":{"line":148,"column":2},"end":{"line":154,"column":null}},"76":{"start":{"line":149,"column":4},"end":{"line":149,"column":null}},"77":{"start":{"line":149,"column":39},"end":{"line":149,"column":null}},"78":{"start":{"line":150,"column":4},"end":{"line":150,"column":null}},"79":{"start":{"line":151,"column":4},"end":{"line":151,"column":null}},"80":{"start":{"line":152,"column":2},"end":{"line":154,"column":null}},"81":{"start":{"line":153,"column":4},"end":{"line":153,"column":null}},"82":{"start":{"line":157,"column":23},"end":{"line":178,"column":null}},"83":{"start":{"line":165,"column":14},"end":{"line":165,"column":null}},"84":{"start":{"line":165,"column":27},"end":{"line":165,"column":null}},"85":{"start":{"line":166,"column":18},"end":{"line":174,"column":null}},"86":{"start":{"line":175,"column":2},"end":{"line":177,"column":null}},"87":{"start":{"line":176,"column":4},"end":{"line":176,"column":null}},"88":{"start":{"line":180,"column":24},"end":{"line":194,"column":null}},"89":{"start":{"line":181,"column":0},"end":{"line":192,"column":null}},"90":{"start":{"line":182,"column":19},"end":{"line":182,"column":null}},"91":{"start":{"line":183,"column":0},"end":{"line":187,"column":null}},"92":{"start":{"line":184,"column":0},"end":{"line":186,"column":null}},"93":{"start":{"line":188,"column":0},"end":{"line":190,"column":null}},"94":{"start":{"line":189,"column":2},"end":{"line":189,"column":null}},"95":{"start":{"line":191,"column":2},"end":{"line":191,"column":null}},"96":{"start":{"line":193,"column":2},"end":{"line":193,"column":null}}},"fnMap":{"0":{"name":"(anonymous_0)","decl":{"start":{"line":17,"column":20},"end":{"line":17,"column":21}},"loc":{"start":{"line":17,"column":75},"end":{"line":111,"column":null}},"line":17},"1":{"name":"(anonymous_1)","decl":{"start":{"line":113,"column":21},"end":{"line":113,"column":22}},"loc":{"start":{"line":113,"column":73},"end":{"line":118,"column":null}},"line":113},"2":{"name":"(anonymous_2)","decl":{"start":{"line":120,"column":25},"end":{"line":120,"column":null}},"loc":{"start":{"line":125,"column":5},"end":{"line":155,"column":null}},"line":125},"3":{"name":"(anonymous_3)","decl":{"start":{"line":131,"column":32},"end":{"line":131,"column":33}},"loc":{"start":{"line":131,"column":42},"end":{"line":134,"column":3}},"line":131},"4":{"name":"(anonymous_4)","decl":{"start":{"line":157,"column":23},"end":{"line":157,"column":null}},"loc":{"start":{"line":164,"column":5},"end":{"line":178,"column":null}},"line":164},"5":{"name":"(anonymous_5)","decl":{"start":{"line":165,"column":14},"end":{"line":165,"column":15}},"loc":{"start":{"line":165,"column":27},"end":{"line":165,"column":null}},"line":165},"6":{"name":"(anonymous_6)","decl":{"start":{"line":180,"column":24},"end":{"line":180,"column":25}},"loc":{"start":{"line":180,"column":59},"end":{"line":194,"column":null}},"line":180}},"branchMap":{"0":{"loc":{"start":{"line":20,"column":2},"end":{"line":110,"column":null}},"type":"if","locations":[{"start":{"line":20,"column":2},"end":{"line":110,"column":null}},{"start":{"line":90,"column":2},"end":{"line":110,"column":null}}],"line":20},"1":{"loc":{"start":{"line":23,"column":4},"end":{"line":25,"column":null}},"type":"if","locations":[{"start":{"line":23,"column":4},"end":{"line":25,"column":null}},{"start":{},"end":{}}],"line":23},"2":{"loc":{"start":{"line":32,"column":4},"end":{"line":34,"column":null}},"type":"if","locations":[{"start":{"line":32,"column":4},"end":{"line":34,"column":null}},{"start":{},"end":{}}],"line":32},"3":{"loc":{"start":{"line":37,"column":4},"end":{"line":39,"column":null}},"type":"if","locations":[{"start":{"line":37,"column":4},"end":{"line":39,"column":null}},{"start":{},"end":{}}],"line":37},"4":{"loc":{"start":{"line":42,"column":4},"end":{"line":49,"column":null}},"type":"if","locations":[{"start":{"line":42,"column":4},"end":{"line":49,"column":null}},{"start":{},"end":{}}],"line":42},"5":{"loc":{"start":{"line":42,"column":4},"end":{"line":42,"column":56}},"type":"binary-expr","locations":[{"start":{"line":42,"column":9},"end":{"line":42,"column":44}},{"start":{"line":42,"column":44},"end":{"line":42,"column":56}}],"line":42},"6":{"loc":{"start":{"line":43,"column":20},"end":{"line":43,"column":null}},"type":"cond-expr","locations":[{"start":{"line":43,"column":26},"end":{"line":43,"column":57}},{"start":{"line":43,"column":57},"end":{"line":43,"column":null}}],"line":43},"7":{"loc":{"start":{"line":46,"column":6},"end":{"line":48,"column":null}},"type":"if","locations":[{"start":{"line":46,"column":6},"end":{"line":48,"column":null}},{"start":{},"end":{}}],"line":46},"8":{"loc":{"start":{"line":53,"column":4},"end":{"line":55,"column":null}},"type":"if","locations":[{"start":{"line":53,"column":4},"end":{"line":55,"column":null}},{"start":{},"end":{}}],"line":53},"9":{"loc":{"start":{"line":58,"column":4},"end":{"line":63,"column":null}},"type":"if","locations":[{"start":{"line":58,"column":4},"end":{"line":63,"column":null}},{"start":{},"end":{}}],"line":58},"10":{"loc":{"start":{"line":59,"column":6},"end":{"line":61,"column":null}},"type":"if","locations":[{"start":{"line":59,"column":6},"end":{"line":61,"column":null}},{"start":{},"end":{}}],"line":59},"11":{"loc":{"start":{"line":71,"column":6},"end":{"line":81,"column":null}},"type":"if","locations":[{"start":{"line":71,"column":6},"end":{"line":81,"column":null}},{"start":{},"end":{}}],"line":71},"12":{"loc":{"start":{"line":71,"column":10},"end":{"line":71,"column":50}},"type":"binary-expr","locations":[{"start":{"line":71,"column":10},"end":{"line":71,"column":30}},{"start":{"line":71,"column":30},"end":{"line":71,"column":50}}],"line":71},"13":{"loc":{"start":{"line":72,"column":8},"end":{"line":80,"column":null}},"type":"if","locations":[{"start":{"line":72,"column":8},"end":{"line":80,"column":null}},{"start":{"line":76,"column":8},"end":{"line":80,"column":null}}],"line":72},"14":{"loc":{"start":{"line":76,"column":8},"end":{"line":80,"column":null}},"type":"if","locations":[{"start":{"line":76,"column":8},"end":{"line":80,"column":null}},{"start":{"line":78,"column":15},"end":{"line":80,"column":null}}],"line":76},"15":{"loc":{"start":{"line":76,"column":19},"end":{"line":76,"column":60}},"type":"binary-expr","locations":[{"start":{"line":76,"column":19},"end":{"line":76,"column":38}},{"start":{"line":76,"column":38},"end":{"line":76,"column":60}}],"line":76},"16":{"loc":{"start":{"line":87,"column":4},"end":{"line":89,"column":null}},"type":"if","locations":[{"start":{"line":87,"column":4},"end":{"line":89,"column":null}},{"start":{},"end":{}}],"line":87},"17":{"loc":{"start":{"line":90,"column":2},"end":{"line":110,"column":null}},"type":"if","locations":[{"start":{"line":90,"column":2},"end":{"line":110,"column":null}},{"start":{"line":108,"column":2},"end":{"line":110,"column":null}}],"line":90},"18":{"loc":{"start":{"line":93,"column":4},"end":{"line":107,"column":null}},"type":"if","locations":[{"start":{"line":93,"column":4},"end":{"line":107,"column":null}},{"start":{},"end":{}}],"line":93},"19":{"loc":{"start":{"line":99,"column":8},"end":{"line":99,"column":null}},"type":"if","locations":[{"start":{"line":99,"column":8},"end":{"line":99,"column":null}},{"start":{},"end":{}}],"line":99},"20":{"loc":{"start":{"line":103,"column":6},"end":{"line":105,"column":null}},"type":"if","locations":[{"start":{"line":103,"column":6},"end":{"line":105,"column":null}},{"start":{},"end":{}}],"line":103},"21":{"loc":{"start":{"line":108,"column":2},"end":{"line":110,"column":null}},"type":"if","locations":[{"start":{"line":108,"column":2},"end":{"line":110,"column":null}},{"start":{},"end":{}}],"line":108},"22":{"loc":{"start":{"line":116,"column":12},"end":{"line":116,"column":null}},"type":"binary-expr","locations":[{"start":{"line":116,"column":12},"end":{"line":116,"column":32}},{"start":{"line":116,"column":32},"end":{"line":116,"column":null}}],"line":116},"23":{"loc":{"start":{"line":132,"column":6},"end":{"line":132,"column":37}},"type":"binary-expr","locations":[{"start":{"line":132,"column":6},"end":{"line":132,"column":20}},{"start":{"line":132,"column":20},"end":{"line":132,"column":37}}],"line":132},"24":{"loc":{"start":{"line":136,"column":2},"end":{"line":147,"column":null}},"type":"if","locations":[{"start":{"line":136,"column":2},"end":{"line":147,"column":null}},{"start":{"line":139,"column":2},"end":{"line":147,"column":null}}],"line":136},"25":{"loc":{"start":{"line":139,"column":2},"end":{"line":147,"column":null}},"type":"if","locations":[{"start":{"line":139,"column":2},"end":{"line":147,"column":null}},{"start":{"line":142,"column":9},"end":{"line":147,"column":null}}],"line":139},"26":{"loc":{"start":{"line":144,"column":20},"end":{"line":144,"column":null}},"type":"cond-expr","locations":[{"start":{"line":144,"column":35},"end":{"line":144,"column":60}},{"start":{"line":144,"column":60},"end":{"line":144,"column":null}}],"line":144},"27":{"loc":{"start":{"line":145,"column":10},"end":{"line":145,"column":null}},"type":"binary-expr","locations":[{"start":{"line":145,"column":10},"end":{"line":145,"column":40}},{"start":{"line":145,"column":40},"end":{"line":145,"column":null}}],"line":145},"28":{"loc":{"start":{"line":146,"column":10},"end":{"line":146,"column":null}},"type":"cond-expr","locations":[{"start":{"line":146,"column":25},"end":{"line":146,"column":51}},{"start":{"line":146,"column":51},"end":{"line":146,"column":null}}],"line":146},"29":{"loc":{"start":{"line":148,"column":2},"end":{"line":154,"column":null}},"type":"if","locations":[{"start":{"line":148,"column":2},"end":{"line":154,"column":null}},{"start":{"line":152,"column":2},"end":{"line":154,"column":null}}],"line":148},"30":{"loc":{"start":{"line":149,"column":4},"end":{"line":149,"column":null}},"type":"if","locations":[{"start":{"line":149,"column":4},"end":{"line":149,"column":null}},{"start":{},"end":{}}],"line":149},"31":{"loc":{"start":{"line":149,"column":8},"end":{"line":149,"column":39}},"type":"binary-expr","locations":[{"start":{"line":149,"column":8},"end":{"line":149,"column":24}},{"start":{"line":149,"column":24},"end":{"line":149,"column":39}}],"line":149},"32":{"loc":{"start":{"line":152,"column":2},"end":{"line":154,"column":null}},"type":"if","locations":[{"start":{"line":152,"column":2},"end":{"line":154,"column":null}},{"start":{},"end":{}}],"line":152},"33":{"loc":{"start":{"line":165,"column":15},"end":{"line":165,"column":27}},"type":"default-arg","locations":[{"start":{"line":165,"column":19},"end":{"line":165,"column":27}}],"line":165},"34":{"loc":{"start":{"line":172,"column":8},"end":{"line":172,"column":null}},"type":"binary-expr","locations":[{"start":{"line":172,"column":8},"end":{"line":172,"column":29}},{"start":{"line":172,"column":29},"end":{"line":172,"column":null}}],"line":172},"35":{"loc":{"start":{"line":173,"column":8},"end":{"line":173,"column":null}},"type":"binary-expr","locations":[{"start":{"line":173,"column":8},"end":{"line":173,"column":21}},{"start":{"line":173,"column":21},"end":{"line":173,"column":null}}],"line":173},"36":{"loc":{"start":{"line":175,"column":2},"end":{"line":177,"column":null}},"type":"if","locations":[{"start":{"line":175,"column":2},"end":{"line":177,"column":null}},{"start":{},"end":{}}],"line":175},"37":{"loc":{"start":{"line":181,"column":0},"end":{"line":192,"column":null}},"type":"if","locations":[{"start":{"line":181,"column":0},"end":{"line":192,"column":null}},{"start":{},"end":{}}],"line":181},"38":{"loc":{"start":{"line":183,"column":0},"end":{"line":187,"column":null}},"type":"if","locations":[{"start":{"line":183,"column":0},"end":{"line":187,"column":null}},{"start":{},"end":{}}],"line":183},"39":{"loc":{"start":{"line":183,"column":4},"end":{"line":183,"column":40}},"type":"binary-expr","locations":[{"start":{"line":183,"column":4},"end":{"line":183,"column":27}},{"start":{"line":183,"column":27},"end":{"line":183,"column":40}}],"line":183},"40":{"loc":{"start":{"line":188,"column":0},"end":{"line":190,"column":null}},"type":"if","locations":[{"start":{"line":188,"column":0},"end":{"line":190,"column":null}},{"start":{},"end":{}}],"line":188}},"s":{"0":9,"1":9,"2":9,"3":9,"4":20539,"5":20539,"6":20539,"7":10343,"8":10343,"9":0,"10":10343,"11":10343,"12":7,"13":10336,"14":20,"15":10316,"16":13,"17":13,"18":13,"19":13,"20":3,"21":10316,"22":10316,"23":0,"24":10316,"25":1,"26":0,"27":1,"28":10316,"29":10316,"30":10316,"31":127,"32":73,"33":20,"34":53,"35":12,"36":41,"37":10316,"38":32,"39":10316,"40":0,"41":10196,"42":10192,"43":10192,"44":10066,"45":10066,"46":10066,"47":10084,"48":10084,"49":33,"50":10084,"51":10084,"52":10066,"53":17,"54":10066,"55":4,"56":4,"57":9,"58":10320,"59":10320,"60":10365,"61":9,"62":73,"63":6,"64":6,"65":73,"66":16,"67":16,"68":57,"69":11,"70":11,"71":46,"72":46,"73":46,"74":46,"75":73,"76":72,"77":0,"78":72,"79":72,"80":1,"81":1,"82":9,"83":10139,"84":10207,"85":10139,"86":10139,"87":5,"88":9,"89":3,"90":2,"91":2,"92":1,"93":2,"94":1,"95":2,"96":1},"f":{"0":20539,"1":10320,"2":73,"3":6,"4":10139,"5":10207,"6":3},"b":{"0":[10343,10196],"1":[0,10343],"2":[7,10336],"3":[20,10316],"4":[13,10303],"5":[10316,10310],"6":[6,7],"7":[3,10],"8":[0,10316],"9":[1,10315],"10":[0,1],"11":[73,54],"12":[127,73],"13":[20,53],"14":[12,41],"15":[53,42],"16":[0,10316],"17":[10192,4],"18":[10066,126],"19":[33,10051],"20":[17,10049],"21":[4,0],"22":[10365,10354],"23":[6,6],"24":[16,57],"25":[11,46],"26":[4,42],"27":[46,1],"28":[4,42],"29":[72,1],"30":[0,72],"31":[72,20],"32":[1,0],"33":[10207],"34":[10139,31],"35":[10139,6],"36":[5,10134],"37":[2,1],"38":[1,1],"39":[2,2],"40":[1,1]},"meta":{"lastBranch":41,"lastFunction":7,"lastStatement":97,"seen":{"s:12:14:12:Infinity":0,"s:13:19:13:Infinity":1,"s:15:20:15:Infinity":2,"s:17:20:111:Infinity":3,"f:17:20:17:21":0,"s:18:20:18:Infinity":4,"s:19:15:19:Infinity":5,"b:20:2:110:Infinity:90:2:110:Infinity":0,"s:20:2:110:Infinity":6,"s:22:15:22:Infinity":7,"b:23:4:25:Infinity:undefined:undefined:undefined:undefined":1,"s:23:4:25:Infinity":8,"s:24:6:24:Infinity":9,"s:27:4:27:Infinity":10,"b:32:4:34:Infinity:undefined:undefined:undefined:undefined":2,"s:32:4:34:Infinity":11,"s:33:6:33:Infinity":12,"b:37:4:39:Infinity:undefined:undefined:undefined:undefined":3,"s:37:4:39:Infinity":13,"s:38:6:38:Infinity":14,"b:42:4:49:Infinity:undefined:undefined:undefined:undefined":4,"s:42:4:49:Infinity":15,"b:42:9:42:44:42:44:42:56":5,"s:43:20:43:Infinity":16,"b:43:26:43:57:43:57:43:Infinity":6,"s:44:6:44:Infinity":17,"s:45:6:45:Infinity":18,"b:46:6:48:Infinity:undefined:undefined:undefined:undefined":7,"s:46:6:48:Infinity":19,"s:47:8:47:Infinity":20,"s:52:21:52:Infinity":21,"b:53:4:55:Infinity:undefined:undefined:undefined:undefined":8,"s:53:4:55:Infinity":22,"s:54:6:54:Infinity":23,"b:58:4:63:Infinity:undefined:undefined:undefined:undefined":9,"s:58:4:63:Infinity":24,"b:59:6:61:Infinity:undefined:undefined:undefined:undefined":10,"s:59:6:61:Infinity":25,"s:60:7:60:Infinity":26,"s:62:6:62:Infinity":27,"s:66:4:66:Infinity":28,"s:69:41:69:Infinity":29,"s:70:4:82:Infinity":30,"b:71:6:81:Infinity:undefined:undefined:undefined:undefined":11,"s:71:6:81:Infinity":31,"b:71:10:71:30:71:30:71:50":12,"b:72:8:80:Infinity:76:8:80:Infinity":13,"s:72:8:80:Infinity":32,"s:75:10:75:Infinity":33,"b:76:8:80:Infinity:78:15:80:Infinity":14,"s:76:8:80:Infinity":34,"b:76:19:76:38:76:38:76:60":15,"s:77:10:77:Infinity":35,"s:79:10:79:Infinity":36,"s:83:4:85:Infinity":37,"s:84:6:84:Infinity":38,"b:87:4:89:Infinity:undefined:undefined:undefined:undefined":16,"s:87:4:89:Infinity":39,"s:88:6:88:Infinity":40,"b:90:2:110:Infinity:108:2:110:Infinity":17,"s:90:2:110:Infinity":41,"s:92:18:92:Infinity":42,"b:93:4:107:Infinity:undefined:undefined:undefined:undefined":18,"s:93:4:107:Infinity":43,"s:94:31:94:Infinity":44,"s:95:22:95:Infinity":45,"s:97:6:102:Infinity":46,"s:98:24:98:Infinity":47,"b:99:8:99:Infinity:undefined:undefined:undefined:undefined":19,"s:99:8:99:Infinity":48,"s:99:21:99:Infinity":49,"s:100:8:100:Infinity":50,"s:101:8:101:Infinity":51,"b:103:6:105:Infinity:undefined:undefined:undefined:undefined":20,"s:103:6:105:Infinity":52,"s:104:8:104:Infinity":53,"s:106:6:106:Infinity":54,"b:108:2:110:Infinity:undefined:undefined:undefined:undefined":21,"s:108:2:110:Infinity":55,"s:109:4:109:Infinity":56,"s:113:21:118:Infinity":57,"f:113:21:113:22":1,"s:114:14:114:Infinity":58,"s:115:2:117:Infinity":59,"s:116:4:116:Infinity":60,"b:116:12:116:32:116:32:116:Infinity":22,"s:120:25:155:Infinity":61,"f:120:25:120:Infinity":2,"s:131:2:134:Infinity":62,"f:131:32:131:33":3,"s:132:5:132:Infinity":63,"b:132:6:132:20:132:20:132:37":23,"s:133:4:133:Infinity":64,"b:136:2:147:Infinity:139:2:147:Infinity":24,"s:136:2:147:Infinity":65,"s:137:4:137:Infinity":66,"s:138:4:138:Infinity":67,"b:139:2:147:Infinity:142:9:147:Infinity":25,"s:139:2:147:Infinity":68,"s:140:4:140:Infinity":69,"s:141:4:141:Infinity":70,"s:143:21:143:Infinity":71,"s:144:20:144:Infinity":72,"b:144:35:144:60:144:60:144:Infinity":26,"s:145:4:145:Infinity":73,"b:145:10:145:40:145:40:145:Infinity":27,"s:146:4:146:Infinity":74,"b:146:25:146:51:146:51:146:Infinity":28,"b:148:2:154:Infinity:152:2:154:Infinity":29,"s:148:2:154:Infinity":75,"b:149:4:149:Infinity:undefined:undefined:undefined:undefined":30,"s:149:4:149:Infinity":76,"b:149:8:149:24:149:24:149:39":31,"s:149:39:149:Infinity":77,"s:150:4:150:Infinity":78,"s:151:4:151:Infinity":79,"b:152:2:154:Infinity:undefined:undefined:undefined:undefined":32,"s:152:2:154:Infinity":80,"s:153:4:153:Infinity":81,"s:157:23:178:Infinity":82,"f:157:23:157:Infinity":4,"s:165:14:165:Infinity":83,"f:165:14:165:15":5,"s:165:27:165:Infinity":84,"b:165:19:165:27":33,"s:166:18:174:Infinity":85,"b:172:8:172:29:172:29:172:Infinity":34,"b:173:8:173:21:173:21:173:Infinity":35,"b:175:2:177:Infinity:undefined:undefined:undefined:undefined":36,"s:175:2:177:Infinity":86,"s:176:4:176:Infinity":87,"s:180:24:194:Infinity":88,"f:180:24:180:25":6,"b:181:0:192:Infinity:undefined:undefined:undefined:undefined":37,"s:181:0:192:Infinity":89,"s:182:19:182:Infinity":90,"b:183:0:187:Infinity:undefined:undefined:undefined:undefined":38,"s:183:0:187:Infinity":91,"b:183:4:183:27:183:27:183:40":39,"s:184:0:186:Infinity":92,"b:188:0:190:Infinity:undefined:undefined:undefined:undefined":40,"s:188:0:190:Infinity":93,"s:189:2:189:Infinity":94,"s:191:2:191:Infinity":95,"s:193:2:193:Infinity":96}}}
,"/home/rush/Projects/pocket-vue/src/directives/bind.ts": {"path":"/home/rush/Projects/pocket-vue/src/directives/bind.ts","statementMap":{"0":{"start":{"line":11,"column":20},"end":{"line":11,"column":null}},"1":{"start":{"line":13,"column":62},"end":{"line":46,"column":null}},"2":{"start":{"line":23,"column":2},"end":{"line":25,"column":null}},"3":{"start":{"line":24,"column":4},"end":{"line":24,"column":null}},"4":{"start":{"line":27,"column":2},"end":{"line":45,"column":null}},"5":{"start":{"line":28,"column":16},"end":{"line":28,"column":null}},"6":{"start":{"line":29,"column":4},"end":{"line":43,"column":null}},"7":{"start":{"line":30,"column":6},"end":{"line":32,"column":null}},"8":{"start":{"line":31,"column":8},"end":{"line":31,"column":null}},"9":{"start":{"line":33,"column":6},"end":{"line":33,"column":null}},"10":{"start":{"line":35,"column":6},"end":{"line":37,"column":null}},"11":{"start":{"line":36,"column":8},"end":{"line":36,"column":null}},"12":{"start":{"line":38,"column":6},"end":{"line":42,"column":null}},"13":{"start":{"line":39,"column":8},"end":{"line":41,"column":null}},"14":{"start":{"line":40,"column":10},"end":{"line":40,"column":null}},"15":{"start":{"line":44,"column":4},"end":{"line":44,"column":null}},"16":{"start":{"line":48,"column":16},"end":{"line":115,"column":null}},"17":{"start":{"line":55,"column":20},"end":{"line":55,"column":null}},"18":{"start":{"line":57,"column":2},"end":{"line":114,"column":null}},"19":{"start":{"line":58,"column":21},"end":{"line":58,"column":null}},"20":{"start":{"line":59,"column":4},"end":{"line":59,"column":null}},"21":{"start":{"line":60,"column":2},"end":{"line":114,"column":null}},"22":{"start":{"line":61,"column":4},"end":{"line":61,"column":null}},"23":{"start":{"line":62,"column":4},"end":{"line":77,"column":null}},"24":{"start":{"line":63,"column":6},"end":{"line":63,"column":null}},"25":{"start":{"line":64,"column":4},"end":{"line":77,"column":null}},"26":{"start":{"line":65,"column":6},"end":{"line":65,"column":null}},"27":{"start":{"line":65,"column":31},"end":{"line":65,"column":null}},"28":{"start":{"line":67,"column":6},"end":{"line":69,"column":null}},"29":{"start":{"line":68,"column":8},"end":{"line":68,"column":null}},"30":{"start":{"line":70,"column":6},"end":{"line":76,"column":null}},"31":{"start":{"line":71,"column":8},"end":{"line":75,"column":null}},"32":{"start":{"line":72,"column":10},"end":{"line":74,"column":null}},"33":{"start":{"line":73,"column":12},"end":{"line":73,"column":null}},"34":{"start":{"line":78,"column":2},"end":{"line":114,"column":null}},"35":{"start":{"line":86,"column":4},"end":{"line":99,"column":null}},"36":{"start":{"line":87,"column":6},"end":{"line":91,"column":null}},"37":{"start":{"line":88,"column":8},"end":{"line":88,"column":null}},"38":{"start":{"line":90,"column":8},"end":{"line":90,"column":null}},"39":{"start":{"line":94,"column":6},"end":{"line":94,"column":null}},"40":{"start":{"line":95,"column":6},"end":{"line":98,"column":null}},"41":{"start":{"line":97,"column":8},"end":{"line":97,"column":null}},"42":{"start":{"line":105,"column":4},"end":{"line":113,"column":null}},"43":{"start":{"line":106,"column":7},"end":{"line":106,"column":null}},"44":{"start":{"line":107,"column":4},"end":{"line":113,"column":null}},"45":{"start":{"line":108,"column":7},"end":{"line":108,"column":null}},"46":{"start":{"line":109,"column":4},"end":{"line":113,"column":null}},"47":{"start":{"line":110,"column":6},"end":{"line":110,"column":null}},"48":{"start":{"line":112,"column":6},"end":{"line":112,"column":null}},"49":{"start":{"line":117,"column":20},"end":{"line":117,"column":null}},"50":{"start":{"line":119,"column":17},"end":{"line":143,"column":null}},"51":{"start":{"line":124,"column":2},"end":{"line":142,"column":null}},"52":{"start":{"line":125,"column":4},"end":{"line":125,"column":null}},"53":{"start":{"line":125,"column":23},"end":{"line":125,"column":47}},"54":{"start":{"line":127,"column":4},"end":{"line":141,"column":null}},"55":{"start":{"line":129,"column":6},"end":{"line":129,"column":null}},"56":{"start":{"line":131,"column":6},"end":{"line":140,"column":null}},"57":{"start":{"line":133,"column":8},"end":{"line":137,"column":null}},"58":{"start":{"line":139,"column":8},"end":{"line":139,"column":null}}},"fnMap":{"0":{"name":"(anonymous_0)","decl":{"start":{"line":13,"column":62},"end":{"line":13,"column":63}},"loc":{"start":{"line":19,"column":6},"end":{"line":46,"column":null}},"line":19},"1":{"name":"(anonymous_1)","decl":{"start":{"line":27,"column":9},"end":{"line":27,"column":15}},"loc":{"start":{"line":27,"column":15},"end":{"line":45,"column":3}},"line":27},"2":{"name":"(anonymous_2)","decl":{"start":{"line":48,"column":16},"end":{"line":48,"column":null}},"loc":{"start":{"line":54,"column":5},"end":{"line":115,"column":null}},"line":54},"3":{"name":"(anonymous_3)","decl":{"start":{"line":119,"column":17},"end":{"line":119,"column":null}},"loc":{"start":{"line":123,"column":5},"end":{"line":143,"column":null}},"line":123},"4":{"name":"(anonymous_4)","decl":{"start":{"line":125,"column":16},"end":{"line":125,"column":17}},"loc":{"start":{"line":125,"column":23},"end":{"line":125,"column":47}},"line":125}},"branchMap":{"0":{"loc":{"start":{"line":23,"column":2},"end":{"line":25,"column":null}},"type":"if","locations":[{"start":{"line":23,"column":2},"end":{"line":25,"column":null}},{"start":{},"end":{}}],"line":23},"1":{"loc":{"start":{"line":29,"column":4},"end":{"line":43,"column":null}},"type":"if","locations":[{"start":{"line":29,"column":4},"end":{"line":43,"column":null}},{"start":{"line":34,"column":11},"end":{"line":43,"column":null}}],"line":29},"2":{"loc":{"start":{"line":30,"column":6},"end":{"line":32,"column":null}},"type":"if","locations":[{"start":{"line":30,"column":6},"end":{"line":32,"column":null}},{"start":{},"end":{}}],"line":30},"3":{"loc":{"start":{"line":36,"column":37},"end":{"line":36,"column":64}},"type":"binary-expr","locations":[{"start":{"line":36,"column":37},"end":{"line":36,"column":50}},{"start":{"line":36,"column":50},"end":{"line":36,"column":64}}],"line":36},"4":{"loc":{"start":{"line":39,"column":8},"end":{"line":41,"column":null}},"type":"if","locations":[{"start":{"line":39,"column":8},"end":{"line":41,"column":null}},{"start":{},"end":{}}],"line":39},"5":{"loc":{"start":{"line":39,"column":12},"end":{"line":39,"column":39}},"type":"binary-expr","locations":[{"start":{"line":39,"column":12},"end":{"line":39,"column":22}},{"start":{"line":39,"column":22},"end":{"line":39,"column":39}}],"line":39},"6":{"loc":{"start":{"line":57,"column":2},"end":{"line":114,"column":null}},"type":"if","locations":[{"start":{"line":57,"column":2},"end":{"line":114,"column":null}},{"start":{"line":60,"column":2},"end":{"line":114,"column":null}}],"line":57},"7":{"loc":{"start":{"line":58,"column":21},"end":{"line":58,"column":null}},"type":"binary-expr","locations":[{"start":{"line":58,"column":21},"end":{"line":58,"column":79}},{"start":{"line":58,"column":79},"end":{"line":58,"column":null}}],"line":58},"8":{"loc":{"start":{"line":58,"column":36},"end":{"line":58,"column":74}},"type":"cond-expr","locations":[{"start":{"line":58,"column":48},"end":{"line":58,"column":69}},{"start":{"line":58,"column":69},"end":{"line":58,"column":74}}],"line":58},"9":{"loc":{"start":{"line":60,"column":2},"end":{"line":114,"column":null}},"type":"if","locations":[{"start":{"line":60,"column":2},"end":{"line":114,"column":null}},{"start":{"line":78,"column":2},"end":{"line":114,"column":null}}],"line":60},"10":{"loc":{"start":{"line":62,"column":4},"end":{"line":77,"column":null}},"type":"if","locations":[{"start":{"line":62,"column":4},"end":{"line":77,"column":null}},{"start":{"line":64,"column":4},"end":{"line":77,"column":null}}],"line":62},"11":{"loc":{"start":{"line":64,"column":4},"end":{"line":77,"column":null}},"type":"if","locations":[{"start":{"line":64,"column":4},"end":{"line":77,"column":null}},{"start":{"line":66,"column":11},"end":{"line":77,"column":null}}],"line":64},"12":{"loc":{"start":{"line":65,"column":6},"end":{"line":65,"column":null}},"type":"if","locations":[{"start":{"line":65,"column":6},"end":{"line":65,"column":null}},{"start":{},"end":{}}],"line":65},"13":{"loc":{"start":{"line":70,"column":6},"end":{"line":76,"column":null}},"type":"if","locations":[{"start":{"line":70,"column":6},"end":{"line":76,"column":null}},{"start":{},"end":{}}],"line":70},"14":{"loc":{"start":{"line":70,"column":10},"end":{"line":70,"column":45}},"type":"binary-expr","locations":[{"start":{"line":70,"column":10},"end":{"line":70,"column":23}},{"start":{"line":70,"column":23},"end":{"line":70,"column":45}}],"line":70},"15":{"loc":{"start":{"line":72,"column":10},"end":{"line":74,"column":null}},"type":"if","locations":[{"start":{"line":72,"column":10},"end":{"line":74,"column":null}},{"start":{},"end":{}}],"line":72},"16":{"loc":{"start":{"line":78,"column":2},"end":{"line":114,"column":null}},"type":"if","locations":[{"start":{"line":78,"column":2},"end":{"line":114,"column":null}},{"start":{"line":100,"column":9},"end":{"line":114,"column":null}}],"line":78},"17":{"loc":{"start":{"line":79,"column":4},"end":{"line":83,"column":null}},"type":"binary-expr","locations":[{"start":{"line":79,"column":4},"end":{"line":79,"column":null}},{"start":{"line":80,"column":4},"end":{"line":80,"column":null}},{"start":{"line":81,"column":4},"end":{"line":81,"column":null}},{"start":{"line":82,"column":5},"end":{"line":82,"column":18}},{"start":{"line":82,"column":18},"end":{"line":82,"column":null}},{"start":{"line":83,"column":4},"end":{"line":83,"column":null}}],"line":79},"18":{"loc":{"start":{"line":86,"column":4},"end":{"line":99,"column":null}},"type":"if","locations":[{"start":{"line":86,"column":4},"end":{"line":99,"column":null}},{"start":{"line":92,"column":11},"end":{"line":99,"column":null}}],"line":86},"19":{"loc":{"start":{"line":86,"column":8},"end":{"line":86,"column":76}},"type":"binary-expr","locations":[{"start":{"line":86,"column":8},"end":{"line":86,"column":24}},{"start":{"line":86,"column":24},"end":{"line":86,"column":43}},{"start":{"line":86,"column":43},"end":{"line":86,"column":61}},{"start":{"line":86,"column":61},"end":{"line":86,"column":76}}],"line":86},"20":{"loc":{"start":{"line":87,"column":6},"end":{"line":91,"column":null}},"type":"if","locations":[{"start":{"line":87,"column":6},"end":{"line":91,"column":null}},{"start":{"line":89,"column":13},"end":{"line":91,"column":null}}],"line":87},"21":{"loc":{"start":{"line":95,"column":6},"end":{"line":98,"column":null}},"type":"if","locations":[{"start":{"line":95,"column":6},"end":{"line":98,"column":null}},{"start":{},"end":{}}],"line":95},"22":{"loc":{"start":{"line":105,"column":4},"end":{"line":113,"column":null}},"type":"if","locations":[{"start":{"line":105,"column":4},"end":{"line":113,"column":null}},{"start":{"line":107,"column":4},"end":{"line":113,"column":null}}],"line":105},"23":{"loc":{"start":{"line":107,"column":4},"end":{"line":113,"column":null}},"type":"if","locations":[{"start":{"line":107,"column":4},"end":{"line":113,"column":null}},{"start":{"line":109,"column":4},"end":{"line":113,"column":null}}],"line":107},"24":{"loc":{"start":{"line":109,"column":4},"end":{"line":113,"column":null}},"type":"if","locations":[{"start":{"line":109,"column":4},"end":{"line":113,"column":null}},{"start":{"line":111,"column":11},"end":{"line":113,"column":null}}],"line":109},"25":{"loc":{"start":{"line":124,"column":2},"end":{"line":142,"column":null}},"type":"if","locations":[{"start":{"line":124,"column":2},"end":{"line":142,"column":null}},{"start":{"line":126,"column":9},"end":{"line":142,"column":null}}],"line":124},"26":{"loc":{"start":{"line":127,"column":4},"end":{"line":141,"column":null}},"type":"if","locations":[{"start":{"line":127,"column":4},"end":{"line":141,"column":null}},{"start":{"line":130,"column":11},"end":{"line":141,"column":null}}],"line":127},"27":{"loc":{"start":{"line":131,"column":6},"end":{"line":140,"column":null}},"type":"if","locations":[{"start":{"line":131,"column":6},"end":{"line":140,"column":null}},{"start":{"line":138,"column":13},"end":{"line":140,"column":null}}],"line":131}},"s":{"0":9,"1":9,"2":20,"3":3,"4":20,"5":27,"6":27,"7":25,"8":1,"9":25,"10":2,"11":4,"12":2,"13":2,"14":0,"15":27,"16":9,"17":29,"18":29,"19":4,"20":4,"21":25,"22":6,"23":6,"24":0,"25":6,"26":2,"27":2,"28":4,"29":5,"30":4,"31":1,"32":2,"33":1,"34":19,"35":13,"36":9,"37":1,"38":8,"39":4,"40":4,"41":2,"42":6,"43":1,"44":5,"45":1,"46":4,"47":3,"48":1,"49":9,"50":9,"51":6,"52":0,"53":0,"54":6,"55":1,"56":5,"57":1,"58":4},"f":{"0":20,"1":27,"2":29,"3":6,"4":0},"b":{"0":[3,17],"1":[25,2],"2":[1,24],"3":[4,2],"4":[0,2],"5":[2,2],"6":[4,25],"7":[4,0],"8":[2,2],"9":[6,19],"10":[0,6],"11":[2,4],"12":[2,0],"13":[1,3],"14":[4,1],"15":[1,1],"16":[13,6],"17":[19,19,19,19,7,13],"18":[9,4],"19":[13,4,4,4],"20":[1,8],"21":[2,2],"22":[1,5],"23":[1,4],"24":[3,1],"25":[0,6],"26":[1,5],"27":[1,4]},"meta":{"lastBranch":28,"lastFunction":5,"lastStatement":59,"seen":{"s:11:20:11:Infinity":0,"s:13:62:46:Infinity":1,"f:13:62:13:63":0,"b:23:2:25:Infinity:undefined:undefined:undefined:undefined":0,"s:23:2:25:Infinity":2,"s:24:4:24:Infinity":3,"s:27:2:45:Infinity":4,"f:27:9:27:15":1,"s:28:16:28:Infinity":5,"b:29:4:43:Infinity:34:11:43:Infinity":1,"s:29:4:43:Infinity":6,"b:30:6:32:Infinity:undefined:undefined:undefined:undefined":2,"s:30:6:32:Infinity":7,"s:31:8:31:Infinity":8,"s:33:6:33:Infinity":9,"s:35:6:37:Infinity":10,"s:36:8:36:Infinity":11,"b:36:37:36:50:36:50:36:64":3,"s:38:6:42:Infinity":12,"b:39:8:41:Infinity:undefined:undefined:undefined:undefined":4,"s:39:8:41:Infinity":13,"b:39:12:39:22:39:22:39:39":5,"s:40:10:40:Infinity":14,"s:44:4:44:Infinity":15,"s:48:16:115:Infinity":16,"f:48:16:48:Infinity":2,"s:55:20:55:Infinity":17,"b:57:2:114:Infinity:60:2:114:Infinity":6,"s:57:2:114:Infinity":18,"s:58:21:58:Infinity":19,"b:58:21:58:79:58:79:58:Infinity":7,"b:58:48:58:69:58:69:58:74":8,"s:59:4:59:Infinity":20,"b:60:2:114:Infinity:78:2:114:Infinity":9,"s:60:2:114:Infinity":21,"s:61:4:61:Infinity":22,"b:62:4:77:Infinity:64:4:77:Infinity":10,"s:62:4:77:Infinity":23,"s:63:6:63:Infinity":24,"b:64:4:77:Infinity:66:11:77:Infinity":11,"s:64:4:77:Infinity":25,"b:65:6:65:Infinity:undefined:undefined:undefined:undefined":12,"s:65:6:65:Infinity":26,"s:65:31:65:Infinity":27,"s:67:6:69:Infinity":28,"s:68:8:68:Infinity":29,"b:70:6:76:Infinity:undefined:undefined:undefined:undefined":13,"s:70:6:76:Infinity":30,"b:70:10:70:23:70:23:70:45":14,"s:71:8:75:Infinity":31,"b:72:10:74:Infinity:undefined:undefined:undefined:undefined":15,"s:72:10:74:Infinity":32,"s:73:12:73:Infinity":33,"b:78:2:114:Infinity:100:9:114:Infinity":16,"s:78:2:114:Infinity":34,"b:79:4:79:Infinity:80:4:80:Infinity:81:4:81:Infinity:82:5:82:18:82:18:82:Infinity:83:4:83:Infinity":17,"b:86:4:99:Infinity:92:11:99:Infinity":18,"s:86:4:99:Infinity":35,"b:86:8:86:24:86:24:86:43:86:43:86:61:86:61:86:76":19,"b:87:6:91:Infinity:89:13:91:Infinity":20,"s:87:6:91:Infinity":36,"s:88:8:88:Infinity":37,"s:90:8:90:Infinity":38,"s:94:6:94:Infinity":39,"b:95:6:98:Infinity:undefined:undefined:undefined:undefined":21,"s:95:6:98:Infinity":40,"s:97:8:97:Infinity":41,"b:105:4:113:Infinity:107:4:113:Infinity":22,"s:105:4:113:Infinity":42,"s:106:7:106:Infinity":43,"b:107:4:113:Infinity:109:4:113:Infinity":23,"s:107:4:113:Infinity":44,"s:108:7:108:Infinity":45,"b:109:4:113:Infinity:111:11:113:Infinity":24,"s:109:4:113:Infinity":46,"s:110:6:110:Infinity":47,"s:112:6:112:Infinity":48,"s:117:20:117:Infinity":49,"s:119:17:143:Infinity":50,"f:119:17:119:Infinity":3,"b:124:2:142:Infinity:126:9:142:Infinity":25,"s:124:2:142:Infinity":51,"s:125:4:125:Infinity":52,"f:125:16:125:17":4,"s:125:23:125:47":53,"b:127:4:141:Infinity:130:11:141:Infinity":26,"s:127:4:141:Infinity":54,"s:129:6:129:Infinity":55,"b:131:6:140:Infinity:138:13:140:Infinity":27,"s:131:6:140:Infinity":56,"s:133:8:137:Infinity":57,"s:139:8:139:Infinity":58}}}
,"/home/rush/Projects/pocket-vue/src/directives/effect.ts": {"path":"/home/rush/Projects/pocket-vue/src/directives/effect.ts","statementMap":{"0":{"start":{"line":5,"column":33},"end":{"line":7,"column":null}},"1":{"start":{"line":6,"column":2},"end":{"line":6,"column":null}},"2":{"start":{"line":6,"column":17},"end":{"line":6,"column":58}},"3":{"start":{"line":6,"column":30},"end":{"line":6,"column":57}}},"fnMap":{"0":{"name":"(anonymous_0)","decl":{"start":{"line":5,"column":33},"end":{"line":5,"column":34}},"loc":{"start":{"line":5,"column":63},"end":{"line":7,"column":null}},"line":5},"1":{"name":"(anonymous_1)","decl":{"start":{"line":6,"column":11},"end":{"line":6,"column":17}},"loc":{"start":{"line":6,"column":17},"end":{"line":6,"column":58}},"line":6},"2":{"name":"(anonymous_2)","decl":{"start":{"line":6,"column":24},"end":{"line":6,"column":30}},"loc":{"start":{"line":6,"column":30},"end":{"line":6,"column":57}},"line":6}},"branchMap":{},"s":{"0":9,"1":5,"2":5,"3":5},"f":{"0":5,"1":5,"2":5},"b":{},"meta":{"lastBranch":0,"lastFunction":3,"lastStatement":4,"seen":{"s:5:33:7:Infinity":0,"f:5:33:5:34":0,"s:6:2:6:Infinity":1,"f:6:11:6:17":1,"s:6:17:6:58":2,"f:6:24:6:30":2,"s:6:30:6:57":3}}}
[...]
ne":22,"column":null}},"8":{"start":{"line":23,"column":14},"end":{"line":23,"column":null}},"9":{"start":{"line":24,"column":15},"end":{"line":24,"column":null}},"10":{"start":{"line":25,"column":15},"end":{"line":25,"column":null}},"11":{"start":{"line":26,"column":17},"end":{"line":26,"column":null}},"12":{"start":{"line":27,"column":16},"end":{"line":27,"column":null}},"13":{"start":{"line":29,"column":4},"end":{"line":29,"column":null}},"14":{"start":{"line":29,"column":33},"end":{"line":29,"column":70}},"15":{"start":{"line":32,"column":29},"end":{"line":81,"column":null}},"16":{"start":{"line":33,"column":2},"end":{"line":38,"column":null}},"17":{"start":{"line":34,"column":4},"end":{"line":36,"column":null}},"18":{"start":{"line":35,"column":6},"end":{"line":35,"column":null}},"19":{"start":{"line":37,"column":4},"end":{"line":37,"column":null}},"20":{"start":{"line":40,"column":16},"end":{"line":42,"column":null}},"21":{"start":{"line":45,"column":2},"end":{"line":50,"column":null}},"22":{"start":{"line":46,"column":4},"end":{"line":49,"column":null}},"23":{"start":{"line":51,"column":2},"end":{"line":56,"column":null}},"24":{"start":{"line":52,"column":4},"end":{"line":52,"column":null}},"25":{"start":{"line":53,"column":4},"end":{"line":53,"column":null}},"26":{"start":{"line":54,"column":2},"end":{"line":56,"column":null}},"27":{"start":{"line":55,"column":4},"end":{"line":55,"column":null}},"28":{"start":{"line":55,"column":17},"end":{"line":55,"column":null}},"29":{"start":{"line":58,"column":2},"end":{"line":78,"column":null}},"30":{"start":{"line":60,"column":4},"end":{"line":63,"column":null}},"31":{"start":{"line":61,"column":6},"end":{"line":61,"column":null}},"32":{"start":{"line":61,"column":27},"end":{"line":61,"column":null}},"33":{"start":{"line":62,"column":6},"end":{"line":62,"column":null}},"34":{"start":{"line":62,"column":28},"end":{"line":62,"column":null}},"35":{"start":{"line":65,"column":16},"end":{"line":65,"column":null}},"36":{"start":{"line":66,"column":4},"end":{"line":77,"column":null}},"37":{"start":{"line":67,"column":6},"end":{"line":69,"column":null}},"38":{"start":{"line":68,"column":8},"end":{"line":68,"column":null}},"39":{"start":{"line":70,"column":6},"end":{"line":75,"column":null}},"40":{"start":{"line":71,"column":22},"end":{"line":71,"column":null}},"41":{"start":{"line":72,"column":8},"end":{"line":74,"column":null}},"42":{"start":{"line":73,"column":10},"end":{"line":73,"column":null}},"43":{"start":{"line":76,"column":6},"end":{"line":76,"column":null}},"44":{"start":{"line":80,"column":2},"end":{"line":80,"column":null}}},"fnMap":{"0":{"name":"(anonymous_0)","decl":{"start":{"line":18,"column":8},"end":{"line":18,"column":9}},"loc":{"start":{"line":18,"column":15},"end":{"line":18,"column":null}},"line":18},"1":{"name":"(anonymous_1)","decl":{"start":{"line":19,"column":11},"end":{"line":19,"column":12}},"loc":{"start":{"line":19,"column":18},"end":{"line":19,"column":null}},"line":19},"2":{"name":"(anonymous_2)","decl":{"start":{"line":20,"column":8},"end":{"line":20,"column":9}},"loc":{"start":{"line":20,"column":15},"end":{"line":20,"column":null}},"line":20},"3":{"name":"(anonymous_3)","decl":{"start":{"line":21,"column":8},"end":{"line":21,"column":9}},"loc":{"start":{"line":21,"column":15},"end":{"line":21,"column":null}},"line":21},"4":{"name":"(anonymous_4)","decl":{"start":{"line":22,"column":9},"end":{"line":22,"column":10}},"loc":{"start":{"line":22,"column":16},"end":{"line":22,"column":null}},"line":22},"5":{"name":"(anonymous_5)","decl":{"start":{"line":23,"column":7},"end":{"line":23,"column":8}},"loc":{"start":{"line":23,"column":14},"end":{"line":23,"column":null}},"line":23},"6":{"name":"(anonymous_6)","decl":{"start":{"line":24,"column":8},"end":{"line":24,"column":9}},"loc":{"start":{"line":24,"column":15},"end":{"line":24,"column":null}},"line":24},"7":{"name":"(anonymous_7)","decl":{"start":{"line":25,"column":8},"end":{"line":25,"column":9}},"loc":{"start":{"line":25,"column":15},"end":{"line":25,"column":null}},"line":25},"8":{"name":"(anonymous_8)","decl":{"start":{"line":26,"column":10},"end":{"line":26,"column":11}},"loc":{"start":{"line":26,"column":17},"end":{"line":26,"column":null}},"line":26},"9":{"name":"(anonymous_9)","decl":{"start":{"line":27,"column":9},"end":{"line":27,"column":10}},"loc":{"start":{"line":27,"column":16},"end":{"line":27,"column":null}},"line":27},"10":{"name":"(anonymous_10)","decl":{"start":{"line":28,"column":9},"end":{"line":28,"column":10}},"loc":{"start":{"line":29,"column":4},"end":{"line":29,"column":null}},"line":29},"11":{"name":"(anonymous_11)","decl":{"start":{"line":29,"column":25},"end":{"line":29,"column":26}},"loc":{"start":{"line":29,"column":33},"end":{"line":29,"column":70}},"line":29},"12":{"name":"(anonymous_12)","decl":{"start":{"line":32,"column":29},"end":{"line":32,"column":30}},"loc":{"start":{"line":32,"column":67},"end":{"line":81,"column":null}},"line":32},"13":{"name":"(anonymous_13)","decl":{"start":{"line":55,"column":11},"end":{"line":55,"column":17}},"loc":{"start":{"line":55,"column":17},"end":{"line":55,"column":null}},"line":55},"14":{"name":"(anonymous_14)","decl":{"start":{"line":66,"column":14},"end":{"line":66,"column":15}},"loc":{"start":{"line":66,"column":28},"end":{"line":77,"column":null}},"line":66}},"branchMap":{"0":{"loc":{"start":{"line":25,"column":15},"end":{"line":25,"column":null}},"type":"binary-expr","locations":[{"start":{"line":25,"column":15},"end":{"line":25,"column":33}},{"start":{"line":25,"column":33},"end":{"line":25,"column":null}}],"line":25},"1":{"loc":{"start":{"line":26,"column":17},"end":{"line":26,"column":null}},"type":"binary-expr","locations":[{"start":{"line":26,"column":17},"end":{"line":26,"column":35}},{"start":{"line":26,"column":35},"end":{"line":26,"column":null}}],"line":26},"2":{"loc":{"start":{"line":27,"column":16},"end":{"line":27,"column":null}},"type":"binary-expr","locations":[{"start":{"line":27,"column":16},"end":{"line":27,"column":34}},{"start":{"line":27,"column":34},"end":{"line":27,"column":null}}],"line":27},"3":{"loc":{"start":{"line":29,"column":33},"end":{"line":29,"column":70}},"type":"binary-expr","locations":[{"start":{"line":29,"column":33},"end":{"line":29,"column":57}},{"start":{"line":29,"column":57},"end":{"line":29,"column":70}}],"line":29},"4":{"loc":{"start":{"line":33,"column":2},"end":{"line":38,"column":null}},"type":"if","locations":[{"start":{"line":33,"column":2},"end":{"line":38,"column":null}},{"start":{},"end":{}}],"line":33},"5":{"loc":{"start":{"line":34,"column":4},"end":{"line":36,"column":null}},"type":"if","locations":[{"start":{"line":34,"column":4},"end":{"line":36,"column":null}},{"start":{},"end":{}}],"line":34},"6":{"loc":{"start":{"line":40,"column":16},"end":{"line":42,"column":null}},"type":"cond-expr","locations":[{"start":{"line":41,"column":6},"end":{"line":41,"column":null}},{"start":{"line":42,"column":6},"end":{"line":42,"column":null}}],"line":40},"7":{"loc":{"start":{"line":45,"column":2},"end":{"line":50,"column":null}},"type":"if","locations":[{"start":{"line":45,"column":2},"end":{"line":50,"column":null}},{"start":{},"end":{}}],"line":45},"8":{"loc":{"start":{"line":45,"column":6},"end":{"line":45,"column":73}},"type":"binary-expr","locations":[{"start":{"line":45,"column":6},"end":{"line":45,"column":30}},{"start":{"line":45,"column":30},"end":{"line":45,"column":51}},{"start":{"line":45,"column":51},"end":{"line":45,"column":73}}],"line":45},"9":{"loc":{"start":{"line":51,"column":2},"end":{"line":56,"column":null}},"type":"if","locations":[{"start":{"line":51,"column":2},"end":{"line":56,"column":null}},{"start":{"line":54,"column":2},"end":{"line":56,"column":null}}],"line":51},"10":{"loc":{"start":{"line":54,"column":2},"end":{"line":56,"column":null}},"type":"if","locations":[{"start":{"line":54,"column":2},"end":{"line":56,"column":null}},{"start":{},"end":{}}],"line":54},"11":{"loc":{"start":{"line":58,"column":2},"end":{"line":78,"column":null}},"type":"if","locations":[{"start":{"line":58,"column":2},"end":{"line":78,"column":null}},{"start":{},"end":{}}],"line":58},"12":{"loc":{"start":{"line":60,"column":4},"end":{"line":63,"column":null}},"type":"if","locations":[{"start":{"line":60,"column":4},"end":{"line":63,"column":null}},{"start":{},"end":{}}],"line":60},"13":{"loc":{"start":{"line":61,"column":6},"end":{"line":61,"column":null}},"type":"if","locations":[{"start":{"line":61,"column":6},"end":{"line":61,"column":null}},{"start":{},"end":{}}],"line":61},"14":{"loc":{"start":{"line":62,"column":6},"end":{"line":62,"column":null}},"type":"if","locations":[{"start":{"line":62,"column":6},"end":{"line":62,"column":null}},{"start":{},"end":{}}],"line":62},"15":{"loc":{"start":{"line":67,"column":6},"end":{"line":69,"column":null}},"type":"if","locations":[{"start":{"line":67,"column":6},"end":{"line":69,"column":null}},{"start":{},"end":{}}],"line":67},"16":{"loc":{"start":{"line":67,"column":10},"end":{"line":67,"column":77}},"type":"binary-expr","locations":[{"start":{"line":67,"column":10},"end":{"line":67,"column":24}},{"start":{"line":67,"column":24},"end":{"line":67,"column":77}}],"line":67},"17":{"loc":{"start":{"line":72,"column":8},"end":{"line":74,"column":null}},"type":"if","locations":[{"start":{"line":72,"column":8},"end":{"line":74,"column":null}},{"start":{},"end":{}}],"line":72},"18":{"loc":{"start":{"line":72,"column":12},"end":{"line":72,"column":42}},"type":"binary-expr","locations":[{"start":{"line":72,"column":12},"end":{"line":72,"column":21}},{"start":{"line":72,"column":21},"end":{"line":72,"column":42}}],"line":72}},"s":{"0":9,"1":9,"2":9,"3":1,"4":2,"5":2,"6":2,"7":2,"8":2,"9":2,"10":2,"11":2,"12":2,"13":2,"14":5,"15":9,"16":33,"17":1,"18":1,"19":1,"20":32,"21":33,"22":2,"23":32,"24":1,"25":1,"26":31,"27":1,"28":1,"29":30,"30":15,"31":14,"32":2,"33":14,"34":2,"35":15,"36":15,"37":23,"38":1,"39":22,"40":22,"41":22,"42":7,"43":15,"44":30},"f":{"0":1,"1":2,"2":2,"3":2,"4":2,"5":2,"6":2,"7":2,"8":2,"9":2,"10":2,"11":5,"12":33,"13":1,"14":23},"b":{"0":[2,2],"1":[2,1],"2":[2,1],"3":[5,1],"4":[1,32],"5":[1,0],"6":[30,2],"7":[2,31],"8":[33,32,31],"9":[1,31],"10":[1,30],"11":[15,15],"12":[14,1],"13":[2,12],"14":[2,12],"15":[1,22],"16":[23,2],"17":[7,15],"18":[22,21]},"meta":{"lastBranch":19,"lastFunction":15,"lastStatement":45,"seen":{"s:8:2:8:Infinity":0,"s:10:24:10:Infinity":1,"s:17:4:30:Infinity":2,"f:18:8:18:9":0,"s:18:15:18:Infinity":3,"f:19:11:19:12":1,"s:19:18:19:Infinity":4,"f:20:8:20:9":2,"s:20:15:20:Infinity":5,"f:21:8:21:9":3,"s:21:15:21:Infinity":6,"f:22:9:22:10":4,"s:22:16:22:Infinity":7,"f:23:7:23:8":5,"s:23:14:23:Infinity":8,"f:24:8:24:9":6,"s:24:15:24:Infinity":9,"f:25:8:25:9":7,"s:25:15:25:Infinity":10,"b:25:15:25:33:25:33:25:Infinity":0,"f:26:10:26:11":8,"s:26:17:26:Infinity":11,"b:26:17:26:35:26:35:26:Infinity":1,"f:27:9:27:10":9,"s:27:16:27:Infinity":12,"b:27:16:27:34:27:34:27:Infinity":2,"f:28:9:28:10":10,"s:29:4:29:Infinity":13,"f:29:25:29:26":11,"s:29:33:29:70":14,"b:29:33:29:57:29:57:29:70":3,"s:32:29:81:Infinity":15,"f:32:29:32:30":12,"b:33:2:38:Infinity:undefined:undefined:undefined:undefined":4,"s:33:2:38:Infinity":16,"b:34:4:36:Infinity:undefined:undefined:undefined:undefined":5,"s:34:4:36:Infinity":17,"s:35:6:35:Infinity":18,"s:37:4:37:Infinity":19,"s:40:16:42:Infinity":20,"b:41:6:41:Infinity:42:6:42:Infinity":6,"b:45:2:50:Infinity:undefined:undefined:undefined:undefined":7,"s:45:2:50:Infinity":21,"b:45:6:45:30:45:30:45:51:45:51:45:73":8,"s:46:4:49:Infinity":22,"b:51:2:56:Infinity:54:2:56:Infinity":9,"s:51:2:56:Infinity":23,"s:52:4:52:Infinity":24,"s:53:4:53:Infinity":25,"b:54:2:56:Infinity:undefined:undefined:undefined:undefined":10,"s:54:2:56:Infinity":26,"s:55:4:55:Infinity":27,"f:55:11:55:17":13,"s:55:17:55:Infinity":28,"b:58:2:78:Infinity:undefined:undefined:undefined:undefined":11,"s:58:2:78:Infinity":29,"b:60:4:63:Infinity:undefined:undefined:undefined:undefined":12,"s:60:4:63:Infinity":30,"b:61:6:61:Infinity:undefined:undefined:undefined:undefined":13,"s:61:6:61:Infinity":31,"s:61:27:61:Infinity":32,"b:62:6:62:Infinity:undefined:undefined:undefined:undefined":14,"s:62:6:62:Infinity":33,"s:62:28:62:Infinity":34,"s:65:16:65:Infinity":35,"s:66:4:77:Infinity":36,"f:66:14:66:15":14,"b:67:6:69:Infinity:undefined:undefined:undefined:undefined":15,"s:67:6:69:Infinity":37,"b:67:10:67:24:67:24:67:77":16,"s:68:8:68:Infinity":38,"s:70:6:75:Infinity":39,"s:71:22:71:Infinity":40,"b:72:8:74:Infinity:undefined:undefined:undefined:undefined":17,"s:72:8:74:Infinity":41,"b:72:12:72:21:72:21:72:42":18,"s:73:10:73:Infinity":42,"s:76:6:76:Infinity":43,"s:80:2:80:Infinity":44}}}
,"/home/rush/Projects/pocket-vue/src/directives/ref.ts": {"path":"/home/rush/Projects/pocket-vue/src/directives/ref.ts","statementMap":{"0":{"start":{"line":3,"column":30},"end":{"line":28,"column":null}},"1":{"start":{"line":13,"column":2},"end":{"line":24,"column":null}},"2":{"start":{"line":14,"column":14},"end":{"line":14,"column":null}},"3":{"start":{"line":16,"column":4},"end":{"line":18,"column":null}},"4":{"start":{"line":17,"column":6},"end":{"line":17,"column":null}},"5":{"start":{"line":19,"column":4},"end":{"line":19,"column":null}},"6":{"start":{"line":20,"column":4},"end":{"line":22,"column":null}},"7":{"start":{"line":21,"column":6},"end":{"line":21,"column":null}},"8":{"start":{"line":23,"column":4},"end":{"line":23,"column":null}},"9":{"start":{"line":25,"column":2},"end":{"line":27,"column":null}},"10":{"start":{"line":26,"column":4},"end":{"line":26,"column":null}}},"fnMap":{"0":{"name":"(anonymous_0)","decl":{"start":{"line":3,"column":30},"end":{"line":3,"column":31}},"loc":{"start":{"line":11,"column":6},"end":{"line":28,"column":null}},"line":11},"1":{"name":"(anonymous_1)","decl":{"start":{"line":13,"column":9},"end":{"line":13,"column":15}},"loc":{"start":{"line":13,"column":15},"end":{"line":24,"column":3}},"line":13},"2":{"name":"(anonymous_2)","decl":{"start":{"line":25,"column":9},"end":{"line":25,"column":15}},"loc":{"start":{"line":25,"column":15},"end":{"line":27,"column":null}},"line":25}},"branchMap":{"0":{"loc":{"start":{"line":16,"column":4},"end":{"line":18,"column":null}},"type":"if","locations":[{"start":{"line":16,"column":4},"end":{"line":18,"column":null}},{"start":{},"end":{}}],"line":16},"1":{"loc":{"start":{"line":16,"column":8},"end":{"line":16,"column":79}},"type":"binary-expr","locations":[{"start":{"line":16,"column":8},"end":{"line":16,"column":29}},{"start":{"line":16,"column":29},"end":{"line":16,"column":36}},{"start":{"line":16,"column":36},"end":{"line":16,"column":59}},{"start":{"line":16,"column":59},"end":{"line":16,"column":79}}],"line":16},"2":{"loc":{"start":{"line":20,"column":4},"end":{"line":22,"column":null}},"type":"if","locations":[{"start":{"line":20,"column":4},"end":{"line":22,"column":null}},{"start":{},"end":{}}],"line":20},"3":{"loc":{"start":{"line":20,"column":8},"end":{"line":20,"column":36}},"type":"binary-expr","locations":[{"start":{"line":20,"column":8},"end":{"line":20,"column":19}},{"start":{"line":20,"column":19},"end":{"line":20,"column":36}}],"line":20},"4":{"loc":{"start":{"line":26,"column":4},"end":{"line":26,"column":null}},"type":"binary-expr","locations":[{"start":{"line":26,"column":4},"end":{"line":26,"column":15}},{"start":{"line":26,"column":15},"end":{"line":26,"column":null}}],"line":26}},"s":{"0":9,"1":5,"2":7,"3":7,"4":3,"5":7,"6":7,"7":2,"8":7,"9":5,"10":1},"f":{"0":5,"1":7,"2":1},"b":{"0":[3,4],"1":[7,3,3,3],"2":[2,5],"3":[7,2],"4":[1,1]},"meta":{"lastBranch":5,"lastFunction":3,"lastStatement":11,"seen":{"s:3:30:28:Infinity":0,"f:3:30:3:31":0,"s:13:2:24:Infinity":1,"f:13:9:13:15":1,"s:14:14:14:Infinity":2,"b:16:4:18:Infinity:undefined:undefined:undefined:undefined":0,"s:16:4:18:Infinity":3,"b:16:8:16:29:16:29:16:36:16:36:16:59:16:59:16:79":1,"s:17:6:17:Infinity":4,"s:19:4:19:Infinity":5,"b:20:4:22:Infinity:undefined:undefined:undefined:undefined":2,"s:20:4:22:Infinity":6,"b:20:8:20:19:20:19:20:36":3,"s:21:6:21:Infinity":7,"s:23:4:23:Infinity":8,"s:25:2:27:Infinity":9,"f:25:9:25:15":2,"s:26:4:26:Infinity":10,"b:26:4:26:15:26:15:26:Infinity":4}}}
,"/home/rush/Projects/pocket-vue/src/directives/show.ts": {"path":"/home/rush/Projects/pocket-vue/src/directives/show.ts","statementMap":{"0":{"start":{"line":3,"column":44},"end":{"line":8,"column":null}},"1":{"start":{"line":4,"column":25},"end":{"line":4,"column":null}},"2":{"start":{"line":5,"column":2},"end":{"line":7,"column":null}},"3":{"start":{"line":6,"column":4},"end":{"line":6,"column":null}}},"fnMap":{"0":{"name":"(anonymous_0)","decl":{"start":{"line":3,"column":44},"end":{"line":3,"column":45}},"loc":{"start":{"line":3,"column":69},"end":{"line":8,"column":null}},"line":3},"1":{"name":"(anonymous_1)","decl":{"start":{"line":5,"column":9},"end":{"line":5,"column":15}},"loc":{"start":{"line":5,"column":15},"end":{"line":7,"column":3}},"line":5}},"branchMap":{"0":{"loc":{"start":{"line":6,"column":23},"end":{"line":6,"column":null}},"type":"cond-expr","locations":[{"start":{"line":6,"column":31},"end":{"line":6,"column":48}},{"start":{"line":6,"column":48},"end":{"line":6,"column":null}}],"line":6}},"s":{"0":9,"1":2,"2":2,"3":3},"f":{"0":2,"1":3},"b":{"0":[2,1]},"meta":{"lastBranch":1,"lastFunction":2,"lastStatement":4,"seen":{"s:3:44:8:Infinity":0,"f:3:44:3:45":0,"s:4:25:4:Infinity":1,"s:5:2:7:Infinity":2,"f:5:9:5:15":1,"s:6:4:6:Infinity":3,"b:6:31:6:48:6:48:6:Infinity":0}}}
,"/home/rush/Projects/pocket-vue/src/directives/text.ts": {"path":"/home/rush/Projects/pocket-vue/src/directives/text.ts","statementMap":{"0":{"start":{"line":4,"column":47},"end":{"line":8,"column":null}},"1":{"start":{"line":5,"column":2},"end":{"line":7,"column":null}},"2":{"start":{"line":6,"column":4},"end":{"line":6,"column":null}},"3":{"start":{"line":10,"column":31},"end":{"line":21,"column":null}},"4":{"start":{"line":11,"column":2},"end":{"line":21,"column":null}},"5":{"start":{"line":15,"column":8},"end":{"line":19,"column":null}},"6":{"start":{"line":16,"column":10},"end":{"line":16,"column":null}},"7":{"start":{"line":18,"column":10},"end":{"line":18,"column":null}}},"fnMap":{"0":{"name":"(anonymous_0)","decl":{"start":{"line":4,"column":47},"end":{"line":4,"column":48}},"loc":{"start":{"line":4,"column":72},"end":{"line":8,"column":null}},"line":4},"1":{"name":"(anonymous_1)","decl":{"start":{"line":5,"column":9},"end":{"line":5,"column":15}},"loc":{"start":{"line":5,"column":15},"end":{"line":7,"column":3}},"line":5},"2":{"name":"(anonymous_2)","decl":{"start":{"line":10,"column":31},"end":{"line":10,"column":32}},"loc":{"start":{"line":11,"column":2},"end":{"line":21,"column":null}},"line":11},"3":{"name":"(anonymous_3)","decl":{"start":{"line":14,"column":7},"end":{"line":14,"column":13}},"loc":{"start":{"line":14,"column":13},"end":{"line":20,"column":9}},"line":14}},"branchMap":{"0":{"loc":{"start":{"line":11,"column":2},"end":{"line":21,"column":null}},"type":"cond-expr","locations":[{"start":{"line":12,"column":6},"end":{"line":12,"column":null}},{"start":{"line":13,"column":6},"end":{"line":21,"column":null}}],"line":11},"1":{"loc":{"start":{"line":13,"column":6},"end":{"line":21,"column":null}},"type":"cond-expr","locations":[{"start":{"line":13,"column":20},"end":{"line":20,"column":null}},{"start":{"line":21,"column":6},"end":{"line":21,"column":null}}],"line":13}},"s":{"0":9,"1":10068,"2":10080,"3":9,"4":20147,"5":1,"6":1,"7":1},"f":{"0":10068,"1":10080,"2":20147,"3":1},"b":{"0":[3,20144],"1":[1,20143]},"meta":{"lastBranch":2,"lastFunction":4,"lastStatement":8,"seen":{"s:4:47:8:Infinity":0,"f:4:47:4:48":0,"s:5:2:7:Infinity":1,"f:5:9:5:15":1,"s:6:4:6:Infinity":2,"s:10:31:21:Infinity":3,"f:10:31:10:32":2,"s:11:2:21:Infinity":4,"b:12:6:12:Infinity:13:6:21:Infinity":0,"b:13:20:20:Infinity:21:6:21:Infinity":1,"f:14:7:14:13":3,"s:15:8:19:Infinity":5,"s:16:10:16:Infinity":6,"s:18:10:18:Infinity":7}}}
}
