{"/home/rush/Projects/pocket-vue/src/app.ts": {"path":"/home/rush/Projects/pocket-vue/src/app.ts","statementMap":{"0":{"start":{"line":8,"column":20},"end":{"line":9,"column":null}},"1":{"start":{"line":9,"column":2},"end":{"line":9,"column":null}},"2":{"start":{"line":11,"column":25},"end":{"line":100,"column":null}},"3":{"start":{"line":13,"column":14},"end":{"line":13,"column":null}},"4":{"start":{"line":14,"column":2},"end":{"line":26,"column":null}},"5":{"start":{"line":15,"column":4},"end":{"line":15,"column":null}},"6":{"start":{"line":16,"column":4},"end":{"line":16,"column":null}},"7":{"start":{"line":19,"column":4},"end":{"line":25,"column":null}},"8":{"start":{"line":20,"column":29},"end":{"line":20,"column":null}},"9":{"start":{"line":21,"column":6},"end":{"line":24,"column":null}},"10":{"start":{"line":29,"column":2},"end":{"line":29,"column":null}},"11":{"start":{"line":30,"column":2},"end":{"line":30,"column":null}},"12":{"start":{"line":31,"column":2},"end":{"line":31,"column":null}},"13":{"start":{"line":35,"column":2},"end":{"line":99,"column":null}},"14":{"start":{"line":37,"column":6},"end":{"line":42,"column":null}},"15":{"start":{"line":38,"column":8},"end":{"line":38,"column":null}},"16":{"start":{"line":39,"column":8},"end":{"line":39,"column":null}},"17":{"start":{"line":41,"column":8},"end":{"line":41,"column":null}},"18":{"start":{"line":46,"column":6},"end":{"line":46,"column":null}},"19":{"start":{"line":47,"column":6},"end":{"line":47,"column":null}},"20":{"start":{"line":51,"column":6},"end":{"line":59,"column":null}},"21":{"start":{"line":52,"column":25},"end":{"line":52,"column":null}},"22":{"start":{"line":53,"column":8},"end":{"line":53,"column":null}},"23":{"start":{"line":54,"column":8},"end":{"line":58,"column":null}},"24":{"start":{"line":55,"column":10},"end":{"line":56,"column":null}},"25":{"start":{"line":57,"column":10},"end":{"line":57,"column":null}},"26":{"start":{"line":61,"column":6},"end":{"line":61,"column":null}},"27":{"start":{"line":63,"column":6},"end":{"line":69,"column":null}},"28":{"start":{"line":64,"column":8},"end":{"line":64,"column":null}},"29":{"start":{"line":66,"column":8},"end":{"line":68,"column":null}},"30":{"start":{"line":67,"column":20},"end":{"line":67,"column":null}},"31":{"start":{"line":70,"column":6},"end":{"line":72,"column":null}},"32":{"start":{"line":71,"column":8},"end":{"line":71,"column":null}},"33":{"start":{"line":74,"column":6},"end":{"line":82,"column":null}},"34":{"start":{"line":79,"column":8},"end":{"line":81,"column":null}},"35":{"start":{"line":84,"column":6},"end":{"line":84,"column":null}},"36":{"start":{"line":84,"column":37},"end":{"line":84,"column":61}},"37":{"start":{"line":85,"column":6},"end":{"line":85,"column":null}},"38":{"start":{"line":89,"column":6},"end":{"line":89,"column":null}},"39":{"start":{"line":89,"column":36},"end":{"line":89,"column":52}},"40":{"start":{"line":93,"column":6},"end":{"line":93,"column":null}},"41":{"start":{"line":97,"column":6},"end":{"line":97,"column":null}}},"fnMap":{"0":{"name":"(anonymous_0)","decl":{"start":{"line":8,"column":20},"end":{"line":8,"column":21}},"loc":{"start":{"line":9,"column":2},"end":{"line":9,"column":null}},"line":9},"1":{"name":"(anonymous_1)","decl":{"start":{"line":11,"column":25},"end":{"line":11,"column":26}},"loc":{"start":{"line":11,"column":48},"end":{"line":100,"column":null}},"line":11},"2":{"name":"(anonymous_2)","decl":{"start":{"line":36,"column":4},"end":{"line":36,"column":14}},"loc":{"start":{"line":36,"column":45},"end":{"line":43,"column":null}},"line":36},"3":{"name":"(anonymous_3)","decl":{"start":{"line":45,"column":4},"end":{"line":45,"column":8}},"loc":{"start":{"line":45,"column":35},"end":{"line":48,"column":null}},"line":45},"4":{"name":"(anonymous_4)","decl":{"start":{"line":50,"column":4},"end":{"line":50,"column":10}},"loc":{"start":{"line":50,"column":40},"end":{"line":86,"column":null}},"line":50},"5":{"name":"(anonymous_5)","decl":{"start":{"line":67,"column":10},"end":{"line":67,"column":11}},"loc":{"start":{"line":67,"column":20},"end":{"line":67,"column":null}},"line":67},"6":{"name":"(anonymous_6)","decl":{"start":{"line":84,"column":29},"end":{"line":84,"column":30}},"loc":{"start":{"line":84,"column":37},"end":{"line":84,"column":61}},"line":84},"7":{"name":"(anonymous_7)","decl":{"start":{"line":88,"column":4},"end":{"line":88,"column":14}},"loc":{"start":{"line":88,"column":14},"end":{"line":90,"column":null}},"line":88},"8":{"name":"(anonymous_8)","decl":{"start":{"line":89,"column":25},"end":{"line":89,"column":26}},"loc":{"start":{"line":89,"column":36},"end":{"line":89,"column":52}},"line":89},"9":{"name":"(anonymous_9)","decl":{"start":{"line":92,"column":8},"end":{"line":92,"column":21}},"loc":{"start":{"line":92,"column":21},"end":{"line":94,"column":null}},"line":92},"10":{"name":"(anonymous_10)","decl":{"start":{"line":96,"column":8},"end":{"line":96,"column":16}},"loc":{"start":{"line":96,"column":16},"end":{"line":98,"column":null}},"line":96}},"branchMap":{"0":{"loc":{"start":{"line":14,"column":2},"end":{"line":26,"column":null}},"type":"if","locations":[{"start":{"line":14,"column":2},"end":{"line":26,"column":null}},{"start":{},"end":{}}],"line":14},"1":{"loc":{"start":{"line":19,"column":4},"end":{"line":25,"column":null}},"type":"if","locations":[{"start":{"line":19,"column":4},"end":{"line":25,"column":null}},{"start":{},"end":{}}],"line":19},"2":{"loc":{"start":{"line":37,"column":6},"end":{"line":42,"column":null}},"type":"if","locations":[{"start":{"line":37,"column":6},"end":{"line":42,"column":null}},{"start":{"line":40,"column":13},"end":{"line":42,"column":null}}],"line":37},"3":{"loc":{"start":{"line":45,"column":21},"end":{"line":45,"column":35}},"type":"default-arg","locations":[{"start":{"line":45,"column":31},"end":{"line":45,"column":35}}],"line":45},"4":{"loc":{"start":{"line":51,"column":6},"end":{"line":59,"column":null}},"type":"if","locations":[{"start":{"line":51,"column":6},"end":{"line":59,"column":null}},{"start":{},"end":{}}],"line":51},"5":{"loc":{"start":{"line":54,"column":8},"end":{"line":58,"column":null}},"type":"if","locations":[{"start":{"line":54,"column":8},"end":{"line":58,"column":null}},{"start":{},"end":{}}],"line":54},"6":{"loc":{"start":{"line":55,"column":10},"end":{"line":56,"column":null}},"type":"binary-expr","locations":[{"start":{"line":55,"column":10},"end":{"line":55,"column":null}},{"start":{"line":56,"column":12},"end":{"line":56,"column":null}}],"line":55},"7":{"loc":{"start":{"line":61,"column":11},"end":{"line":61,"column":null}},"type":"binary-expr","locations":[{"start":{"line":61,"column":11},"end":{"line":61,"column":17}},{"start":{"line":61,"column":17},"end":{"line":61,"column":null}}],"line":61},"8":{"loc":{"start":{"line":63,"column":6},"end":{"line":69,"column":null}},"type":"if","locations":[{"start":{"line":63,"column":6},"end":{"line":69,"column":null}},{"start":{"line":65,"column":13},"end":{"line":69,"column":null}}],"line":63},"9":{"loc":{"start":{"line":70,"column":6},"end":{"line":72,"column":null}},"type":"if","locations":[{"start":{"line":70,"column":6},"end":{"line":72,"column":null}},{"start":{},"end":{}}],"line":70},"10":{"loc":{"start":{"line":74,"column":6},"end":{"line":82,"column":null}},"type":"if","locations":[{"start":{"line":74,"column":6},"end":{"line":82,"column":null}},{"start":{},"end":{}}],"line":74},"11":{"loc":{"start":{"line":75,"column":8},"end":{"line":77,"column":null}},"type":"binary-expr","locations":[{"start":{"line":75,"column":8},"end":{"line":75,"column":null}},{"start":{"line":76,"column":8},"end":{"line":76,"column":null}},{"start":{"line":77,"column":8},"end":{"line":77,"column":null}}],"line":75}},"s":{"0":5,"1":2,"2":5,"3":119,"4":119,"5":108,"6":108,"7":108,"8":1,"9":1,"10":119,"11":119,"12":119,"13":119,"14":5,"15":3,"16":3,"17":2,"18":3,"19":3,"20":110,"21":4,"22":4,"23":4,"24":1,"25":1,"26":109,"27":110,"28":1,"29":108,"30":6,"31":109,"32":104,"33":109,"34":2,"35":109,"36":110,"37":109,"38":4,"39":4,"40":8,"41":28},"f":{"0":2,"1":119,"2":5,"3":3,"4":110,"5":6,"6":110,"7":4,"8":4,"9":8,"10":28},"b":{"0":[108,11],"1":[1,107],"2":[3,2],"3":[3],"4":[4,106],"5":[1,3],"6":[1,1],"7":[109,2],"8":[1,108],"9":[104,5],"10":[2,107],"11":[109,109,108]},"meta":{"lastBranch":12,"lastFunction":11,"lastStatement":42,"seen":{"s:8:20:9:Infinity":0,"f:8:20:8:21":0,"s:9:2:9:Infinity":1,"s:11:25:100:Infinity":2,"f:11:25:11:26":1,"s:13:14:13:Infinity":3,"b:14:2:26:Infinity:undefined:undefined:undefined:undefined":0,"s:14:2:26:Infinity":4,"s:15:4:15:Infinity":5,"s:16:4:16:Infinity":6,"b:19:4:25:Infinity:undefined:undefined:undefined:undefined":1,"s:19:4:25:Infinity":7,"s:20:29:20:Infinity":8,"s:21:6:24:Infinity":9,"s:29:2:29:Infinity":10,"s:30:2:30:Infinity":11,"s:31:2:31:Infinity":12,"s:35:2:99:Infinity":13,"f:36:4:36:14":2,"b:37:6:42:Infinity:40:13:42:Infinity":2,"s:37:6:42:Infinity":14,"s:38:8:38:Infinity":15,"s:39:8:39:Infinity":16,"s:41:8:41:Infinity":17,"f:45:4:45:8":3,"b:45:31:45:35":3,"s:46:6:46:Infinity":18,"s:47:6:47:Infinity":19,"f:50:4:50:10":4,"b:51:6:59:Infinity:undefined:undefined:undefined:undefined":4,"s:51:6:59:Infinity":20,"s:52:25:52:Infinity":21,"s:53:8:53:Infinity":22,"b:54:8:58:Infinity:undefined:undefined:undefined:undefined":5,"s:54:8:58:Infinity":23,"s:55:10:56:Infinity":24,"b:55:10:55:Infinity:56:12:56:Infinity":6,"s:57:10:57:Infinity":25,"s:61:6:61:Infinity":26,"b:61:11:61:17:61:17:61:Infinity":7,"b:63:6:69:Infinity:65:13:69:Infinity":8,"s:63:6:69:Infinity":27,"s:64:8:64:Infinity":28,"s:66:8:68:Infinity":29,"f:67:10:67:11":5,"s:67:20:67:Infinity":30,"b:70:6:72:Infinity:undefined:undefined:undefined:undefined":9,"s:70:6:72:Infinity":31,"s:71:8:71:Infinity":32,"b:74:6:82:Infinity:undefined:undefined:undefined:undefined":10,"s:74:6:82:Infinity":33,"b:75:8:75:Infinity:76:8:76:Infinity:77:8:77:Infinity":11,"s:79:8:81:Infinity":34,"s:84:6:84:Infinity":35,"f:84:29:84:30":6,"s:84:37:84:61":36,"s:85:6:85:Infinity":37,"f:88:4:88:14":7,"s:89:6:89:Infinity":38,"f:89:25:89:26":8,"s:89:36:89:52":39,"f:92:8:92:21":9,"s:93:6:93:Infinity":40,"f:96:8:96:16":10,"s:97:6:97:Infinity":41}}}
,"/home/rush/Projects/pocket-vue/src/block.ts": {"path":"/home/rush/Projects/pocket-vue/src/block.ts","statementMap":{"0":{"start":{"line":17,"column":4},"end":{"line":17,"column":null}},"1":{"start":{"line":21,"column":4},"end":{"line":21,"column":null}},"2":{"start":{"line":23,"column":4},"end":{"line":31,"column":null}},"3":{"start":{"line":24,"column":6},"end":{"line":24,"column":null}},"4":{"start":{"line":25,"column":4},"end":{"line":31,"column":null}},"5":{"start":{"line":26,"column":6},"end":{"line":28,"column":null}},"6":{"start":{"line":30,"column":6},"end":{"line":30,"column":null}},"7":{"start":{"line":33,"column":4},"end":{"line":40,"column":null}},"8":{"start":{"line":34,"column":6},"end":{"line":34,"column":null}},"9":{"start":{"line":37,"column":6},"end":{"line":37,"column":null}},"10":{"start":{"line":38,"column":6},"end":{"line":38,"column":null}},"11":{"start":{"line":39,"column":6},"end":{"line":39,"column":null}},"12":{"start":{"line":42,"column":4},"end":{"line":42,"column":null}},"13":{"start":{"line":46,"column":4},"end":{"line":69,"column":null}},"14":{"start":{"line":47,"column":6},"end":{"line":66,"column":null}},"15":{"start":{"line":49,"column":36},"end":{"line":49,"column":null}},"16":{"start":{"line":50,"column":32},"end":{"line":50,"column":null}},"17":{"start":{"line":51,"column":8},"end":{"line":55,"column":null}},"18":{"start":{"line":52,"column":10},"end":{"line":52,"column":null}},"19":{"start":{"line":53,"column":10},"end":{"line":53,"column":null}},"20":{"start":{"line":53,"column":33},"end":{"line":53,"column":null}},"21":{"start":{"line":54,"column":10},"end":{"line":54,"column":null}},"22":{"start":{"line":57,"column":8},"end":{"line":59,"column":null}},"23":{"start":{"line":57,"column":21},"end":{"line":57,"column":45}},"24":{"start":{"line":58,"column":10},"end":{"line":58,"column":null}},"25":{"start":{"line":61,"column":8},"end":{"line":61,"column":null}},"26":{"start":{"line":62,"column":8},"end":{"line":62,"column":null}},"27":{"start":{"line":63,"column":8},"end":{"line":63,"column":null}},"28":{"start":{"line":64,"column":8},"end":{"line":64,"column":null}},"29":{"start":{"line":65,"column":8},"end":{"line":65,"column":null}},"30":{"start":{"line":68,"column":6},"end":{"line":68,"column":null}},"31":{"start":{"line":73,"column":4},"end":{"line":75,"column":null}},"32":{"start":{"line":74,"column":6},"end":{"line":74,"column":null}},"33":{"start":{"line":76,"column":4},"end":{"line":88,"column":null}},"34":{"start":{"line":77,"column":21},"end":{"line":77,"column":null}},"35":{"start":{"line":78,"column":30},"end":{"line":78,"column":null}},"36":{"start":{"line":80,"column":6},"end":{"line":85,"column":null}},"37":{"start":{"line":81,"column":8},"end":{"line":81,"column":null}},"38":{"start":{"line":82,"column":8},"end":{"line":82,"column":null}},"39":{"start":{"line":83,"column":8},"end":{"line":83,"column":null}},"40":{"start":{"line":83,"column":31},"end":{"line":83,"column":null}},"41":{"start":{"line":84,"column":8},"end":{"line":84,"column":null}},"42":{"start":{"line":87,"column":6},"end":{"line":87,"column":null}},"43":{"start":{"line":89,"column":4},"end":{"line":89,"column":null}},"44":{"start":{"line":98,"column":4},"end":{"line":106,"column":null}},"45":{"start":{"line":99,"column":6},"end":{"line":105,"column":null}},"46":{"start":{"line":100,"column":8},"end":{"line":100,"column":null}},"47":{"start":{"line":102,"column":8},"end":{"line":104,"column":null}},"48":{"start":{"line":103,"column":10},"end":{"line":103,"column":null}},"49":{"start":{"line":109,"column":4},"end":{"line":117,"column":null}},"50":{"start":{"line":110,"column":6},"end":{"line":116,"column":null}},"51":{"start":{"line":111,"column":8},"end":{"line":111,"column":null}},"52":{"start":{"line":113,"column":8},"end":{"line":115,"column":null}},"53":{"start":{"line":114,"column":10},"end":{"line":114,"column":null}},"54":{"start":{"line":120,"column":4},"end":{"line":128,"column":null}},"55":{"start":{"line":121,"column":6},"end":{"line":127,"column":null}},"56":{"start":{"line":122,"column":8},"end":{"line":122,"column":null}},"57":{"start":{"line":124,"column":8},"end":{"line":126,"column":null}},"58":{"start":{"line":125,"column":10},"end":{"line":125,"column":null}},"59":{"start":{"line":131,"column":4},"end":{"line":131,"column":null}},"60":{"start":{"line":132,"column":4},"end":{"line":132,"column":null}},"61":{"start":{"line":133,"column":4},"end":{"line":133,"column":null}}},"fnMap":{"0":{"name":"(anonymous_0)","decl":{"start":{"line":16,"column":6},"end":{"line":16,"column":11}},"loc":{"start":{"line":16,"column":11},"end":{"line":18,"column":null}},"line":16},"1":{"name":"(anonymous_1)","decl":{"start":{"line":20,"column":2},"end":{"line":20,"column":14}},"loc":{"start":{"line":20,"column":69},"end":{"line":43,"column":null}},"line":20},"2":{"name":"(anonymous_2)","decl":{"start":{"line":45,"column":2},"end":{"line":45,"column":9}},"loc":{"start":{"line":45,"column":84},"end":{"line":70,"column":null}},"line":45},"3":{"name":"(anonymous_3)","decl":{"start":{"line":72,"column":2},"end":{"line":72,"column":11}},"loc":{"start":{"line":72,"column":11},"end":{"line":90,"column":null}},"line":72},"4":{"name":"(anonymous_4)","decl":{"start":{"line":96,"column":2},"end":{"line":96,"column":13}},"loc":{"start":{"line":96,"column":13},"end":{"line":134,"column":null}},"line":96},"5":{"name":"(anonymous_5)","decl":{"start":{"line":98,"column":28},"end":{"line":98,"column":29}},"loc":{"start":{"line":98,"column":39},"end":{"line":106,"column":5}},"line":98},"6":{"name":"(anonymous_6)","decl":{"start":{"line":109,"column":29},"end":{"line":109,"column":30}},"loc":{"start":{"line":109,"column":41},"end":{"line":117,"column":5}},"line":109},"7":{"name":"(anonymous_7)","decl":{"start":{"line":120,"column":30},"end":{"line":120,"column":31}},"loc":{"start":{"line":120,"column":43},"end":{"line":128,"column":5}},"line":120}},"branchMap":{"0":{"loc":{"start":{"line":17,"column":11},"end":{"line":17,"column":null}},"type":"binary-expr","locations":[{"start":{"line":17,"column":11},"end":{"line":17,"column":26}},{"start":{"line":17,"column":26},"end":{"line":17,"column":null}}],"line":17},"1":{"loc":{"start":{"line":20,"column":53},"end":{"line":20,"column":69}},"type":"default-arg","locations":[{"start":{"line":20,"column":62},"end":{"line":20,"column":69}}],"line":20},"2":{"loc":{"start":{"line":23,"column":4},"end":{"line":31,"column":null}},"type":"if","locations":[{"start":{"line":23,"column":4},"end":{"line":31,"column":null}},{"start":{"line":25,"column":4},"end":{"line":31,"column":null}}],"line":23},"3":{"loc":{"start":{"line":25,"column":4},"end":{"line":31,"column":null}},"type":"if","locations":[{"start":{"line":25,"column":4},"end":{"line":31,"column":null}},{"start":{"line":29,"column":11},"end":{"line":31,"column":null}}],"line":25},"4":{"loc":{"start":{"line":33,"column":4},"end":{"line":40,"column":null}},"type":"if","locations":[{"start":{"line":33,"column":4},"end":{"line":40,"column":null}},{"start":{"line":35,"column":11},"end":{"line":40,"column":null}}],"line":33},"5":{"loc":{"start":{"line":45,"column":56},"end":{"line":45,"column":84}},"type":"default-arg","locations":[{"start":{"line":45,"column":78},"end":{"line":45,"column":84}}],"line":45},"6":{"loc":{"start":{"line":46,"column":4},"end":{"line":69,"column":null}},"type":"if","locations":[{"start":{"line":46,"column":4},"end":{"line":69,"column":null}},{"start":{"line":67,"column":11},"end":{"line":69,"column":null}}],"line":46},"7":{"loc":{"start":{"line":47,"column":6},"end":{"line":66,"column":null}},"type":"if","locations":[{"start":{"line":47,"column":6},"end":{"line":66,"column":null}},{"start":{"line":60,"column":13},"end":{"line":66,"column":null}}],"line":47},"8":{"loc":{"start":{"line":53,"column":10},"end":{"line":53,"column":null}},"type":"if","locations":[{"start":{"line":53,"column":10},"end":{"line":53,"column":null}},{"start":{},"end":{}}],"line":53},"9":{"loc":{"start":{"line":73,"column":4},"end":{"line":75,"column":null}},"type":"if","locations":[{"start":{"line":73,"column":4},"end":{"line":75,"column":null}},{"start":{},"end":{}}],"line":73},"10":{"loc":{"start":{"line":76,"column":4},"end":{"line":88,"column":null}},"type":"if","locations":[{"start":{"line":76,"column":4},"end":{"line":88,"column":null}},{"start":{"line":86,"column":11},"end":{"line":88,"column":null}}],"line":76},"11":{"loc":{"start":{"line":83,"column":8},"end":{"line":83,"column":null}},"type":"if","locations":[{"start":{"line":83,"column":8},"end":{"line":83,"column":null}},{"start":{},"end":{}}],"line":83},"12":{"loc":{"start":{"line":102,"column":8},"end":{"line":104,"column":null}},"type":"if","locations":[{"start":{"line":102,"column":8},"end":{"line":104,"column":null}},{"start":{},"end":{}}],"line":102},"13":{"loc":{"start":{"line":113,"column":8},"end":{"line":115,"column":null}},"type":"if","locations":[{"start":{"line":113,"column":8},"end":{"line":115,"column":null}},{"start":{},"end":{}}],"line":113},"14":{"loc":{"start":{"line":124,"column":8},"end":{"line":126,"column":null}},"type":"if","locations":[{"start":{"line":124,"column":8},"end":{"line":126,"column":null}},{"start":{},"end":{}}],"line":124}},"s":{"0":60,"1":10197,"2":10197,"3":112,"4":10085,"5":4,"6":10081,"7":10197,"8":112,"9":10085,"10":10085,"11":10085,"12":10197,"13":10088,"14":4,"15":1,"16":1,"17":1,"18":3,"19":3,"20":1,"21":2,"22":1,"23":1,"24":3,"25":3,"26":3,"27":3,"28":3,"29":3,"30":10084,"31":12,"32":11,"33":12,"34":1,"35":1,"36":1,"37":3,"38":3,"39":3,"40":1,"41":2,"42":11,"43":12,"44":18,"45":1,"46":1,"47":0,"48":0,"49":18,"50":12,"51":12,"52":0,"53":0,"54":18,"55":3,"56":3,"57":0,"58":0,"59":18,"60":18,"61":18},"f":{"0":60,"1":10197,"2":10088,"3":12,"4":18,"5":1,"6":12,"7":3},"b":{"0":[60,60],"1":[10197],"2":[112,10085],"3":[4,10081],"4":[112,10085],"5":[10088],"6":[4,10084],"7":[1,3],"8":[1,2],"9":[11,1],"10":[1,11],"11":[1,2],"12":[0,0],"13":[0,0],"14":[0,0]},"meta":{"lastBranch":15,"lastFunction":8,"lastStatement":62,"seen":{"f:16:6:16:11":0,"s:17:4:17:Infinity":0,"b:17:11:17:26:17:26:17:Infinity":0,"f:20:2:20:14":1,"b:20:62:20:69":1,"s:21:4:21:Infinity":1,"b:23:4:31:Infinity:25:4:31:Infinity":2,"s:23:4:31:Infinity":2,"s:24:6:24:Infinity":3,"b:25:4:31:Infinity:29:11:31:Infinity":3,"s:25:4:31:Infinity":4,"s:26:6:28:Infinity":5,"s:30:6:30:Infinity":6,"b:33:4:40:Infinity:35:11:40:Infinity":4,"s:33:4:40:Infinity":7,"s:34:6:34:Infinity":8,"s:37:6:37:Infinity":9,"s:38:6:38:Infinity":10,"s:39:6:39:Infinity":11,"s:42:4:42:Infinity":12,"f:45:2:45:9":2,"b:45:78:45:84":5,"b:46:4:69:Infinity:67:11:69:Infinity":6,"s:46:4:69:Infinity":13,"b:47:6:66:Infinity:60:13:66:Infinity":7,"s:47:6:66:Infinity":14,"s:49:36:49:Infinity":15,"s:50:32:50:Infinity":16,"s:51:8:55:Infinity":17,"s:52:10:52:Infinity":18,"b:53:10:53:Infinity:undefined:undefined:undefined:undefined":8,"s:53:10:53:Infinity":19,"s:53:33:53:Infinity":20,"s:54:10:54:Infinity":21,"s:57:8:59:Infinity":22,"s:57:21:57:45":23,"s:58:10:58:Infinity":24,"s:61:8:61:Infinity":25,"s:62:8:62:Infinity":26,"s:63:8:63:Infinity":27,"s:64:8:64:Infinity":28,"s:65:8:65:Infinity":29,"s:68:6:68:Infinity":30,"f:72:2:72:11":3,"b:73:4:75:Infinity:undefined:undefined:undefined:undefined":9,"s:73:4:75:Infinity":31,"s:74:6:74:Infinity":32,"b:76:4:88:Infinity:86:11:88:Infinity":10,"s:76:4:88:Infinity":33,"s:77:21:77:Infinity":34,"s:78:30:78:Infinity":35,"s:80:6:85:Infinity":36,"s:81:8:81:Infinity":37,"s:82:8:82:Infinity":38,"b:83:8:83:Infinity:undefined:undefined:undefined:undefined":11,"s:83:8:83:Infinity":39,"s:83:31:83:Infinity":40,"s:84:8:84:Infinity":41,"s:87:6:87:Infinity":42,"s:89:4:89:Infinity":43,"f:96:2:96:13":4,"s:98:4:106:Infinity":44,"f:98:28:98:29":5,"s:99:6:105:Infinity":45,"s:100:8:100:Infinity":46,"b:102:8:104:Infinity:undefined:undefined:undefined:undefined":12,"s:102:8:104:Infinity":47,"s:103:10:103:Infinity":48,"s:109:4:117:Infinity":49,"f:109:29:109:30":6,"s:110:6:116:Infinity":50,"s:111:8:111:Infinity":51,"b:113:8:115:Infinity:undefined:undefined:undefined:undefined":13,"s:113:8:115:Infinity":52,"s:114:10:114:Infinity":53,"s:120:4:128:Infinity":54,"f:120:30:120:31":7,"s:121:6:127:Infinity":55,"s:122:8:122:Infinity":56,"b:124:8:126:Infinity:undefined:undefined:undefined:undefined":14,"s:124:8:126:Infinity":57,"s:125:10:125:Infinity":58,"s:131:4:131:Infinity":59,"s:132:4:132:Infinity":60,"s:133:4:133:Infinity":61}}}
,"/home/rush/Projects/pocket-vue/src/context.ts": {"path":"/home/rush/Projects/pocket-vue/src/context.ts","statementMap":{"0":{"start":{"line":23,"column":29},"end":{"line":46,"column":null}},"1":{"start":{"line":24,"column":23},"end":{"line":44,"column":null}},"2":{"start":{"line":34,"column":6},"end":{"line":37,"column":null}},"3":{"start":{"line":35,"column":8},"end":{"line":35,"column":null}},"4":{"start":{"line":36,"column":8},"end":{"line":36,"column":null}},"5":{"start":{"line":38,"column":38},"end":{"line":40,"column":null}},"6":{"start":{"line":39,"column":25},"end":{"line":39,"column":null}},"7":{"start":{"line":41,"column":6},"end":{"line":41,"column":null}},"8":{"start":{"line":42,"column":6},"end":{"line":42,"column":null}},"9":{"start":{"line":45,"column":2},"end":{"line":45,"column":null}},"10":{"start":{"line":48,"column":35},"end":{"line":71,"column":null}},"11":{"start":{"line":49,"column":22},"end":{"line":49,"column":null}},"12":{"start":{"line":50,"column":22},"end":{"line":50,"column":null}},"13":{"start":{"line":51,"column":2},"end":{"line":51,"column":null}},"14":{"start":{"line":52,"column":2},"end":{"line":52,"column":null}},"15":{"start":{"line":53,"column":24},"end":{"line":64,"column":null}},"16":{"start":{"line":58,"column":8},"end":{"line":60,"column":null}},"17":{"start":{"line":59,"column":10},"end":{"line":59,"column":null}},"18":{"start":{"line":61,"column":8},"end":{"line":61,"column":null}},"19":{"start":{"line":66,"column":2},"end":{"line":66,"column":null}},"20":{"start":{"line":67,"column":2},"end":{"line":70,"column":null}},"21":{"start":{"line":73,"column":34},"end":{"line":79,"column":null}},"22":{"start":{"line":74,"column":2},"end":{"line":78,"column":null}},"23":{"start":{"line":75,"column":4},"end":{"line":77,"column":null}},"24":{"start":{"line":76,"column":6},"end":{"line":76,"column":null}}},"fnMap":{"0":{"name":"(anonymous_0)","decl":{"start":{"line":23,"column":29},"end":{"line":23,"column":30}},"loc":{"start":{"line":23,"column":60},"end":{"line":46,"column":null}},"line":23},"1":{"name":"(anonymous_1)","decl":{"start":{"line":33,"column":12},"end":{"line":33,"column":13}},"loc":{"start":{"line":33,"column":20},"end":{"line":43,"column":null}},"line":33},"2":{"name":"(anonymous_2)","decl":{"start":{"line":39,"column":19},"end":{"line":39,"column":25}},"loc":{"start":{"line":39,"column":25},"end":{"line":39,"column":null}},"line":39},"3":{"name":"(anonymous_3)","decl":{"start":{"line":48,"column":35},"end":{"line":48,"column":36}},"loc":{"start":{"line":48,"column":73},"end":{"line":71,"column":null}},"line":48},"4":{"name":"(anonymous_4)","decl":{"start":{"line":55,"column":6},"end":{"line":55,"column":10}},"loc":{"start":{"line":55,"column":38},"end":{"line":62,"column":null}},"line":55},"5":{"name":"(anonymous_5)","decl":{"start":{"line":73,"column":34},"end":{"line":73,"column":35}},"loc":{"start":{"line":73,"column":66},"end":{"line":79,"column":null}},"line":73}},"branchMap":{"0":{"loc":{"start":{"line":28,"column":11},"end":{"line":28,"column":null}},"type":"cond-expr","locations":[{"start":{"line":28,"column":20},"end":{"line":28,"column":35}},{"start":{"line":28,"column":35},"end":{"line":28,"column":null}}],"line":28},"1":{"loc":{"start":{"line":29,"column":10},"end":{"line":29,"column":null}},"type":"cond-expr","locations":[{"start":{"line":29,"column":19},"end":{"line":29,"column":33}},{"start":{"line":29,"column":33},"end":{"line":29,"column":null}}],"line":29},"2":{"loc":{"start":{"line":34,"column":6},"end":{"line":37,"column":null}},"type":"if","locations":[{"start":{"line":34,"column":6},"end":{"line":37,"column":null}},{"start":{},"end":{}}],"line":34},"3":{"loc":{"start":{"line":48,"column":50},"end":{"line":48,"column":73}},"type":"default-arg","locations":[{"start":{"line":48,"column":57},"end":{"line":48,"column":73}}],"line":48},"4":{"loc":{"start":{"line":58,"column":8},"end":{"line":60,"column":null}},"type":"if","locations":[{"start":{"line":58,"column":8},"end":{"line":60,"column":null}},{"start":{},"end":{}}],"line":58},"5":{"loc":{"start":{"line":58,"column":12},"end":{"line":58,"column":64}},"type":"binary-expr","locations":[{"start":{"line":58,"column":12},"end":{"line":58,"column":42}},{"start":{"line":58,"column":42},"end":{"line":58,"column":64}}],"line":58},"6":{"loc":{"start":{"line":75,"column":4},"end":{"line":77,"column":null}},"type":"if","locations":[{"start":{"line":75,"column":4},"end":{"line":77,"column":null}},{"start":{},"end":{}}],"line":75}},"s":{"0":9,"1":10281,"2":10223,"3":1,"4":1,"5":10222,"6":1087,"7":10222,"8":10222,"9":10281,"10":9,"11":10107,"12":10107,"13":10107,"14":10107,"15":10107,"16":53,"17":1,"18":52,"19":10107,"20":10107,"21":9,"22":10218,"23":20360,"24":14},"f":{"0":10281,"1":10223,"2":1087,"3":10107,"4":53,"5":10218},"b":{"0":[10086,195],"1":[10086,195],"2":[1,10222],"3":[10107],"4":[1,52],"5":[53,48],"6":[14,20346]},"meta":{"lastBranch":7,"lastFunction":6,"lastStatement":25,"seen":{"s:23:29:46:Infinity":0,"f:23:29:23:30":0,"s:24:23:44:Infinity":1,"b:28:20:28:35:28:35:28:Infinity":0,"b:29:19:29:33:29:33:29:Infinity":1,"f:33:12:33:13":1,"b:34:6:37:Infinity:undefined:undefined:undefined:undefined":2,"s:34:6:37:Infinity":2,"s:35:8:35:Infinity":3,"s:36:8:36:Infinity":4,"s:38:38:40:Infinity":5,"f:39:19:39:25":2,"s:39:25:39:Infinity":6,"s:41:6:41:Infinity":7,"s:42:6:42:Infinity":8,"s:45:2:45:Infinity":9,"s:48:35:71:Infinity":10,"f:48:35:48:36":3,"b:48:57:48:73":3,"s:49:22:49:Infinity":11,"s:50:22:50:Infinity":12,"s:51:2:51:Infinity":13,"s:52:2:52:Infinity":14,"s:53:24:64:Infinity":15,"f:55:6:55:10":4,"b:58:8:60:Infinity:undefined:undefined:undefined:undefined":4,"s:58:8:60:Infinity":16,"b:58:12:58:42:58:42:58:64":5,"s:59:10:59:Infinity":17,"s:61:8:61:Infinity":18,"s:66:2:66:Infinity":19,"s:67:2:70:Infinity":20,"s:73:34:79:Infinity":21,"f:73:34:73:35":5,"s:74:2:78:Infinity":22,"b:75:4:77:Infinity:undefined:undefined:undefined:undefined":6,"s:75:4:77:Infinity":23,"s:76:6:76:Infinity":24}}}
,"/home/rush/Projects/pocket-vue/src/dev.ts": {"path":"/home/rush/Projects/pocket-vue/src/dev.ts","statementMap":{"0":{"start":{"line":10,"column":36},"end":{"line":42,"column":null}},"1":{"start":{"line":11,"column":4},"end":{"line":34,"column":null}},"2":{"start":{"line":12,"column":8},"end":{"line":33,"column":null}},"3":{"start":{"line":17,"column":16},"end":{"line":17,"column":null}},"4":{"start":{"line":24,"column":16},"end":{"line":24,"column":null}},"5":{"start":{"line":31,"column":16},"end":{"line":31,"column":null}},"6":{"start":{"line":37,"column":4},"end":{"line":41,"column":null}},"7":{"start":{"line":48,"column":24},"end":{"line":48,"column":null}},"8":{"start":{"line":53,"column":20},"end":{"line":57,"column":null}},"9":{"start":{"line":54,"column":4},"end":{"line":56,"column":null}},"10":{"start":{"line":55,"column":8},"end":{"line":55,"column":null}},"11":{"start":{"line":62,"column":21},"end":{"line":66,"column":null}},"12":{"start":{"line":63,"column":4},"end":{"line":65,"column":null}},"13":{"start":{"line":64,"column":8},"end":{"line":64,"column":null}},"14":{"start":{"line":71,"column":22},"end":{"line":75,"column":null}},"15":{"start":{"line":72,"column":4},"end":{"line":74,"column":null}},"16":{"start":{"line":73,"column":8},"end":{"line":73,"column":null}}},"fnMap":{"0":{"name":"(anonymous_0)","decl":{"start":{"line":10,"column":36},"end":{"line":10,"column":null}},"loc":{"start":{"line":10,"column":36},"end":{"line":42,"column":null}},"line":10},"1":{"name":"(anonymous_1)","decl":{"start":{"line":16,"column":18},"end":{"line":16,"column":19}},"loc":{"start":{"line":16,"column":51},"end":{"line":18,"column":null}},"line":16},"2":{"name":"(anonymous_2)","decl":{"start":{"line":23,"column":19},"end":{"line":23,"column":20}},"loc":{"start":{"line":23,"column":52},"end":{"line":25,"column":null}},"line":23},"3":{"name":"(anonymous_3)","decl":{"start":{"line":30,"column":19},"end":{"line":30,"column":20}},"loc":{"start":{"line":30,"column":52},"end":{"line":32,"column":null}},"line":30},"4":{"name":"(anonymous_4)","decl":{"start":{"line":38,"column":14},"end":{"line":38,"column":20}},"loc":{"start":{"line":38,"column":20},"end":{"line":38,"column":null}},"line":38},"5":{"name":"(anonymous_5)","decl":{"start":{"line":39,"column":15},"end":{"line":39,"column":21}},"loc":{"start":{"line":39,"column":21},"end":{"line":39,"column":null}},"line":39},"6":{"name":"(anonymous_6)","decl":{"start":{"line":40,"column":15},"end":{"line":40,"column":21}},"loc":{"start":{"line":40,"column":21},"end":{"line":40,"column":null}},"line":40},"7":{"name":"(anonymous_7)","decl":{"start":{"line":53,"column":20},"end":{"line":53,"column":21}},"loc":{"start":{"line":53,"column":53},"end":{"line":57,"column":null}},"line":53},"8":{"name":"(anonymous_8)","decl":{"start":{"line":62,"column":21},"end":{"line":62,"column":22}},"loc":{"start":{"line":62,"column":54},"end":{"line":66,"column":null}},"line":62},"9":{"name":"(anonymous_9)","decl":{"start":{"line":71,"column":22},"end":{"line":71,"column":23}},"loc":{"start":{"line":71,"column":59},"end":{"line":75,"column":null}},"line":71}},"branchMap":{"0":{"loc":{"start":{"line":11,"column":4},"end":{"line":34,"column":null}},"type":"if","locations":[{"start":{"line":11,"column":4},"end":{"line":34,"column":null}},{"start":{},"end":{}}],"line":11},"1":{"loc":{"start":{"line":54,"column":4},"end":{"line":56,"column":null}},"type":"if","locations":[{"start":{"line":54,"column":4},"end":{"line":56,"column":null}},{"start":{},"end":{}}],"line":54},"2":{"loc":{"start":{"line":63,"column":4},"end":{"line":65,"column":null}},"type":"if","locations":[{"start":{"line":63,"column":4},"end":{"line":65,"column":null}},{"start":{},"end":{}}],"line":63},"3":{"loc":{"start":{"line":72,"column":4},"end":{"line":74,"column":null}},"type":"if","locations":[{"start":{"line":72,"column":4},"end":{"line":74,"column":null}},{"start":{},"end":{}}],"line":72},"4":{"loc":{"start":{"line":72,"column":8},"end":{"line":72,"column":43}},"type":"binary-expr","locations":[{"start":{"line":72,"column":8},"end":{"line":72,"column":31}},{"start":{"line":72,"column":31},"end":{"line":72,"column":43}}],"line":72}},"s":{"0":0,"1":0,"2":0,"3":0,"4":0,"5":0,"6":0,"7":0,"8":0,"9":0,"10":0,"11":0,"12":0,"13":0,"14":0,"15":0,"16":0},"f":{"0":0,"1":0,"2":0,"3":0,"4":0,"5":0,"6":0,"7":0,"8":0,"9":0},"b":{"0":[0,0],"1":[0,0],"2":[0,0],"3":[0,0],"4":[0,0]},"meta":{"lastBranch":5,"lastFunction":10,"lastStatement":17,"seen":{"s:10:36:42:Infinity":0,"f:10:36:10:Infinity":0,"b:11:4:34:Infinity:undefined:undefined:undefined:undefined":0,"s:11:4:34:Infinity":1,"s:12:8:33:Infinity":2,"f:16:18:16:19":1,"s:17:16:17:Infinity":3,"f:23:19:23:20":2,"s:24:16:24:Infinity":4,"f:30:19:30:20":3,"s:31:16:31:Infinity":5,"s:37:4:41:Infinity":6,"f:38:14:38:20":4,"f:39:15:39:21":5,"f:40:15:40:21":6,"s:48:24:48:Infinity":7,"s:53:20:57:Infinity":8,"f:53:20:53:21":7,"b:54:4:56:Infinity:undefined:undefined:undefined:undefined":1,"s:54:4:56:Infinity":9,"s:55:8:55:Infinity":10,"s:62:21:66:Infinity":11,"f:62:21:62:22":8,"b:63:4:65:Infinity:undefined:undefined:undefined:undefined":2,"s:63:4:65:Infinity":12,"s:64:8:64:Infinity":13,"s:71:22:75:Infinity":14,"f:71:22:71:23":9,"b:72:4:74:Infinity:undefined:undefined:undefined:undefined":3,"s:72:4:74:Infinity":15,"b:72:8:72:31:72:31:72:43":4,"s:73:8:73:Infinity":16}}}
,"/home/rush/Projects/pocket-vue/src/eval.ts": {"path":"/home/rush/Projects/pocket-vue/src/eval.ts","statementMap":{"0":{"start":{"line":1,"column":62},"end":{"line":1,"column":null}},"1":{"start":{"line":4,"column":27},"end":{"line":8,"column":null}},"2":{"start":{"line":10,"column":27},"end":{"line":13,"column":null}},"3":{"start":{"line":11,"column":2},"end":{"line":11,"column":null}},"4":{"start":{"line":11,"column":54},"end":{"line":11,"column":null}},"5":{"start":{"line":12,"column":2},"end":{"line":12,"column":null}},"6":{"start":{"line":12,"column":45},"end":{"line":12,"column":62}},"7":{"start":{"line":15,"column":24},"end":{"line":31,"column":null}},"8":{"start":{"line":16,"column":2},"end":{"line":21,"column":null}},"9":{"start":{"line":17,"column":4},"end":{"line":19,"column":null}},"10":{"start":{"line":18,"column":6},"end":{"line":18,"column":null}},"11":{"start":{"line":20,"column":4},"end":{"line":20,"column":null}},"12":{"start":{"line":23,"column":2},"end":{"line":30,"column":null}},"13":{"start":{"line":24,"column":4},"end":{"line":24,"column":null}},"14":{"start":{"line":26,"column":4},"end":{"line":28,"column":null}},"15":{"start":{"line":27,"column":6},"end":{"line":27,"column":null}},"16":{"start":{"line":29,"column":4},"end":{"line":29,"column":null}},"17":{"start":{"line":33,"column":23},"end":{"line":52,"column":null}},"18":{"start":{"line":34,"column":2},"end":{"line":39,"column":null}},"19":{"start":{"line":35,"column":4},"end":{"line":37,"column":null}},"20":{"start":{"line":36,"column":6},"end":{"line":36,"column":null}},"21":{"start":{"line":38,"column":4},"end":{"line":38,"column":null}},"22":{"start":{"line":41,"column":13},"end":{"line":41,"column":null}},"23":{"start":{"line":42,"column":2},"end":{"line":51,"column":null}},"24":{"start":{"line":43,"column":4},"end":{"line":43,"column":null}},"25":{"start":{"line":45,"column":4},"end":{"line":47,"column":null}},"26":{"start":{"line":46,"column":6},"end":{"line":46,"column":null}},"27":{"start":{"line":49,"column":4},"end":{"line":49,"column":null}},"28":{"start":{"line":50,"column":4},"end":{"line":50,"column":null}},"29":{"start":{"line":54,"column":19},"end":{"line":63,"column":null}},"30":{"start":{"line":55,"column":2},"end":{"line":62,"column":null}},"31":{"start":{"line":56,"column":4},"end":{"line":56,"column":null}},"32":{"start":{"line":58,"column":4},"end":{"line":60,"column":null}},"33":{"start":{"line":59,"column":6},"end":{"line":59,"column":null}},"34":{"start":{"line":61,"column":4},"end":{"line":61,"column":null}}},"fnMap":{"0":{"name":"(anonymous_0)","decl":{"start":{"line":10,"column":27},"end":{"line":10,"column":28}},"loc":{"start":{"line":10,"column":53},"end":{"line":13,"column":null}},"line":10},"1":{"name":"(anonymous_1)","decl":{"start":{"line":12,"column":34},"end":{"line":12,"column":45}},"loc":{"start":{"line":12,"column":45},"end":{"line":12,"column":62}},"line":12},"2":{"name":"(anonymous_2)","decl":{"start":{"line":15,"column":24},"end":{"line":15,"column":25}},"loc":{"start":{"line":15,"column":70},"end":{"line":31,"column":null}},"line":15},"3":{"name":"(anonymous_3)","decl":{"start":{"line":33,"column":23},"end":{"line":33,"column":24}},"loc":{"start":{"line":33,"column":63},"end":{"line":52,"column":null}},"line":33},"4":{"name":"(anonymous_4)","decl":{"start":{"line":54,"column":19},"end":{"line":54,"column":20}},"loc":{"start":{"line":54,"column":46},"end":{"line":63,"column":null}},"line":54},"5":{"name":"(anonymous_5)","decl":{"start":{"line":61,"column":11},"end":{"line":61,"column":17}},"loc":{"start":{"line":61,"column":17},"end":{"line":61,"column":null}},"line":61}},"branchMap":{"0":{"loc":{"start":{"line":11,"column":2},"end":{"line":11,"column":null}},"type":"if","locations":[{"start":{"line":11,"column":2},"end":{"line":11,"column":null}},{"start":{},"end":{}}],"line":11},"1":{"loc":{"start":{"line":11,"column":6},"end":{"line":11,"column":54}},"type":"binary-expr","locations":[{"start":{"line":11,"column":6},"end":{"line":11,"column":21}},{"start":{"line":11,"column":21},"end":{"line":11,"column":35}},{"start":{"line":11,"column":35},"end":{"line":11,"column":54}}],"line":11},"2":{"loc":{"start":{"line":16,"column":2},"end":{"line":21,"column":null}},"type":"if","locations":[{"start":{"line":16,"column":2},"end":{"line":21,"column":null}},{"start":{},"end":{}}],"line":16},"3":{"loc":{"start":{"line":17,"column":4},"end":{"line":19,"column":null}},"type":"if","locations":[{"start":{"line":17,"column":4},"end":{"line":19,"column":null}},{"start":{},"end":{}}],"line":17},"4":{"loc":{"start":{"line":26,"column":4},"end":{"line":28,"column":null}},"type":"if","locations":[{"start":{"line":26,"column":4},"end":{"line":28,"column":null}},{"start":{},"end":{}}],"line":26},"5":{"loc":{"start":{"line":34,"column":2},"end":{"line":39,"column":null}},"type":"if","locations":[{"start":{"line":34,"column":2},"end":{"line":39,"column":null}},{"start":{},"end":{}}],"line":34},"6":{"loc":{"start":{"line":35,"column":4},"end":{"line":37,"column":null}},"type":"if","locations":[{"start":{"line":35,"column":4},"end":{"line":37,"column":null}},{"start":{},"end":{}}],"line":35},"7":{"loc":{"start":{"line":41,"column":13},"end":{"line":41,"column":null}},"type":"binary-expr","locations":[{"start":{"line":41,"column":13},"end":{"line":41,"column":32}},{"start":{"line":41,"column":32},"end":{"line":41,"column":null}}],"line":41},"8":{"loc":{"start":{"line":45,"column":4},"end":{"line":47,"column":null}},"type":"if","locations":[{"start":{"line":45,"column":4},"end":{"line":47,"column":null}},{"start":{},"end":{}}],"line":45},"9":{"loc":{"start":{"line":58,"column":4},"end":{"line":60,"column":null}},"type":"if","locations":[{"start":{"line":58,"column":4},"end":{"line":60,"column":null}},{"start":{},"end":{}}],"line":58}},"s":{"0":10,"1":10,"2":10,"3":10526,"4":2,"5":10524,"6":31566,"7":10,"8":10510,"9":5,"10":5,"11":5,"12":10505,"13":10505,"14":13,"15":13,"16":13,"17":10,"18":16,"19":2,"20":2,"21":2,"22":14,"23":16,"24":16,"25":3,"26":3,"27":3,"28":3,"29":10,"30":9,"31":9,"32":1,"33":1,"34":1},"f":{"0":10526,"1":31566,"2":10510,"3":16,"4":9,"5":1},"b":{"0":[2,10524],"1":[10526,10526,10525],"2":[5,10505],"3":[5,0],"4":[13,0],"5":[2,14],"6":[2,0],"7":[14,9],"8":[3,0],"9":[1,0]},"meta":{"lastBranch":10,"lastFunction":6,"lastStatement":35,"seen":{"s:1:62:1:Infinity":0,"s:4:27:8:Infinity":1,"s:10:27:13:Infinity":2,"f:10:27:10:28":0,"b:11:2:11:Infinity:undefined:undefined:undefined:undefined":0,"s:11:2:11:Infinity":3,"b:11:6:11:21:11:21:11:35:11:35:11:54":1,"s:11:54:11:Infinity":4,"s:12:2:12:Infinity":5,"f:12:34:12:45":1,"s:12:45:12:62":6,"s:15:24:31:Infinity":7,"f:15:24:15:25":2,"b:16:2:21:Infinity:undefined:undefined:undefined:undefined":2,"s:16:2:21:Infinity":8,"b:17:4:19:Infinity:undefined:undefined:undefined:undefined":3,"s:17:4:19:Infinity":9,"s:18:6:18:Infinity":10,"s:20:4:20:Infinity":11,"s:23:2:30:Infinity":12,"s:24:4:24:Infinity":13,"b:26:4:28:Infinity:undefined:undefined:undefined:undefined":4,"s:26:4:28:Infinity":14,"s:27:6:27:Infinity":15,"s:29:4:29:Infinity":16,"s:33:23:52:Infinity":17,"f:33:23:33:24":3,"b:34:2:39:Infinity:undefined:undefined:undefined:undefined":5,"s:34:2:39:Infinity":18,"b:35:4:37:Infinity:undefined:undefined:undefined:undefined":6,"s:35:4:37:Infinity":19,"s:36:6:36:Infinity":20,"s:38:4:38:Infinity":21,"s:41:13:41:Infinity":22,"b:41:13:41:32:41:32:41:Infinity":7,"s:42:2:51:Infinity":23,"s:43:4:43:Infinity":24,"b:45:4:47:Infinity:undefined:undefined:undefined:undefined":8,"s:45:4:47:Infinity":25,"s:46:6:46:Infinity":26,"s:49:4:49:Infinity":27,"s:50:4:50:Infinity":28,"s:54:19:63:Infinity":29,"f:54:19:54:20":4,"s:55:2:62:Infinity":30,"s:56:4:56:Infinity":31,"b:58:4:60:Infinity:undefined:undefined:undefined:undefined":9,"s:58:4:60:Infinity":32,"s:59:6:59:Infinity":33,"s:61:4:61:Infinity":34,"f:61:11:61:17":5}}}
,"/home/rush/Projects/pocket-vue/src/index.ts": {"path":"/home/rush/Projects/pocket-vue/src/index.ts","statementMap":{"0":{"start":{"line":7,"column":25},"end":{"line":12,"column":null}},"1":{"start":{"line":8,"column":12},"end":{"line":8,"column":null}},"2":{"start":{"line":9,"column":2},"end":{"line":11,"column":null}},"3":{"start":{"line":10,"column":4},"end":{"line":10,"column":null}},"4":{"start":{"line":14,"column":0},"end":{"line":14,"column":null}}},"fnMap":{"0":{"name":"(anonymous_0)","decl":{"start":{"line":7,"column":25},"end":{"line":7,"column":31}},"loc":{"start":{"line":7,"column":31},"end":{"line":12,"column":null}},"line":7}},"branchMap":{"0":{"loc":{"start":{"line":9,"column":2},"end":{"line":11,"column":null}},"type":"if","locations":[{"start":{"line":9,"column":2},"end":{"line":11,"column":null}},{"start":{},"end":{}}],"line":9}},"s":{"0":2,"1":4,"2":4,"3":1,"4":2},"f":{"0":4},"b":{"0":[1,3]},"meta":{"lastBranch":1,"lastFunction":1,"lastStatement":5,"seen":{"s:7:25:12:Infinity":0,"f:7:25:7:31":0,"s:8:12:8:Infinity":1,"b:9:2:11:Infinity:undefined:undefined:undefined:undefined":0,"s:9:2:11:Infinity":2,"s:10:4:10:Infinity":3,"s:14:0:14:Infinity":4}}}
,"/home/rush/Projects/pocket-vue/src/metadata.ts": {"path":"/home/rush/Projects/pocket-vue/src/metadata.ts","statementMap":{"0":{"start":{"line":29,"column":31},"end":{"line":29,"column":null}},"1":{"start":{"line":35,"column":19},"end":{"line":35,"column":null}},"2":{"start":{"line":36,"column":4},"end":{"line":39,"column":null}},"3":{"start":{"line":37,"column":8},"end":{"line":37,"column":null}},"4":{"start":{"line":38,"column":8},"end":{"line":38,"column":null}},"5":{"start":{"line":40,"column":4},"end":{"line":40,"column":null}},"6":{"start":{"line":51,"column":21},"end":{"line":51,"column":null}},"7":{"start":{"line":52,"column":4},"end":{"line":52,"column":null}},"8":{"start":{"line":59,"column":4},"end":{"line":59,"column":null}}},"fnMap":{"0":{"name":"getElementMetadata","decl":{"start":{"line":34,"column":16},"end":{"line":34,"column":35}},"loc":{"start":{"line":34,"column":65},"end":{"line":41,"column":null}},"line":34},"1":{"name":"setElementMetadata","decl":{"start":{"line":46,"column":16},"end":{"line":46,"column":null}},"loc":{"start":{"line":50,"column":8},"end":{"line":53,"column":null}},"line":50},"2":{"name":"clearElementMetadata","decl":{"start":{"line":58,"column":16},"end":{"line":58,"column":37}},"loc":{"start":{"line":58,"column":56},"end":{"line":60,"column":null}},"line":58}},"branchMap":{"0":{"loc":{"start":{"line":36,"column":4},"end":{"line":39,"column":null}},"type":"if","locations":[{"start":{"line":36,"column":4},"end":{"line":39,"column":null}},{"start":{},"end":{}}],"line":36}},"s":{"0":9,"1":9,"2":9,"3":4,"4":4,"5":9,"6":0,"7":0,"8":0},"f":{"0":9,"1":0,"2":0},"b":{"0":[4,5]},"meta":{"lastBranch":1,"lastFunction":3,"lastStatement":9,"seen":{"s:29:31:29:Infinity":0,"f:34:16:34:35":0,"s:35:19:35:Infinity":1,"b:36:4:39:Infinity:undefined:undefined:undefined:undefined":0,"s:36:4:39:Infinity":2,"s:37:8:37:Infinity":3,"s:38:8:38:Infinity":4,"s:40:4:40:Infinity":5,"f:46:16:46:Infinity":1,"s:51:21:51:Infinity":6,"s:52:4:52:Infinity":7,"f:58:16:58:37":2,"s:59:4:59:Infinity":8}}}
,"/home/rush/Projects/pocket-vue/src/scheduler.ts": {"path":"/home/rush/Projects/pocket-vue/src/scheduler.ts","statementMap":{"0":{"start":{"line":1,"column":13},"end":{"line":1,"column":null}},"1":{"start":{"line":2,"column":26},"end":{"line":2,"column":null}},"2":{"start":{"line":4,"column":24},"end":{"line":10,"column":null}},"3":{"start":{"line":5,"column":2},"end":{"line":5,"column":null}},"4":{"start":{"line":5,"column":28},"end":{"line":5,"column":null}},"5":{"start":{"line":6,"column":2},"end":{"line":9,"column":null}},"6":{"start":{"line":7,"column":4},"end":{"line":7,"column":null}},"7":{"start":{"line":8,"column":4},"end":{"line":8,"column":null}},"8":{"start":{"line":12,"column":24},"end":{"line":14,"column":null}},"9":{"start":{"line":13,"column":2},"end":{"line":13,"column":null}},"10":{"start":{"line":13,"column":30},"end":{"line":13,"column":36}},"11":{"start":{"line":16,"column":18},"end":{"line":22,"column":null}},"12":{"start":{"line":17,"column":2},"end":{"line":19,"column":null}},"13":{"start":{"line":18,"column":4},"end":{"line":18,"column":null}},"14":{"start":{"line":20,"column":2},"end":{"line":20,"column":null}},"15":{"start":{"line":21,"column":2},"end":{"line":21,"column":null}}},"fnMap":{"0":{"name":"(anonymous_0)","decl":{"start":{"line":4,"column":24},"end":{"line":4,"column":25}},"loc":{"start":{"line":4,"column":43},"end":{"line":10,"column":null}},"line":4},"1":{"name":"(anonymous_1)","decl":{"start":{"line":12,"column":24},"end":{"line":12,"column":25}},"loc":{"start":{"line":12,"column":45},"end":{"line":14,"column":null}},"line":12},"2":{"name":"(anonymous_2)","decl":{"start":{"line":13,"column":24},"end":{"line":13,"column":30}},"loc":{"start":{"line":13,"column":30},"end":{"line":13,"column":36}},"line":13},"3":{"name":"(anonymous_3)","decl":{"start":{"line":16,"column":18},"end":{"line":16,"column":24}},"loc":{"start":{"line":16,"column":24},"end":{"line":22,"column":null}},"line":16}},"branchMap":{"0":{"loc":{"start":{"line":5,"column":2},"end":{"line":5,"column":null}},"type":"if","locations":[{"start":{"line":5,"column":2},"end":{"line":5,"column":null}},{"start":{},"end":{}}],"line":5},"1":{"loc":{"start":{"line":6,"column":2},"end":{"line":9,"column":null}},"type":"if","locations":[{"start":{"line":6,"column":2},"end":{"line":9,"column":null}},{"start":{},"end":{}}],"line":6}},"s":{"0":10,"1":10,"2":10,"3":1101,"4":95,"5":1101,"6":68,"7":68,"8":10,"9":80,"10":80,"11":10,"12":68,"13":95,"14":68,"15":68},"f":{"0":1101,"1":80,"2":80,"3":68},"b":{"0":[95,1006],"1":[68,1033]},"meta":{"lastBranch":2,"lastFunction":4,"lastStatement":16,"seen":{"s:1:13:1:Infinity":0,"s:2:26:2:Infinity":1,"s:4:24:10:Infinity":2,"f:4:24:4:25":0,"b:5:2:5:Infinity:undefined:undefined:undefined:undefined":0,"s:5:2:5:Infinity":3,"s:5:28:5:Infinity":4,"b:6:2:9:Infinity:undefined:undefined:undefined:undefined":1,"s:6:2:9:Infinity":5,"s:7:4:7:Infinity":6,"s:8:4:8:Infinity":7,"s:12:24:14:Infinity":8,"f:12:24:12:25":1,"s:13:2:13:Infinity":9,"f:13:24:13:30":2,"s:13:30:13:36":10,"s:16:18:22:Infinity":11,"f:16:18:16:24":3,"s:17:2:19:Infinity":12,"s:18:4:18:Infinity":13,"s:20:2:20:Infinity":14,"s:21:2:21:Infinity":15}}}
,"/home/rush/Projects/pocket-vue/src/types.ts": {"path":"/home/rush/Projects/pocket-vue/src/types.ts","statementMap":{},"fnMap":{},"branchMap":{},"s":{},"f":{},"b":{},"meta":{"lastBranch":0,"lastFunction":0,"lastStatement":0,"seen":{}}}
,"/home/rush/Projects/pocket-vue/src/utils.ts": {"path":"/home/rush/Projects/pocket-vue/src/utils.ts","statementMap":{"0":{"start":{"line":5,"column":71},"end":{"line":9,"column":null}},"1":{"start":{"line":6,"column":14},"end":{"line":6,"column":null}},"2":{"start":{"line":7,"column":2},"end":{"line":7,"column":null}},"3":{"start":{"line":7,"column":19},"end":{"line":7,"column":null}},"4":{"start":{"line":8,"column":2},"end":{"line":8,"column":null}},"5":{"start":{"line":15,"column":22},"end":{"line":22,"column":null}},"6":{"start":{"line":21,"column":2},"end":{"line":21,"column":null}},"7":{"start":{"line":32,"column":34},"end":{"line":50,"column":null}},"8":{"start":{"line":60,"column":24},"end":{"line":102,"column":null}},"9":{"start":{"line":66,"column":4},"end":{"line":68,"column":null}},"10":{"start":{"line":67,"column":6},"end":{"line":67,"column":null}},"11":{"start":{"line":76,"column":4},"end":{"line":84,"column":null}},"12":{"start":{"line":77,"column":6},"end":{"line":77,"column":null}},"13":{"start":{"line":78,"column":6},"end":{"line":78,"column":null}},"14":{"start":{"line":80,"column":6},"end":{"line":82,"column":null}},"15":{"start":{"line":81,"column":8},"end":{"line":81,"column":null}},"16":{"start":{"line":83,"column":6},"end":{"line":83,"column":null}},"17":{"start":{"line":92,"column":4},"end":{"line":100,"column":null}},"18":{"start":{"line":93,"column":6},"end":{"line":93,"column":null}},"19":{"start":{"line":94,"column":6},"end":{"line":94,"column":null}},"20":{"start":{"line":96,"column":6},"end":{"line":98,"column":null}},"21":{"start":{"line":97,"column":8},"end":{"line":97,"column":null}},"22":{"start":{"line":99,"column":6},"end":{"line":99,"column":null}},"23":{"start":{"line":111,"column":27},"end":{"line":112,"column":null}},"24":{"start":{"line":112,"column":2},"end":{"line":112,"column":null}},"25":{"start":{"line":117,"column":31},"end":{"line":118,"column":null}},"26":{"start":{"line":118,"column":2},"end":{"line":118,"column":null}},"27":{"start":{"line":123,"column":33},"end":{"line":124,"column":null}},"28":{"start":{"line":124,"column":2},"end":{"line":124,"column":null}}},"fnMap":{"0":{"name":"(anonymous_0)","decl":{"start":{"line":5,"column":71},"end":{"line":5,"column":null}},"loc":{"start":{"line":5,"column":71},"end":{"line":9,"column":null}},"line":5},"1":{"name":"(anonymous_1)","decl":{"start":{"line":15,"column":22},"end":{"line":15,"column":null}},"loc":{"start":{"line":20,"column":5},"end":{"line":22,"column":null}},"line":20},"2":{"name":"(anonymous_2)","decl":{"start":{"line":65,"column":17},"end":{"line":65,"column":18}},"loc":{"start":{"line":65,"column":84},"end":{"line":69,"column":null}},"line":65},"3":{"name":"(anonymous_3)","decl":{"start":{"line":66,"column":34},"end":{"line":66,"column":35}},"loc":{"start":{"line":66,"column":52},"end":{"line":68,"column":5}},"line":66},"4":{"name":"(anonymous_4)","decl":{"start":{"line":75,"column":16},"end":{"line":75,"column":17}},"loc":{"start":{"line":75,"column":86},"end":{"line":85,"column":null}},"line":75},"5":{"name":"(anonymous_5)","decl":{"start":{"line":91,"column":14},"end":{"line":91,"column":15}},"loc":{"start":{"line":91,"column":39},"end":{"line":101,"column":null}},"line":91},"6":{"name":"(anonymous_6)","decl":{"start":{"line":111,"column":27},"end":{"line":111,"column":28}},"loc":{"start":{"line":112,"column":2},"end":{"line":112,"column":null}},"line":112},"7":{"name":"(anonymous_7)","decl":{"start":{"line":117,"column":31},"end":{"line":117,"column":32}},"loc":{"start":{"line":118,"column":2},"end":{"line":118,"column":null}},"line":118},"8":{"name":"(anonymous_8)","decl":{"start":{"line":123,"column":33},"end":{"line":123,"column":34}},"loc":{"start":{"line":124,"column":2},"end":{"line":124,"column":null}},"line":124}},"branchMap":{"0":{"loc":{"start":{"line":7,"column":2},"end":{"line":7,"column":null}},"type":"if","locations":[{"start":{"line":7,"column":2},"end":{"line":7,"column":null}},{"start":{},"end":{}}],"line":7},"1":{"loc":{"start":{"line":67,"column":6},"end":{"line":67,"column":null}},"type":"cond-expr","locations":[{"start":{"line":67,"column":22},"end":{"line":67,"column":52}},{"start":{"line":67,"column":52},"end":{"line":67,"column":null}}],"line":67},"2":{"loc":{"start":{"line":80,"column":6},"end":{"line":82,"column":null}},"type":"if","locations":[{"start":{"line":80,"column":6},"end":{"line":82,"column":null}},{"start":{},"end":{}}],"line":80},"3":{"loc":{"start":{"line":96,"column":6},"end":{"line":98,"column":null}},"type":"if","locations":[{"start":{"line":96,"column":6},"end":{"line":98,"column":null}},{"start":{},"end":{}}],"line":96},"4":{"loc":{"start":{"line":112,"column":2},"end":{"line":112,"column":null}},"type":"binary-expr","locations":[{"start":{"line":112,"column":2},"end":{"line":112,"column":28}},{"start":{"line":112,"column":28},"end":{"line":112,"column":null}}],"line":112},"5":{"loc":{"start":{"line":118,"column":2},"end":{"line":118,"column":null}},"type":"binary-expr","locations":[{"start":{"line":118,"column":2},"end":{"line":118,"column":29}},{"start":{"line":118,"column":29},"end":{"line":118,"column":null}}],"line":118},"6":{"loc":{"start":{"line":124,"column":2},"end":{"line":124,"column":null}},"type":"binary-expr","locations":[{"start":{"line":124,"column":2},"end":{"line":124,"column":31}},{"start":{"line":124,"column":31},"end":{"line":124,"column":null}}],"line":124}},"s":{"0":10,"1":62687,"2":62687,"3":61,"4":62687,"5":10,"6":95,"7":10,"8":10,"9":0,"10":0,"11":0,"12":0,"13":0,"14":0,"15":0,"16":0,"17":0,"18":0,"19":0,"20":0,"21":0,"22":0,"23":10,"24":0,"25":10,"26":0,"27":10,"28":0},"f":{"0":62687,"1":95,"2":0,"3":0,"4":0,"5":0,"6":0,"7":0,"8":0},"b":{"0":[61,62626],"1":[0,0],"2":[0,0],"3":[0,0],"4":[0,0],"5":[0,0],"6":[0,0]},"meta":{"lastBranch":7,"lastFunction":9,"lastStatement":29,"seen":{"s:5:71:9:Infinity":0,"f:5:71:5:Infinity":0,"s:6:14:6:Infinity":1,"b:7:2:7:Infinity:undefined:undefined:undefined:undefined":0,"s:7:2:7:Infinity":2,"s:7:19:7:Infinity":3,"s:8:2:8:Infinity":4,"s:15:22:22:Infinity":5,"f:15:22:15:Infinity":1,"s:21:2:21:Infinity":6,"s:32:34:50:Infinity":7,"s:60:24:102:Infinity":8,"f:65:17:65:18":2,"s:66:4:68:Infinity":9,"f:66:34:66:35":3,"s:67:6:67:Infinity":10,"b:67:22:67:52:67:52:67:Infinity":1,"f:75:16:75:17":4,"s:76:4:84:Infinity":11,"s:77:6:77:Infinity":12,"s:78:6:78:Infinity":13,"b:80:6:82:Infinity:undefined:undefined:undefined:undefined":2,"s:80:6:82:Infinity":14,"s:81:8:81:Infinity":15,"s:83:6:83:Infinity":16,"f:91:14:91:15":5,"s:92:4:100:Infinity":17,"s:93:6:93:Infinity":18,"s:94:6:94:Infinity":19,"b:96:6:98:Infinity:undefined:undefined:undefined:undefined":3,"s:96:6:98:Infinity":20,"s:97:8:97:Infinity":21,"s:99:6:99:Infinity":22,"s:111:27:112:Infinity":23,"f:111:27:111:28":6,"s:112:2:112:Infinity":24,"b:112:2:112:28:112:28:112:Infinity":4,"s:117:31:118:Infinity":25,"f:117:31:117:32":7,"s:118:2:118:Infinity":26,"b:118:2:118:29:118:29:118:Infinity":5,"s:123:33:124:Infinity":27,"f:123:33:123:34":8,"s:124:2:124:Infinity":28,"b:124:2:124:31:124:31:124:Infinity":6}}}
,"/home/rush/Projects/pocket-vue/src/walk.ts": {"path":"/home/rush/Projects/pocket-vue/src/walk.ts","statementMap":{"0":{"start":{"line":13,"column":14},"end":{"line":13,"column":null}},"1":{"start":{"line":14,"column":19},"end":{"line":14,"column":null}},"2":{"start":{"line":16,"column":20},"end":{"line":16,"column":null}},"3":{"start":{"line":18,"column":20},"end":{"line":112,"column":null}},"4":{"start":{"line":19,"column":20},"end":{"line":19,"column":null}},"5":{"start":{"line":20,"column":15},"end":{"line":20,"column":null}},"6":{"start":{"line":21,"column":2},"end":{"line":111,"column":null}},"7":{"start":{"line":23,"column":15},"end":{"line":23,"column":null}},"8":{"start":{"line":24,"column":4},"end":{"line":26,"column":null}},"9":{"start":{"line":25,"column":6},"end":{"line":25,"column":null}},"10":{"start":{"line":28,"column":4},"end":{"line":28,"column":null}},"11":{"start":{"line":33,"column":4},"end":{"line":35,"column":null}},"12":{"start":{"line":34,"column":6},"end":{"line":34,"column":null}},"13":{"start":{"line":38,"column":4},"end":{"line":40,"column":null}},"14":{"start":{"line":39,"column":6},"end":{"line":39,"column":null}},"15":{"start":{"line":43,"column":4},"end":{"line":50,"column":null}},"16":{"start":{"line":44,"column":20},"end":{"line":44,"column":null}},"17":{"start":{"line":45,"column":6},"end":{"line":45,"column":null}},"18":{"start":{"line":46,"column":6},"end":{"line":46,"column":null}},"19":{"start":{"line":47,"column":6},"end":{"line":49,"column":null}},"20":{"start":{"line":48,"column":8},"end":{"line":48,"column":null}},"21":{"start":{"line":53,"column":21},"end":{"line":53,"column":null}},"22":{"start":{"line":54,"column":4},"end":{"line":56,"column":null}},"23":{"start":{"line":55,"column":6},"end":{"line":55,"column":null}},"24":{"start":{"line":59,"column":4},"end":{"line":64,"column":null}},"25":{"start":{"line":60,"column":6},"end":{"line":62,"column":null}},"26":{"start":{"line":61,"column":8},"end":{"line":61,"column":null}},"27":{"start":{"line":63,"column":6},"end":{"line":63,"column":null}},"28":{"start":{"line":67,"column":4},"end":{"line":67,"column":null}},"29":{"start":{"line":70,"column":41},"end":{"line":70,"column":null}},"30":{"start":{"line":71,"column":4},"end":{"line":83,"column":null}},"31":{"start":{"line":72,"column":6},"end":{"line":82,"column":null}},"32":{"start":{"line":73,"column":8},"end":{"line":81,"column":null}},"33":{"start":{"line":76,"column":10},"end":{"line":76,"column":null}},"34":{"start":{"line":77,"column":8},"end":{"line":81,"column":null}},"35":{"start":{"line":78,"column":10},"end":{"line":78,"column":null}},"36":{"start":{"line":80,"column":10},"end":{"line":80,"column":null}},"37":{"start":{"line":84,"column":4},"end":{"line":86,"column":null}},"38":{"start":{"line":85,"column":6},"end":{"line":85,"column":null}},"39":{"start":{"line":88,"column":4},"end":{"line":90,"column":null}},"40":{"start":{"line":89,"column":6},"end":{"line":89,"column":null}},"41":{"start":{"line":91,"column":2},"end":{"line":111,"column":null}},"42":{"start":{"line":93,"column":18},"end":{"line":93,"column":null}},"43":{"start":{"line":94,"column":4},"end":{"line":108,"column":null}},"44":{"start":{"line":95,"column":31},"end":{"line":95,"column":null}},"45":{"start":{"line":96,"column":22},"end":{"line":96,"column":null}},"46":{"start":{"line":98,"column":6},"end":{"line":103,"column":null}},"47":{"start":{"line":99,"column":24},"end":{"line":99,"column":null}},"48":{"start":{"line":100,"column":8},"end":{"line":100,"column":null}},"49":{"start":{"line":100,"column":21},"end":{"line":100,"column":null}},"50":{"start":{"line":101,"column":8},"end":{"line":101,"column":null}},"51":{"start":{"line":102,"column":8},"end":{"line":102,"column":null}},"52":{"start":{"line":104,"column":6},"end":{"line":106,"column":null}},"53":{"start":{"line":105,"column":8},"end":{"line":105,"column":null}},"54":{"start":{"line":107,"column":6},"end":{"line":107,"column":null}},"55":{"start":{"line":109,"column":2},"end":{"line":111,"column":null}},"56":{"start":{"line":110,"column":4},"end":{"line":110,"column":null}},"57":{"start":{"line":114,"column":21},"end":{"line":119,"column":null}},"58":{"start":{"line":115,"column":14},"end":{"line":115,"column":null}},"59":{"start":{"line":116,"column":2},"end":{"line":118,"column":null}},"60":{"start":{"line":117,"column":4},"end":{"line":117,"column":null}},"61":{"start":{"line":121,"column":25},"end":{"line":156,"column":null}},"62":{"start":{"line":132,"column":2},"end":{"line":135,"column":null}},"63":{"start":{"line":133,"column":4},"end":{"line":133,"column":null}},"64":{"start":{"line":134,"column":4},"end":{"line":134,"column":null}},"65":{"start":{"line":137,"column":2},"end":{"line":148,"column":null}},"66":{"start":{"line":138,"column":4},"end":{"line":138,"column":null}},"67":{"start":{"line":139,"column":4},"end":{"line":139,"column":null}},"68":{"start":{"line":140,"column":2},"end":{"line":148,"column":null}},"69":{"start":{"line":141,"column":4},"end":{"line":141,"column":null}},"70":{"start":{"line":142,"column":4},"end":{"line":142,"column":null}},"71":{"start":{"line":144,"column":21},"end":{"line":144,"column":null}},"72":{"start":{"line":145,"column":20},"end":{"line":145,"column":null}},"73":{"start":{"line":146,"column":4},"end":{"line":146,"column":null}},"74":{"start":{"line":147,"column":4},"end":{"line":147,"column":null}},"75":{"start":{"line":149,"column":2},"end":{"line":155,"column":null}},"76":{"start":{"line":150,"column":4},"end":{"line":150,"column":null}},"77":{"start":{"line":150,"column":39},"end":{"line":150,"column":null}},"78":{"start":{"line":151,"column":4},"end":{"line":151,"column":null}},"79":{"start":{"line":152,"column":4},"end":{"line":152,"column":null}},"80":{"start":{"line":153,"column":2},"end":{"line":155,"column":null}},"81":{"start":{"line":154,"column":4},"end":{"line":154,"column":null}},"82":{"start":{"line":158,"column":23},"end":{"line":179,"column":null}},"83":{"start":{"line":166,"column":14},"end":{"line":166,"column":null}},"84":{"start":{"line":166,"column":27},"end":{"line":166,"column":null}},"85":{"start":{"line":167,"column":18},"end":{"line":175,"column":null}},"86":{"start":{"line":176,"column":2},"end":{"line":178,"column":null}},"87":{"start":{"line":177,"column":4},"end":{"line":177,"column":null}},"88":{"start":{"line":181,"column":24},"end":{"line":195,"column":null}},"89":{"start":{"line":182,"column":2},"end":{"line":193,"column":null}},"90":{"start":{"line":183,"column":23},"end":{"line":183,"column":null}},"91":{"start":{"line":184,"column":4},"end":{"line":188,"column":null}},"92":{"start":{"line":185,"column":6},"end":{"line":187,"column":null}},"93":{"start":{"line":189,"column":4},"end":{"line":191,"column":null}},"94":{"start":{"line":190,"column":6},"end":{"line":190,"column":null}},"95":{"start":{"line":192,"column":4},"end":{"line":192,"column":null}},"96":{"start":{"line":194,"column":2},"end":{"line":194,"column":null}}},"fnMap":{"0":{"name":"(anonymous_0)","decl":{"start":{"line":18,"column":20},"end":{"line":18,"column":21}},"loc":{"start":{"line":18,"column":75},"end":{"line":112,"column":null}},"line":18},"1":{"name":"(anonymous_1)","decl":{"start":{"line":114,"column":21},"end":{"line":114,"column":22}},"loc":{"start":{"line":114,"column":73},"end":{"line":119,"column":null}},"line":114},"2":{"name":"(anonymous_2)","decl":{"start":{"line":121,"column":25},"end":{"line":121,"column":null}},"loc":{"start":{"line":126,"column":5},"end":{"line":156,"column":null}},"line":126},"3":{"name":"(anonymous_3)","decl":{"start":{"line":132,"column":32},"end":{"line":132,"column":33}},"loc":{"start":{"line":132,"column":42},"end":{"line":135,"column":3}},"line":132},"4":{"name":"(anonymous_4)","decl":{"start":{"line":158,"column":23},"end":{"line":158,"column":null}},"loc":{"start":{"line":165,"column":5},"end":{"line":179,"column":null}},"line":165},"5":{"name":"(anonymous_5)","decl":{"start":{"line":166,"column":14},"end":{"line":166,"column":15}},"loc":{"start":{"line":166,"column":27},"end":{"line":166,"column":null}},"line":166},"6":{"name":"(anonymous_6)","decl":{"start":{"line":181,"column":24},"end":{"line":181,"column":25}},"loc":{"start":{"line":181,"column":59},"end":{"line":195,"column":null}},"line":181}},"branchMap":{"0":{"loc":{"start":{"line":21,"column":2},"end":{"line":111,"column":null}},"type":"if","locations":[{"start":{"line":21,"column":2},"end":{"line":111,"column":null}},{"start":{"line":91,"column":2},"end":{"line":111,"column":null}}],"line":21},"1":{"loc":{"start":{"line":24,"column":4},"end":{"line":26,"column":null}},"type":"if","locations":[{"start":{"line":24,"column":4},"end":{"line":26,"column":null}},{"start":{},"end":{}}],"line":24},"2":{"loc":{"start":{"line":33,"column":4},"end":{"line":35,"column":null}},"type":"if","locations":[{"start":{"line":33,"column":4},"end":{"line":35,"column":null}},{"start":{},"end":{}}],"line":33},"3":{"loc":{"start":{"line":38,"column":4},"end":{"line":40,"column":null}},"type":"if","locations":[{"start":{"line":38,"column":4},"end":{"line":40,"column":null}},{"start":{},"end":{}}],"line":38},"4":{"loc":{"start":{"line":43,"column":4},"end":{"line":50,"column":null}},"type":"if","locations":[{"start":{"line":43,"column":4},"end":{"line":50,"column":null}},{"start":{},"end":{}}],"line":43},"5":{"loc":{"start":{"line":44,"column":20},"end":{"line":44,"column":null}},"type":"cond-expr","locations":[{"start":{"line":44,"column":26},"end":{"line":44,"column":57}},{"start":{"line":44,"column":57},"end":{"line":44,"column":null}}],"line":44},"6":{"loc":{"start":{"line":47,"column":6},"end":{"line":49,"column":null}},"type":"if","locations":[{"start":{"line":47,"column":6},"end":{"line":49,"column":null}},{"start":{},"end":{}}],"line":47},"7":{"loc":{"start":{"line":54,"column":4},"end":{"line":56,"column":null}},"type":"if","locations":[{"start":{"line":54,"column":4},"end":{"line":56,"column":null}},{"start":{},"end":{}}],"line":54},"8":{"loc":{"start":{"line":59,"column":4},"end":{"line":64,"column":null}},"type":"if","locations":[{"start":{"line":59,"column":4},"end":{"line":64,"column":null}},{"start":{},"end":{}}],"line":59},"9":{"loc":{"start":{"line":60,"column":6},"end":{"line":62,"column":null}},"type":"if","locations":[{"start":{"line":60,"column":6},"end":{"line":62,"column":null}},{"start":{},"end":{}}],"line":60},"10":{"loc":{"start":{"line":72,"column":6},"end":{"line":82,"column":null}},"type":"if","locations":[{"start":{"line":72,"column":6},"end":{"line":82,"column":null}},{"start":{},"end":{}}],"line":72},"11":{"loc":{"start":{"line":72,"column":10},"end":{"line":72,"column":50}},"type":"binary-expr","locations":[{"start":{"line":72,"column":10},"end":{"line":72,"column":30}},{"start":{"line":72,"column":30},"end":{"line":72,"column":50}}],"line":72},"12":{"loc":{"start":{"line":73,"column":8},"end":{"line":81,"column":null}},"type":"if","locations":[{"start":{"line":73,"column":8},"end":{"line":81,"column":null}},{"start":{"line":77,"column":8},"end":{"line":81,"column":null}}],"line":73},"13":{"loc":{"start":{"line":77,"column":8},"end":{"line":81,"column":null}},"type":"if","locations":[{"start":{"line":77,"column":8},"end":{"line":81,"column":null}},{"start":{"line":79,"column":15},"end":{"line":81,"column":null}}],"line":77},"14":{"loc":{"start":{"line":77,"column":19},"end":{"line":77,"column":60}},"type":"binary-expr","locations":[{"start":{"line":77,"column":19},"end":{"line":77,"column":38}},{"start":{"line":77,"column":38},"end":{"line":77,"column":60}}],"line":77},"15":{"loc":{"start":{"line":88,"column":4},"end":{"line":90,"column":null}},"type":"if","locations":[{"start":{"line":88,"column":4},"end":{"line":90,"column":null}},{"start":{},"end":{}}],"line":88},"16":{"loc":{"start":{"line":91,"column":2},"end":{"line":111,"column":null}},"type":"if","locations":[{"start":{"line":91,"column":2},"end":{"line":111,"column":null}},{"start":{"line":109,"column":2},"end":{"line":111,"column":null}}],"line":91},"17":{"loc":{"start":{"line":94,"column":4},"end":{"line":108,"column":null}},"type":"if","locations":[{"start":{"line":94,"column":4},"end":{"line":108,"column":null}},{"start":{},"end":{}}],"line":94},"18":{"loc":{"start":{"line":100,"column":8},"end":{"line":100,"column":null}},"type":"if","locations":[{"start":{"line":100,"column":8},"end":{"line":100,"column":null}},{"start":{},"end":{}}],"line":100},"19":{"loc":{"start":{"line":104,"column":6},"end":{"line":106,"column":null}},"type":"if","locations":[{"start":{"line":104,"column":6},"end":{"line":106,"column":null}},{"start":{},"end":{}}],"line":104},"20":{"loc":{"start":{"line":109,"column":2},"end":{"line":111,"column":null}},"type":"if","locations":[{"start":{"line":109,"column":2},"end":{"line":111,"column":null}},{"start":{},"end":{}}],"line":109},"21":{"loc":{"start":{"line":117,"column":12},"end":{"line":117,"column":null}},"type":"binary-expr","locations":[{"start":{"line":117,"column":12},"end":{"line":117,"column":32}},{"start":{"line":117,"column":32},"end":{"line":117,"column":null}}],"line":117},"22":{"loc":{"start":{"line":137,"column":2},"end":{"line":148,"column":null}},"type":"if","locations":[{"start":{"line":137,"column":2},"end":{"line":148,"column":null}},{"start":{"line":140,"column":2},"end":{"line":148,"column":null}}],"line":137},"23":{"loc":{"start":{"line":140,"column":2},"end":{"line":148,"column":null}},"type":"if","locations":[{"start":{"line":140,"column":2},"end":{"line":148,"column":null}},{"start":{"line":143,"column":9},"end":{"line":148,"column":null}}],"line":140},"24":{"loc":{"start":{"line":145,"column":20},"end":{"line":145,"column":null}},"type":"cond-expr","locations":[{"start":{"line":145,"column":35},"end":{"line":145,"column":60}},{"start":{"line":145,"column":60},"end":{"line":145,"column":null}}],"line":145},"25":{"loc":{"start":{"line":146,"column":10},"end":{"line":146,"column":null}},"type":"binary-expr","locations":[{"start":{"line":146,"column":10},"end":{"line":146,"column":40}},{"start":{"line":146,"column":40},"end":{"line":146,"column":null}}],"line":146},"26":{"loc":{"start":{"line":147,"column":10},"end":{"line":147,"column":null}},"type":"cond-expr","locations":[{"start":{"line":147,"column":25},"end":{"line":147,"column":51}},{"start":{"line":147,"column":51},"end":{"line":147,"column":null}}],"line":147},"27":{"loc":{"start":{"line":149,"column":2},"end":{"line":155,"column":null}},"type":"if","locations":[{"start":{"line":149,"column":2},"end":{"line":155,"column":null}},{"start":{"line":153,"column":2},"end":{"line":155,"column":null}}],"line":149},"28":{"loc":{"start":{"line":150,"column":4},"end":{"line":150,"column":null}},"type":"if","locations":[{"start":{"line":150,"column":4},"end":{"line":150,"column":null}},{"start":{},"end":{}}],"line":150},"29":{"loc":{"start":{"line":150,"column":8},"end":{"line":150,"column":39}},"type":"binary-expr","locations":[{"start":{"line":150,"column":8},"end":{"line":150,"column":24}},{"start":{"line":150,"column":24},"end":{"line":150,"column":39}}],"line":150},"30":{"loc":{"start":{"line":153,"column":2},"end":{"line":155,"column":null}},"type":"if","locations":[{"start":{"line":153,"column":2},"end":{"line":155,"column":null}},{"start":{},"end":{}}],"line":153},"31":{"loc":{"start":{"line":166,"column":15},"end":{"line":166,"column":27}},"type":"default-arg","locations":[{"start":{"line":166,"column":19},"end":{"line":166,"column":27}}],"line":166},"32":{"loc":{"start":{"line":173,"column":8},"end":{"line":173,"column":null}},"type":"binary-expr","locations":[{"start":{"line":173,"column":8},"end":{"line":173,"column":29}},{"start":{"line":173,"column":29},"end":{"line":173,"column":null}}],"line":173},"33":{"loc":{"start":{"line":174,"column":8},"end":{"line":174,"column":null}},"type":"binary-expr","locations":[{"start":{"line":174,"column":8},"end":{"line":174,"column":21}},{"start":{"line":174,"column":21},"end":{"line":174,"column":null}}],"line":174},"34":{"loc":{"start":{"line":176,"column":2},"end":{"line":178,"column":null}},"type":"if","locations":[{"start":{"line":176,"column":2},"end":{"line":178,"column":null}},{"start":{},"end":{}}],"line":176},"35":{"loc":{"start":{"line":182,"column":2},"end":{"line":193,"column":null}},"type":"if","locations":[{"start":{"line":182,"column":2},"end":{"line":193,"column":null}},{"start":{},"end":{}}],"line":182},"36":{"loc":{"start":{"line":184,"column":4},"end":{"line":188,"column":null}},"type":"if","locations":[{"start":{"line":184,"column":4},"end":{"line":188,"column":null}},{"start":{},"end":{}}],"line":184},"37":{"loc":{"start":{"line":184,"column":8},"end":{"line":184,"column":44}},"type":"binary-expr","locations":[{"start":{"line":184,"column":8},"end":{"line":184,"column":31}},{"start":{"line":184,"column":31},"end":{"line":184,"column":44}}],"line":184},"38":{"loc":{"start":{"line":189,"column":4},"end":{"line":191,"column":null}},"type":"if","locations":[{"start":{"line":189,"column":4},"end":{"line":191,"column":null}},{"start":{},"end":{}}],"line":189}},"s":{"0":9,"1":9,"2":9,"3":9,"4":20779,"5":20779,"6":20779,"7":10466,"8":10466,"9":1,"10":10465,"11":10465,"12":7,"13":10458,"14":28,"15":10430,"16":17,"17":17,"18":17,"19":17,"20":3,"21":10430,"22":10430,"23":1,"24":10430,"25":3,"26":2,"27":3,"28":10430,"29":10430,"30":10430,"31":197,"32":95,"33":27,"34":68,"35":11,"36":57,"37":10430,"38":38,"39":10430,"40":1,"41":10313,"42":10308,"43":10308,"44":10101,"45":10101,"46":10101,"47":10123,"48":10123,"49":57,"50":10123,"51":10123,"52":10101,"53":37,"54":10101,"55":5,"56":5,"57":9,"58":10435,"59":10435,"60":10548,"61":9,"62":95,"63":9,"64":9,"65":95,"66":26,"67":26,"68":69,"69":10,"70":10,"71":59,"72":59,"73":59,"74":59,"75":95,"76":94,"77":1,"78":94,"79":94,"80":1,"81":1,"82":9,"83":10200,"84":10323,"85":10200,"86":10200,"87":11,"88":9,"89":3,"90":2,"91":2,"92":1,"93":2,"94":1,"95":2,"96":1},"f":{"0":20779,"1":10435,"2":95,"3":9,"4":10200,"5":10323,"6":3},"b":{"0":[10466,10313],"1":[1,10465],"2":[7,10458],"3":[28,10430],"4":[17,10413],"5":[7,10],"6":[3,14],"7":[1,10429],"8":[3,10427],"9":[2,1],"10":[95,102],"11":[197,95],"12":[27,68],"13":[11,57],"14":[68,58],"15":[1,10429],"16":[10308,5],"17":[10101,207],"18":[57,10066],"19":[37,10064],"20":[5,0],"21":[10548,10530],"22":[26,69],"23":[10,59],"24":[4,55],"25":[59,2],"26":[4,55],"27":[94,1],"28":[1,93],"29":[94,32],"30":[1,0],"31":[10323],"32":[10200,40],"33":[10200,9],"34":[11,10189],"35":[2,1],"36":[1,1],"37":[2,2],"38":[1,1]},"meta":{"lastBranch":39,"lastFunction":7,"lastStatement":97,"seen":{"s:13:14:13:Infinity":0,"s:14:19:14:Infinity":1,"s:16:20:16:Infinity":2,"s:18:20:112:Infinity":3,"f:18:20:18:21":0,"s:19:20:19:Infinity":4,"s:20:15:20:Infinity":5,"b:21:2:111:Infinity:91:2:111:Infinity":0,"s:21:2:111:Infinity":6,"s:23:15:23:Infinity":7,"b:24:4:26:Infinity:undefined:undefined:undefined:undefined":1,"s:24:4:26:Infinity":8,"s:25:6:25:Infinity":9,"s:28:4:28:Infinity":10,"b:33:4:35:Infinity:undefined:undefined:undefined:undefined":2,"s:33:4:35:Infinity":11,"s:34:6:34:Infinity":12,"b:38:4:40:Infinity:undefined:undefined:undefined:undefined":3,"s:38:4:40:Infinity":13,"s:39:6:39:Infinity":14,"b:43:4:50:Infinity:undefined:undefined:undefined:undefined":4,"s:43:4:50:Infinity":15,"s:44:20:44:Infinity":16,"b:44:26:44:57:44:57:44:Infinity":5,"s:45:6:45:Infinity":17,"s:46:6:46:Infinity":18,"b:47:6:49:Infinity:undefined:undefined:undefined:undefined":6,"s:47:6:49:Infinity":19,"s:48:8:48:Infinity":20,"s:53:21:53:Infinity":21,"b:54:4:56:Infinity:undefined:undefined:undefined:undefined":7,"s:54:4:56:Infinity":22,"s:55:6:55:Infinity":23,"b:59:4:64:Infinity:undefined:undefined:undefined:undefined":8,"s:59:4:64:Infinity":24,"b:60:6:62:Infinity:undefined:undefined:undefined:undefined":9,"s:60:6:62:Infinity":25,"s:61:8:61:Infinity":26,"s:63:6:63:Infinity":27,"s:67:4:67:Infinity":28,"s:70:41:70:Infinity":29,"s:71:4:83:Infinity":30,"b:72:6:82:Infinity:undefined:undefined:undefined:undefined":10,"s:72:6:82:Infinity":31,"b:72:10:72:30:72:30:72:50":11,"b:73:8:81:Infinity:77:8:81:Infinity":12,"s:73:8:81:Infinity":32,"s:76:10:76:Infinity":33,"b:77:8:81:Infinity:79:15:81:Infinity":13,"s:77:8:81:Infinity":34,"b:77:19:77:38:77:38:77:60":14,"s:78:10:78:Infinity":35,"s:80:10:80:Infinity":36,"s:84:4:86:Infinity":37,"s:85:6:85:Infinity":38,"b:88:4:90:Infinity:undefined:undefined:undefined:undefined":15,"s:88:4:90:Infinity":39,"s:89:6:89:Infinity":40,"b:91:2:111:Infinity:109:2:111:Infinity":16,"s:91:2:111:Infinity":41,"s:93:18:93:Infinity":42,"b:94:4:108:Infinity:undefined:undefined:undefined:undefined":17,"s:94:4:108:Infinity":43,"s:95:31:95:Infinity":44,"s:96:22:96:Infinity":45,"s:98:6:103:Infinity":46,"s:99:24:99:Infinity":47,"b:100:8:100:Infinity:undefined:undefined:undefined:undefined":18,"s:100:8:100:Infinity":48,"s:100:21:100:Infinity":49,"s:101:8:101:Infinity":50,"s:102:8:102:Infinity":51,"b:104:6:106:Infinity:undefined:undefined:undefined:undefined":19,"s:104:6:106:Infinity":52,"s:105:8:105:Infinity":53,"s:107:6:107:Infinity":54,"b:109:2:111:Infinity:undefined:undefined:undefined:undefined":20,"s:109:2:111:Infinity":55,"s:110:4:110:Infinity":56,"s:114:21:119:Infinity":57,"f:114:21:114:22":1,"s:115:14:115:Infinity":58,"s:116:2:118:Infinity":59,"s:117:4:117:Infinity":60,"b:117:12:117:32:117:32:117:Infinity":21,"s:121:25:156:Infinity":61,"f:121:25:121:Infinity":2,"s:132:2:135:Infinity":62,"f:132:32:132:33":3,"s:133:4:133:Infinity":63,"s:134:4:134:Infinity":64,"b:137:2:148:Infinity:140:2:148:Infinity":22,"s:137:2:148:Infinity":65,"s:138:4:138:Infinity":66,"s:139:4:139:Infinity":67,"b:140:2:148:Infinity:143:9:148:Infinity":23,"s:140:2:148:Infinity":68,"s:141:4:141:Infinity":69,"s:142:4:142:Infinity":70,"s:144:21:144:Infinity":71,"s:145:20:145:Infinity":72,"b:145:35:145:60:145:60:145:Infinity":24,"s:146:4:146:Infinity":73,"b:146:10:146:40:146:40:146:Infinity":25,"s:147:4:147:Infinity":74,"b:147:25:147:51:147:51:147:Infinity":26,"b:149:2:155:Infinity:153:2:155:Infinity":27,"s:149:2:155:Infinity":75,"b:150:4:150:Infinity:undefined:undefined:undefined:undefined":28,"s:150:4:150:Infinity":76,"b:150:8:150:24:150:24:150:39":29,"s:150:39:150:Infinity":77,"s:151:4:151:Infinity":78,"s:152:4:152:Infinity":79,"b:153:2:155:Infinity:undefined:undefined:undefined:undefined":30,"s:153:2:155:Infinity":80,"s:154:4:154:Infinity":81,"s:158:23:179:Infinity":82,"f:158:23:158:Infinity":4,"s:166:14:166:Infinity":83,"f:166:14:166:15":5,"s:166:27:166:Infinity":84,"b:166:19:166:27":31,"s:167:18:175:Infinity":85,"b:173:8:173:29:173:29:173:Infinity":32,"b:174:8:174:21:174:21:174:Infinity":33,"b:176:2:178:Infinity:undefined:undefined:undefined:undefined":34,"s:176:2:178:Infinity":86,"s:177:4:177:Infinity":87,"s:181:24:195:Infinity":88,"f:181:24:181:25":6,"b:182:2:193:Infinity:undefined:undefined:undefined:undefined":35,"s:182:2:193:Infinity":89,"s:183:23:183:Infinity":90,"b:184:4:188:Infinity:undefined:undefined:undefined:undefined":36,"s:184:4:188:Infinity":91,"b:184:8:184:31:184:31:184:44":37,"s:185:6:187:Infinity":92,"b:189:4:191:Infinity:undefined:undefined:undefined:undefined":38,"s:189:4:191:Infinity":93,"s:190:6:190:Infinity":94,"s:192:4:192:Infinity":95,"s:194:2:194:Infinity":96}}}
[...]
column":2},"end":{"line":38,"column":null}},"17":{"start":{"line":34,"column":4},"end":{"line":36,"column":null}},"18":{"start":{"line":35,"column":6},"end":{"line":35,"column":null}},"19":{"start":{"line":37,"column":4},"end":{"line":37,"column":null}},"20":{"start":{"line":40,"column":16},"end":{"line":42,"column":null}},"21":{"start":{"line":45,"column":2},"end":{"line":49,"column":null}},"22":{"start":{"line":46,"column":4},"end":{"line":48,"column":null}},"23":{"start":{"line":50,"column":2},"end":{"line":55,"column":null}},"24":{"start":{"line":51,"column":4},"end":{"line":51,"column":null}},"25":{"start":{"line":52,"column":4},"end":{"line":52,"column":null}},"26":{"start":{"line":53,"column":2},"end":{"line":55,"column":null}},"27":{"start":{"line":54,"column":4},"end":{"line":54,"column":null}},"28":{"start":{"line":54,"column":17},"end":{"line":54,"column":null}},"29":{"start":{"line":57,"column":2},"end":{"line":77,"column":null}},"30":{"start":{"line":59,"column":4},"end":{"line":62,"column":null}},"31":{"start":{"line":60,"column":6},"end":{"line":60,"column":null}},"32":{"start":{"line":60,"column":27},"end":{"line":60,"column":null}},"33":{"start":{"line":61,"column":6},"end":{"line":61,"column":null}},"34":{"start":{"line":61,"column":28},"end":{"line":61,"column":null}},"35":{"start":{"line":64,"column":16},"end":{"line":64,"column":null}},"36":{"start":{"line":65,"column":4},"end":{"line":76,"column":null}},"37":{"start":{"line":66,"column":6},"end":{"line":68,"column":null}},"38":{"start":{"line":67,"column":8},"end":{"line":67,"column":null}},"39":{"start":{"line":69,"column":6},"end":{"line":74,"column":null}},"40":{"start":{"line":70,"column":22},"end":{"line":70,"column":null}},"41":{"start":{"line":71,"column":8},"end":{"line":73,"column":null}},"42":{"start":{"line":72,"column":10},"end":{"line":72,"column":null}},"43":{"start":{"line":75,"column":6},"end":{"line":75,"column":null}},"44":{"start":{"line":79,"column":2},"end":{"line":79,"column":null}}},"fnMap":{"0":{"name":"(anonymous_0)","decl":{"start":{"line":18,"column":8},"end":{"line":18,"column":9}},"loc":{"start":{"line":18,"column":15},"end":{"line":18,"column":null}},"line":18},"1":{"name":"(anonymous_1)","decl":{"start":{"line":19,"column":11},"end":{"line":19,"column":12}},"loc":{"start":{"line":19,"column":18},"end":{"line":19,"column":null}},"line":19},"2":{"name":"(anonymous_2)","decl":{"start":{"line":20,"column":8},"end":{"line":20,"column":9}},"loc":{"start":{"line":20,"column":15},"end":{"line":20,"column":null}},"line":20},"3":{"name":"(anonymous_3)","decl":{"start":{"line":21,"column":8},"end":{"line":21,"column":9}},"loc":{"start":{"line":21,"column":15},"end":{"line":21,"column":null}},"line":21},"4":{"name":"(anonymous_4)","decl":{"start":{"line":22,"column":9},"end":{"line":22,"column":10}},"loc":{"start":{"line":22,"column":16},"end":{"line":22,"column":null}},"line":22},"5":{"name":"(anonymous_5)","decl":{"start":{"line":23,"column":7},"end":{"line":23,"column":8}},"loc":{"start":{"line":23,"column":14},"end":{"line":23,"column":null}},"line":23},"6":{"name":"(anonymous_6)","decl":{"start":{"line":24,"column":8},"end":{"line":24,"column":9}},"loc":{"start":{"line":24,"column":15},"end":{"line":24,"column":null}},"line":24},"7":{"name":"(anonymous_7)","decl":{"start":{"line":25,"column":8},"end":{"line":25,"column":9}},"loc":{"start":{"line":25,"column":15},"end":{"line":25,"column":null}},"line":25},"8":{"name":"(anonymous_8)","decl":{"start":{"line":26,"column":10},"end":{"line":26,"column":11}},"loc":{"start":{"line":26,"column":17},"end":{"line":26,"column":null}},"line":26},"9":{"name":"(anonymous_9)","decl":{"start":{"line":27,"column":9},"end":{"line":27,"column":10}},"loc":{"start":{"line":27,"column":16},"end":{"line":27,"column":null}},"line":27},"10":{"name":"(anonymous_10)","decl":{"start":{"line":28,"column":9},"end":{"line":28,"column":10}},"loc":{"start":{"line":29,"column":4},"end":{"line":29,"column":null}},"line":29},"11":{"name":"(anonymous_11)","decl":{"start":{"line":29,"column":25},"end":{"line":29,"column":26}},"loc":{"start":{"line":29,"column":33},"end":{"line":29,"column":70}},"line":29},"12":{"name":"(anonymous_12)","decl":{"start":{"line":32,"column":29},"end":{"line":32,"column":30}},"loc":{"start":{"line":32,"column":67},"end":{"line":80,"column":null}},"line":32},"13":{"name":"(anonymous_13)","decl":{"start":{"line":54,"column":11},"end":{"line":54,"column":17}},"loc":{"start":{"line":54,"column":17},"end":{"line":54,"column":null}},"line":54},"14":{"name":"(anonymous_14)","decl":{"start":{"line":65,"column":14},"end":{"line":65,"column":15}},"loc":{"start":{"line":65,"column":28},"end":{"line":76,"column":null}},"line":65}},"branchMap":{"0":{"loc":{"start":{"line":25,"column":15},"end":{"line":25,"column":null}},"type":"binary-expr","locations":[{"start":{"line":25,"column":15},"end":{"line":25,"column":33}},{"start":{"line":25,"column":33},"end":{"line":25,"column":null}}],"line":25},"1":{"loc":{"start":{"line":26,"column":17},"end":{"line":26,"column":null}},"type":"binary-expr","locations":[{"start":{"line":26,"column":17},"end":{"line":26,"column":35}},{"start":{"line":26,"column":35},"end":{"line":26,"column":null}}],"line":26},"2":{"loc":{"start":{"line":27,"column":16},"end":{"line":27,"column":null}},"type":"binary-expr","locations":[{"start":{"line":27,"column":16},"end":{"line":27,"column":34}},{"start":{"line":27,"column":34},"end":{"line":27,"column":null}}],"line":27},"3":{"loc":{"start":{"line":29,"column":33},"end":{"line":29,"column":70}},"type":"binary-expr","locations":[{"start":{"line":29,"column":33},"end":{"line":29,"column":57}},{"start":{"line":29,"column":57},"end":{"line":29,"column":70}}],"line":29},"4":{"loc":{"start":{"line":33,"column":2},"end":{"line":38,"column":null}},"type":"if","locations":[{"start":{"line":33,"column":2},"end":{"line":38,"column":null}},{"start":{},"end":{}}],"line":33},"5":{"loc":{"start":{"line":34,"column":4},"end":{"line":36,"column":null}},"type":"if","locations":[{"start":{"line":34,"column":4},"end":{"line":36,"column":null}},{"start":{},"end":{}}],"line":34},"6":{"loc":{"start":{"line":40,"column":16},"end":{"line":42,"column":null}},"type":"cond-expr","locations":[{"start":{"line":41,"column":6},"end":{"line":41,"column":null}},{"start":{"line":42,"column":6},"end":{"line":42,"column":null}}],"line":40},"7":{"loc":{"start":{"line":45,"column":2},"end":{"line":49,"column":null}},"type":"if","locations":[{"start":{"line":45,"column":2},"end":{"line":49,"column":null}},{"start":{},"end":{}}],"line":45},"8":{"loc":{"start":{"line":45,"column":6},"end":{"line":45,"column":73}},"type":"binary-expr","locations":[{"start":{"line":45,"column":6},"end":{"line":45,"column":30}},{"start":{"line":45,"column":30},"end":{"line":45,"column":51}},{"start":{"line":45,"column":51},"end":{"line":45,"column":73}}],"line":45},"9":{"loc":{"start":{"line":50,"column":2},"end":{"line":55,"column":null}},"type":"if","locations":[{"start":{"line":50,"column":2},"end":{"line":55,"column":null}},{"start":{"line":53,"column":2},"end":{"line":55,"column":null}}],"line":50},"10":{"loc":{"start":{"line":53,"column":2},"end":{"line":55,"column":null}},"type":"if","locations":[{"start":{"line":53,"column":2},"end":{"line":55,"column":null}},{"start":{},"end":{}}],"line":53},"11":{"loc":{"start":{"line":57,"column":2},"end":{"line":77,"column":null}},"type":"if","locations":[{"start":{"line":57,"column":2},"end":{"line":77,"column":null}},{"start":{},"end":{}}],"line":57},"12":{"loc":{"start":{"line":59,"column":4},"end":{"line":62,"column":null}},"type":"if","locations":[{"start":{"line":59,"column":4},"end":{"line":62,"column":null}},{"start":{},"end":{}}],"line":59},"13":{"loc":{"start":{"line":60,"column":6},"end":{"line":60,"column":null}},"type":"if","locations":[{"start":{"line":60,"column":6},"end":{"line":60,"column":null}},{"start":{},"end":{}}],"line":60},"14":{"loc":{"start":{"line":61,"column":6},"end":{"line":61,"column":null}},"type":"if","locations":[{"start":{"line":61,"column":6},"end":{"line":61,"column":null}},{"start":{},"end":{}}],"line":61},"15":{"loc":{"start":{"line":66,"column":6},"end":{"line":68,"column":null}},"type":"if","locations":[{"start":{"line":66,"column":6},"end":{"line":68,"column":null}},{"start":{},"end":{}}],"line":66},"16":{"loc":{"start":{"line":66,"column":10},"end":{"line":66,"column":77}},"type":"binary-expr","locations":[{"start":{"line":66,"column":10},"end":{"line":66,"column":24}},{"start":{"line":66,"column":24},"end":{"line":66,"column":77}}],"line":66},"17":{"loc":{"start":{"line":71,"column":8},"end":{"line":73,"column":null}},"type":"if","locations":[{"start":{"line":71,"column":8},"end":{"line":73,"column":null}},{"start":{},"end":{}}],"line":71}},"s":{"0":9,"1":9,"2":9,"3":1,"4":2,"5":2,"6":2,"7":2,"8":2,"9":2,"10":2,"11":2,"12":2,"13":2,"14":5,"15":9,"16":33,"17":2,"18":2,"19":2,"20":31,"21":33,"22":2,"23":31,"24":1,"25":1,"26":30,"27":1,"28":1,"29":29,"30":15,"31":14,"32":2,"33":14,"34":2,"35":15,"36":15,"37":23,"38":1,"39":22,"40":22,"41":22,"42":7,"43":15,"44":29},"f":{"0":1,"1":2,"2":2,"3":2,"4":2,"5":2,"6":2,"7":2,"8":2,"9":2,"10":2,"11":5,"12":33,"13":1,"14":23},"b":{"0":[2,2],"1":[2,1],"2":[2,1],"3":[5,1],"4":[2,31],"5":[2,0],"6":[29,2],"7":[2,31],"8":[33,31,30],"9":[1,30],"10":[1,29],"11":[15,14],"12":[14,1],"13":[2,12],"14":[2,12],"15":[1,22],"16":[23,2],"17":[7,15]},"meta":{"lastBranch":18,"lastFunction":15,"lastStatement":45,"seen":{"s:8:2:8:Infinity":0,"s:10:24:10:Infinity":1,"s:17:4:30:Infinity":2,"f:18:8:18:9":0,"s:18:15:18:Infinity":3,"f:19:11:19:12":1,"s:19:18:19:Infinity":4,"f:20:8:20:9":2,"s:20:15:20:Infinity":5,"f:21:8:21:9":3,"s:21:15:21:Infinity":6,"f:22:9:22:10":4,"s:22:16:22:Infinity":7,"f:23:7:23:8":5,"s:23:14:23:Infinity":8,"f:24:8:24:9":6,"s:24:15:24:Infinity":9,"f:25:8:25:9":7,"s:25:15:25:Infinity":10,"b:25:15:25:33:25:33:25:Infinity":0,"f:26:10:26:11":8,"s:26:17:26:Infinity":11,"b:26:17:26:35:26:35:26:Infinity":1,"f:27:9:27:10":9,"s:27:16:27:Infinity":12,"b:27:16:27:34:27:34:27:Infinity":2,"f:28:9:28:10":10,"s:29:4:29:Infinity":13,"f:29:25:29:26":11,"s:29:33:29:70":14,"b:29:33:29:57:29:57:29:70":3,"s:32:29:80:Infinity":15,"f:32:29:32:30":12,"b:33:2:38:Infinity:undefined:undefined:undefined:undefined":4,"s:33:2:38:Infinity":16,"b:34:4:36:Infinity:undefined:undefined:undefined:undefined":5,"s:34:4:36:Infinity":17,"s:35:6:35:Infinity":18,"s:37:4:37:Infinity":19,"s:40:16:42:Infinity":20,"b:41:6:41:Infinity:42:6:42:Infinity":6,"b:45:2:49:Infinity:undefined:undefined:undefined:undefined":7,"s:45:2:49:Infinity":21,"b:45:6:45:30:45:30:45:51:45:51:45:73":8,"s:46:4:48:Infinity":22,"b:50:2:55:Infinity:53:2:55:Infinity":9,"s:50:2:55:Infinity":23,"s:51:4:51:Infinity":24,"s:52:4:52:Infinity":25,"b:53:2:55:Infinity:undefined:undefined:undefined:undefined":10,"s:53:2:55:Infinity":26,"s:54:4:54:Infinity":27,"f:54:11:54:17":13,"s:54:17:54:Infinity":28,"b:57:2:77:Infinity:undefined:undefined:undefined:undefined":11,"s:57:2:77:Infinity":29,"b:59:4:62:Infinity:undefined:undefined:undefined:undefined":12,"s:59:4:62:Infinity":30,"b:60:6:60:Infinity:undefined:undefined:undefined:undefined":13,"s:60:6:60:Infinity":31,"s:60:27:60:Infinity":32,"b:61:6:61:Infinity:undefined:undefined:undefined:undefined":14,"s:61:6:61:Infinity":33,"s:61:28:61:Infinity":34,"s:64:16:64:Infinity":35,"s:65:4:76:Infinity":36,"f:65:14:65:15":14,"b:66:6:68:Infinity:undefined:undefined:undefined:undefined":15,"s:66:6:68:Infinity":37,"b:66:10:66:24:66:24:66:77":16,"s:67:8:67:Infinity":38,"s:69:6:74:Infinity":39,"s:70:22:70:Infinity":40,"b:71:8:73:Infinity:undefined:undefined:undefined:undefined":17,"s:71:8:73:Infinity":41,"s:72:10:72:Infinity":42,"s:75:6:75:Infinity":43,"s:79:2:79:Infinity":44}}}
,"/home/rush/Projects/pocket-vue/src/directives/ref.ts": {"path":"/home/rush/Projects/pocket-vue/src/directives/ref.ts","statementMap":{"0":{"start":{"line":3,"column":30},"end":{"line":28,"column":null}},"1":{"start":{"line":13,"column":2},"end":{"line":24,"column":null}},"2":{"start":{"line":14,"column":14},"end":{"line":14,"column":null}},"3":{"start":{"line":16,"column":4},"end":{"line":18,"column":null}},"4":{"start":{"line":17,"column":6},"end":{"line":17,"column":null}},"5":{"start":{"line":19,"column":4},"end":{"line":19,"column":null}},"6":{"start":{"line":20,"column":4},"end":{"line":22,"column":null}},"7":{"start":{"line":21,"column":6},"end":{"line":21,"column":null}},"8":{"start":{"line":23,"column":4},"end":{"line":23,"column":null}},"9":{"start":{"line":25,"column":2},"end":{"line":27,"column":null}},"10":{"start":{"line":26,"column":4},"end":{"line":26,"column":null}}},"fnMap":{"0":{"name":"(anonymous_0)","decl":{"start":{"line":3,"column":30},"end":{"line":3,"column":31}},"loc":{"start":{"line":11,"column":6},"end":{"line":28,"column":null}},"line":11},"1":{"name":"(anonymous_1)","decl":{"start":{"line":13,"column":9},"end":{"line":13,"column":15}},"loc":{"start":{"line":13,"column":15},"end":{"line":24,"column":3}},"line":13},"2":{"name":"(anonymous_2)","decl":{"start":{"line":25,"column":9},"end":{"line":25,"column":15}},"loc":{"start":{"line":25,"column":15},"end":{"line":27,"column":null}},"line":25}},"branchMap":{"0":{"loc":{"start":{"line":16,"column":4},"end":{"line":18,"column":null}},"type":"if","locations":[{"start":{"line":16,"column":4},"end":{"line":18,"column":null}},{"start":{},"end":{}}],"line":16},"1":{"loc":{"start":{"line":16,"column":8},"end":{"line":16,"column":79}},"type":"binary-expr","locations":[{"start":{"line":16,"column":8},"end":{"line":16,"column":29}},{"start":{"line":16,"column":29},"end":{"line":16,"column":36}},{"start":{"line":16,"column":36},"end":{"line":16,"column":59}},{"start":{"line":16,"column":59},"end":{"line":16,"column":79}}],"line":16},"2":{"loc":{"start":{"line":20,"column":4},"end":{"line":22,"column":null}},"type":"if","locations":[{"start":{"line":20,"column":4},"end":{"line":22,"column":null}},{"start":{},"end":{}}],"line":20},"3":{"loc":{"start":{"line":20,"column":8},"end":{"line":20,"column":36}},"type":"binary-expr","locations":[{"start":{"line":20,"column":8},"end":{"line":20,"column":19}},{"start":{"line":20,"column":19},"end":{"line":20,"column":36}}],"line":20},"4":{"loc":{"start":{"line":26,"column":4},"end":{"line":26,"column":null}},"type":"binary-expr","locations":[{"start":{"line":26,"column":4},"end":{"line":26,"column":15}},{"start":{"line":26,"column":15},"end":{"line":26,"column":null}}],"line":26}},"s":{"0":9,"1":10,"2":12,"3":12,"4":8,"5":12,"6":12,"7":2,"8":12,"9":10,"10":1},"f":{"0":10,"1":12,"2":1},"b":{"0":[8,4],"1":[12,8,8,8],"2":[2,10],"3":[12,2],"4":[1,1]},"meta":{"lastBranch":5,"lastFunction":3,"lastStatement":11,"seen":{"s:3:30:28:Infinity":0,"f:3:30:3:31":0,"s:13:2:24:Infinity":1,"f:13:9:13:15":1,"s:14:14:14:Infinity":2,"b:16:4:18:Infinity:undefined:undefined:undefined:undefined":0,"s:16:4:18:Infinity":3,"b:16:8:16:29:16:29:16:36:16:36:16:59:16:59:16:79":1,"s:17:6:17:Infinity":4,"s:19:4:19:Infinity":5,"b:20:4:22:Infinity:undefined:undefined:undefined:undefined":2,"s:20:4:22:Infinity":6,"b:20:8:20:19:20:19:20:36":3,"s:21:6:21:Infinity":7,"s:23:4:23:Infinity":8,"s:25:2:27:Infinity":9,"f:25:9:25:15":2,"s:26:4:26:Infinity":10,"b:26:4:26:15:26:15:26:Infinity":4}}}
,"/home/rush/Projects/pocket-vue/src/directives/show.ts": {"path":"/home/rush/Projects/pocket-vue/src/directives/show.ts","statementMap":{"0":{"start":{"line":8,"column":44},"end":{"line":20,"column":null}},"1":{"start":{"line":11,"column":19},"end":{"line":11,"column":null}},"2":{"start":{"line":12,"column":2},"end":{"line":14,"column":null}},"3":{"start":{"line":13,"column":4},"end":{"line":13,"column":null}},"4":{"start":{"line":16,"column":2},"end":{"line":19,"column":null}},"5":{"start":{"line":17,"column":23},"end":{"line":17,"column":null}},"6":{"start":{"line":18,"column":4},"end":{"line":18,"column":null}}},"fnMap":{"0":{"name":"(anonymous_0)","decl":{"start":{"line":8,"column":44},"end":{"line":8,"column":45}},"loc":{"start":{"line":8,"column":69},"end":{"line":20,"column":null}},"line":8},"1":{"name":"(anonymous_1)","decl":{"start":{"line":16,"column":9},"end":{"line":16,"column":15}},"loc":{"start":{"line":16,"column":15},"end":{"line":19,"column":3}},"line":16}},"branchMap":{"0":{"loc":{"start":{"line":12,"column":2},"end":{"line":14,"column":null}},"type":"if","locations":[{"start":{"line":12,"column":2},"end":{"line":14,"column":null}},{"start":{},"end":{}}],"line":12},"1":{"loc":{"start":{"line":13,"column":31},"end":{"line":13,"column":null}},"type":"binary-expr","locations":[{"start":{"line":13,"column":31},"end":{"line":13,"column":51}},{"start":{"line":13,"column":51},"end":{"line":13,"column":null}}],"line":13},"2":{"loc":{"start":{"line":18,"column":23},"end":{"line":18,"column":null}},"type":"cond-expr","locations":[{"start":{"line":18,"column":36},"end":{"line":18,"column":64}},{"start":{"line":18,"column":64},"end":{"line":18,"column":null}}],"line":18}},"s":{"0":9,"1":2,"2":2,"3":2,"4":2,"5":3,"6":3},"f":{"0":2,"1":3},"b":{"0":[2,0],"1":[2,2],"2":[2,1]},"meta":{"lastBranch":3,"lastFunction":2,"lastStatement":7,"seen":{"s:8:44:20:Infinity":0,"f:8:44:8:45":0,"s:11:19:11:Infinity":1,"b:12:2:14:Infinity:undefined:undefined:undefined:undefined":0,"s:12:2:14:Infinity":2,"s:13:4:13:Infinity":3,"b:13:31:13:51:13:51:13:Infinity":1,"s:16:2:19:Infinity":4,"f:16:9:16:15":1,"s:17:23:17:Infinity":5,"s:18:4:18:Infinity":6,"b:18:36:18:64:18:64:18:Infinity":2}}}
,"/home/rush/Projects/pocket-vue/src/directives/text.ts": {"path":"/home/rush/Projects/pocket-vue/src/directives/text.ts","statementMap":{"0":{"start":{"line":4,"column":47},"end":{"line":8,"column":null}},"1":{"start":{"line":5,"column":2},"end":{"line":7,"column":null}},"2":{"start":{"line":6,"column":4},"end":{"line":6,"column":null}},"3":{"start":{"line":10,"column":31},"end":{"line":21,"column":null}},"4":{"start":{"line":11,"column":0},"end":{"line":21,"column":null}},"5":{"start":{"line":14,"column":0},"end":{"line":18,"column":null}},"6":{"start":{"line":15,"column":0},"end":{"line":15,"column":null}},"7":{"start":{"line":17,"column":0},"end":{"line":17,"column":null}}},"fnMap":{"0":{"name":"(anonymous_0)","decl":{"start":{"line":4,"column":47},"end":{"line":4,"column":48}},"loc":{"start":{"line":4,"column":72},"end":{"line":8,"column":null}},"line":4},"1":{"name":"(anonymous_1)","decl":{"start":{"line":5,"column":9},"end":{"line":5,"column":15}},"loc":{"start":{"line":5,"column":15},"end":{"line":7,"column":3}},"line":5},"2":{"name":"(anonymous_2)","decl":{"start":{"line":10,"column":31},"end":{"line":10,"column":32}},"loc":{"start":{"line":11,"column":0},"end":{"line":21,"column":null}},"line":11},"3":{"name":"(anonymous_3)","decl":{"start":{"line":13,"column":3},"end":{"line":13,"column":9}},"loc":{"start":{"line":13,"column":9},"end":{"line":19,"column":3}},"line":13}},"branchMap":{"0":{"loc":{"start":{"line":11,"column":0},"end":{"line":21,"column":null}},"type":"cond-expr","locations":[{"start":{"line":12,"column":2},"end":{"line":20,"column":null}},{"start":{"line":21,"column":2},"end":{"line":21,"column":null}}],"line":11},"1":{"loc":{"start":{"line":12,"column":2},"end":{"line":20,"column":null}},"type":"cond-expr","locations":[{"start":{"line":12,"column":16},"end":{"line":19,"column":null}},{"start":{"line":20,"column":2},"end":{"line":20,"column":null}}],"line":12}},"s":{"0":9,"1":10103,"2":10124,"3":9,"4":20235,"5":1,"6":1,"7":1},"f":{"0":10103,"1":10124,"2":20235,"3":1},"b":{"0":[20232,3],"1":[1,20231]},"meta":{"lastBranch":2,"lastFunction":4,"lastStatement":8,"seen":{"s:4:47:8:Infinity":0,"f:4:47:4:48":0,"s:5:2:7:Infinity":1,"f:5:9:5:15":1,"s:6:4:6:Infinity":2,"s:10:31:21:Infinity":3,"f:10:31:10:32":2,"s:11:0:21:Infinity":4,"b:12:2:20:Infinity:21:2:21:Infinity":0,"b:12:16:19:Infinity:20:2:20:Infinity":1,"f:13:3:13:9":3,"s:14:0:18:Infinity":5,"s:15:0:15:Infinity":6,"s:17:0:17:Infinity":7}}}
}
